1336
1965
196
1336
0
1116386
2761
5559
4855
11594
0
0
8716
0
0
80451
11685
4855
418442
1336
196
10287
0
1116386
2581
418442
1336
1336
0
0
0
8925
1336
80451
0
0
0
0
12898
0
0
8716
4855
4855
0
780681
196
0
1336
0
780681
196
780681
0
8716
0
0
23943
0
0
0
80451
0
4855
0
1116386
196
0
0
1336
0
0
0
0
8716
1336
2581
4855
2581
2581
2581
0
8716
8716
0
1336
8716
8716
0
8716
418442
8716
11685
2581
80451
0
196
0
2581
0
3256
0
80451
196
8716
0
0
0
0
780681
8716
0
0
4855
196
0
0
0
1336
1336
0
80451
196
0
11685
7015
1336
0
0
196
0
0
8716
0
4855
0
2581
2581
8716
1116386
11685
780681
8716
418442
4855
0
4855
0
0
24402
0
196
0
2581
8716
0
1336
4855
8716
1336
2581
3805
0
0
0
0
4855
2581
2581
1336
0
1336
0
8716
0
7317
0
0
196
18045
4855
0
2581
0
2581
8815
780681
4855
0
196
0
8252
0
418442
0
1116386
0
0
0
6083
4855
8716
2581
0
17689
0
0
0
0
4855
0
0
0
1336
0
393
4855
196
0
0
0
4855
0
0
0
0
196
0
196
0
8716
2581
0
2173
418442
780681
1116386
196
0
4855
2581
2581
2581
1336
4855
4855
4855
2581
418442
0
196
1735
11685
9716
8716
11685
8467
0
0
1116386
0
2581
2581
0
0
196
4855
0
12460
0
2581
1336
0
0
0
0
4855
1116386
780681
4855
16293
2266
0
80451
0
0
0
0
2581
8716
0
196
0
0
780681
0
791545
196
0
7107
0
196
80451
8716
4855
0
0
0
0
1336
4855
0
1336
0
4672
8716
0
18252
0
0
8716
0
8716
0
0
2581
0
2581
9572
2581
8928
4855
4393
0
196
0
0
1116386
3041
0
2991
80451
0
2581
1116386
6645
4855
2581
4855
1336
0
0
0
4855
0
14800
1116386
780681
0
196
4353
0
4855
0
2581
196
1116386
196
5430
780681
2581
0
1336
0
0
10093
8716
0
3282
11685
0
0
4855
2581
0
11685
4855
0
0
0
4855
4855
0
780681
4855
9085
196
0
8716
0
196
0
780681
0
4855
418442
196
0
8716
4855
2581
8716
0
1116386
0
0
4855
4855
196
780681
1336
0
8716
8716
1336
0
6896
0
8716
15458
0
0
0
8716
0
0
0
80451
0
8716
4848
1336
0
2581
196
0
0
80451
8716
0
0
80451
780681
2581
9211
0
8716
8716
196
2581
2581
196
2581
21699
418442
8716
0
0
0
4855
4855
0
26880
80451
8716
196
1336
0
0
0
0
0
8584
4855
0
1336
0
0
2581
0
0
0
2581
8716
2581
0
2581
0
2581
8716
0
2581
0
1336
780681
11685
0
9512
0
4855
0
1336
196
0
8716
8716
0
1336
780681
0
11685
0
0
0
80451
2581
4855
0
1116386
4855
2581
0
12460
4855
196
196
6806
2223
418442
8716
9280
0
2581
2581
8716
0
80451
196
1336
0
0
780681
11685
2581
0
80451
780681
0
0
4855
418442
4041
8716
4855
17964
0
780681
0
2581
0
0
196
8716
0
4855
2581
783262
8716
1336
196
196
0
0
4855
0
418442
0
0
4855
4855
8716
80451
80451
196
4871
0
1116386
196
0
196
1336
0
0
0
2581
0
0
2581
0
0
8095
15437
1116386
0
8716
14607
16099
6707
418442
14500
0
80451
1336
0
780681
0
0
4855
1336
11844
1336
8716
0
9960
1116647
0
418442
9728
12197
8716
7337
0
0
8716
0
0
0
8716
1116386
0
2581
0
12460
4855
0
780681
8716
12817
4855
2991
0
4855
0
196
1116386
6605
0
0
8716
0
0
1116386
11685
0
2581
0
8716
1336
14578
0
0
11685
4855
4855
4855
11685
8716
0
1336
0
2581
0
4871
196
4855
11685
9728
0
4855
1336
0
0
0
196
1336
0
0
0
2581
0
0
8716
0
0
0
0
0
0
4667
0
80451
780681
780681
0
1116386
13785
0
4855
9280
2581
2581
11685
0
0
0
0
8716
0
0
196
17964
0
0
1336
0
8716
0
12460
196
8716
5258
0
0
2581
4855
780681
1336
3048
0
4855
0
0
0
11685
0
8870
4855
0
8716
196
1116386
12316
780681
80451
196
3509
8716
0
0
196
0
0
14575
1336
11685
8716
2581
0
80451
1116386
0
2581
0
1116386
0
0
8716
8716
0
11685
780681
8716
2581
0
8716
8716
0
0
0
0
0
11685
2581
13691
0
2581
0
4855
2581
1336
418442
0
0
0
5689
1336
0
0
0
0
0
2581
0
196
0
0
0
0
8716
0
4855
0
4855
0
904
7156
0
418442
1336
0
4855
11685
0
0
2581
0
0
8252
11685
0
0
0
0
0
8716
0
8716
2581
80451
4855
0
4855
2895
4855
4855
1336
8478
0
0
0
2581
0
2581
0
8716
418442
2581
0
1116386
11685
0
0
1336
80451
1116386
196
1336
0
2581
0
196
196
0
196
0
196
0
8716
4894
0
4855
1336
1116386
1336
0
