0
0
1350
0
0
0
0
0
0
0
0
0
0
0
0
0
0
0
0
4901729
4899644
0
0
0
4122
4902106
0
0
0
2076
2076
0
0
1324
7822
4901059
0
0
0
0
0
4897922
6415
0
0
0
2076
0
0
0
0
0
0
5986
0
0
0
42
2076
0
0
5218
0
0
0
0
0
9764
1815
2076
0
9601
0
0
0
0
0
2076
0
0
0
4900370
0
0
0
0
0
6409
0
4898506
5839
0
0
0
5544
4904697
0
4900789
0
1843
0
0
0
2076
6000
2076
4903016
4899641
4899195
4897253
0
0
0
0
2076
2076
4897874
0
0
0
0
0
4904079
0
0
0
4904407
0
4898918
2076
0
0
2076
0
0
4511
0
0
0
0
0
0
0
0
0
0
0
0
0
8025
0
1962
0
4899949
4897890
0
0
0
0
0
0
0
0
0
0
0
0
0
0
0
2076
0
0
0
0
0
889
0
2076
2076
0
5402
0
4904229
1965
0
4901289
0
4895423
0
0
2076
0
0
0
0
9046
3890
0
4902702
0
0
0
0
0
0
0
0
0
0
0
0
0
0
0
0
1765
0
0
8826
4325
0
0
4900789
0
4903476
4897889
0
0
0
0
4895906
4899641
2076
0
0
0
0
4899085
6958
0
0
0
0
0
0
2076
2076
0
0
0
0
2238
0
0
0
0
0
4896705
0
0
2076
0
0
0
0
0
0
0
0
0
0
0
2076
0
0
0
0
0
0
0
2076
0
0
0
3598
0
0
0
0
9370
2076
0
4896453
0
4862
0
0
9564
5811
0
2076
0
4900130
0
0
0
2076
2076
0
0
2076
0
0
0
2076
2076
0
2076
0
0
5912
0
0
4897943
0
0
0
0
0
0
0
0
0
2076
0
0
0
0
0
0
0
0
0
0
0
2076
0
2076
0
4895800
0
0
2076
0
0
0
4896705
0
2076
0
0
0
0
0
0
0
0
0
0
0
0
413
0
0
8188
0
0
0
0
0
0
0
0
0
0
2076
0
0
0
7818
0
0
0
4904967
4896752
2076
0
0
0
2076
0
9058
0
0
2076
2076
0
2076
5685
0
0
0
0
0
0
0
0
0
0
4898130
4898437
0
0
0
0
0
4895691
0
0
0
8527
2281
4902040
0
0
0
0
0
0
2076
0
0
4896014
2076
0
4900545
4900447
2076
4903008
0
2076
0
0
0
0
6676
0
0
0
0
0
0
4900105
0
2076
0
2076
0
2076
4903340
4895533
0
0
0
2076
0
0
0
0
0
0
0
2513
4902724
0
4898206
0
0
4898362
7376
0
0
0
0
0
2076
0
0
0
0
2076
4903856
0
0
0
0
0
0
0
0
4899382
0
0
0
4896757
4898452
2076
0
0
2076
0
2076
0
0
0
0
0
4897679
0
2076
0
0
0
4895594
0
4900382
2076
0
0
0
0
0
0
0
1752
8020
0
0
4902358
0
0
0
2076
0
0
0
0
4899682
0
2076
2281
0
0
0
1052
0
0
0
0
0
9564
0
0
0
0
0
7438
4899534
0
0
4622
2076
0
4896757
0
3598
0
0
0
7199
4898783
6390
0
0
0
0
0
0
5124
0
0
4903384
0
5839
0
0
4472
0
4901105
0
2076
2076
0
2943
0
6670
2076
0
0
0
0
0
4897660
0
0
5825
0
8069
0
0
0
0
0
4897045
2076
2076
0
0
0
0
0
2076
0
4895562
0
0
0
0
0
0
0
0
4896738
9895
0
0
7675
4347
0
0
0
2076
7964
4899875
2076
8174
0
2076
2461
0
6132
0
7529
0
0
7529
0
6958
858
0
0
0
4899298
4904227
7293
0
4902353
0
4901932
0
0
0
0
0
4903476
430
0
0
0
0
0
4901145
0
0
0
0
0
0
0
0
2076
0
2076
0
4896120
0
0
0
4899855
0
7148
4904402
0
4895411
0
4897922
0
0
4903476
0
0
0
0
0
4902766
7724
2076
2076
0
2076
0
0
2076
0
0
4895755
0
0
0
0
0
0
0
0
0
0
2076
2076
0
0
0
0
0
0
0
0
0
0
2076
0
2185
0
0
0
0
0
0
0
2076
4902451
9784
0
0
7022
0
7453
4900363
0
0
0
0
0
4478
0
2076
0
2076
2076
0
0
0
0
2036
0
0
2076
4895963
8575
0
4897858
2076
2076
7942
0
0
0
0
0
0
4898506
0
0
0
0
4895773
0
0
2076
0
0
4899299
0
2076
0
0
8222
0
4895473
6000
0
0
0
4895941
4895983
2076
2076
0
4900115
0
2404
0
0
0
0
0
0
0
0
2835
2076
2076
2076
0
0
0
2076
0
0
4903988
6544
0
2076
4895650
0
0
0
0
0
0
0
0
0
0
0
0
4902213
0
0
0
4898810
2076
4900441
4900541
2076
0
2076
4895762
4897399
0
0
4896226
0
4901238
0
0
0
0
0
0
0
0
0
0
0
4895989
0
2076
0
2076
7080
0
2076
0
2088
0
0
0
4897949
0
0
2076
0
0
1568
0
0
0
0
0
0
0
0
4900900
0
0
0
0
0
0
0
0
7022
0
1827
