8936022
62531034
42121548
126405550
65789185
90959520
167338959
15649466
144924128
62603886
7469388
45888176
92756616
239395871
15112008
31451280
36453934
23696612
63355546
129889211
14616128
13144156
69396468
93646953
24982094
109560585
64903802
6572312
40848246
12090292
40385266
24069030
13370660
128116206
110504784
42909269
7716712
3649230
122146958
85963657
148190924
167833266
113424926
84750702
21373410
110544402
96490008
32757561
74965290
58766020
46462350
354121039
22455145
61487354
187243374
135894695
155803066
64156045
291519784
4943066
160175332
2821554
171872791
45571020
59727016
9044248
52428014
77864693
511964
62916264
152137035
10472860
1082830
13032690
89704418
7808172
676748
94723645
117863115
99563062
167151149
49282784
64819346
84628774
87854359
3299900
65855809
49657464
120343350
434736
534640
69074634
29285306
32657228
10743428
154583426
163951700
63929247
82434708
5164168
101860605
186933985
51631150
58021742
525916
201454381
114323306
99296183
3740082
226069090
14180738
71252064
120077840
35433728
44373175
112919801
38169967
146111375
10830864
24419544
352796413
912134
40424930
31857056
129992804
105930590
81787534
112978300
107576496
63604605
97741530
112343731
18615800
76227529
3139960
34908840
17157874
88521299
25080212
781898
44844892
50496555
86675234
52487660
92133972
5775166
14800377
75340760
7006516
139222465
68887535
96322097
88150944
55520242
137031482
154694978
28740680
105430606
72916578
29701561
177432577
12741572
230728317
137501405
137886165
41819316
692124
2662834
24491312
29289352
395356086
145258692
16943908
47982886
115629418
8085212
86946967
62949018
44670757
26496238
73664118
14386368
42437301
26432460
44786796
136274
3511066
146107597
147588522
11265456
370397156
31473652
104346960
98794723
160615893
142456241
61610488
39805488
67606924
90574167
79165192
123949178
119911095
157584730
76472973
69331818
251082498
51316074
82820554
68632904
426738
120743665
67279832
27475902
59455252
96158826
49511748
151996294
39762992
111957316
49255748
5101572
63589390
69419146
8620354
30912148
52044308
61360766
117112998
156376912
138363672
63681921
4306754
206534053
52789952
216620796
58784528
83030888
59157562
158708500
5932362
74222903
18443560
431240
121720896
251641658
21906374
174230827
142679530
140991092
49532514
194180123
45292986
50900122
97230362
32689730
89615489
3766392
68748714
14386596
63602796
157716322
140596809
85629555
59339717
34677784
20170952
22446842
8430614
155698179
36814820
72975508
29849874
28660194
1621214
147923747
51086998
11130454
98732044
327379540
61816510
163401224
15475195
43776293
168535297
56372744
224980610
286076704
11714136
103991170
118144230
39697720
38789716
83762493
54096144
69218185
109382650
204609738
70575112
161117549
78935072
84041699
135586471
84532596
95767863
60910039
68513326
31889672
5141318
20380238
790054
37938338
14601387
153440776
117097389
127724094
8954444
18007259
30577251
14927322
22295034
16498722
218576498
42680182
22938859
171036310
21468232
5893190
3308018
14496254
124475537
49884660
11289728
45116876
31172362
4316748
1783250
81070341
69449276
67833306
68165230
2754398
114088556
22150768
96870231
183725694
2334817
31081442
1082830
38696468
15608719
70601399
111748552
37679776
217221052
6314992
53229716
124666730
205218206
10368112
84046009
1717982
57026244
115561181
43450792
58338072
167735270
233196489
219287550
166493004
107523482
29883355
4391646
11036655
143485147
66812256
5212719
33945723
1578384
44314231
69429654
127375345
121083540
99618548
46250776
45823127
15388522
56705706
41024428
59169021
38883575
39478942
23535146
16415412
87985353
84148435
27536808
195738270
82584750
67957647
91054008
39876728
32587814
123987786
177496525
4500354
39226780
151048908
95437322
225856869
78278590
110038666
133637649
85760297
57462892
53902937
34112192
10673112
134834123
12644496
117321425
79029808
8724438
92217134
44752212
12549044
19647721
105507594
83324338
37147996
100407562
153892350
18102256
140573815
235729674
92054031
8444938
44833678
23570352
118495174
41707854
36637394
135840261
50178396
45229454
46223736
6542130
48218001
28550296
51409612
93039821
89516566
220514271
241716229
69259950
50234966
69162226
58081056
6325472
50192165
17516912
64053598
74014968
155763079
10254770
84246506
92569360
165813410
11531332
35625069
131394705
1874918
128314334
25029990
87102084
187812771
26289126
171168390
37009296
131591372
50173296
14973650
270956
30798602
190222123
48513865
64611251
65856664
70467158
169508427
55250756
6683274
50536784
118612600
285509754
30513108
1761140
91493450
21232182
1482472
39577186
29157372
73633852
141178478
15761000
181735216
8881296
104660789
50051886
14928064
82764704
40641339
163141743
125510952
66813008
49613428
16898131
41777055
1527324
258416496
5602132
41724758
145360502
322578
24125640
143803292
98816383
153958008
138658462
125733810
122355976
96695032
53818948
30554386
14617705
3262982
35033038
26760926
16767897
65135830
55674534
133417787
53909948
79417342
128757704
76801247
144805950
102003936
125762350
102351259
20074336
187897403
121535990
1200238
83844306
64819346
99908571
76656194
76154983
9541460
30929566
98247496
49659165
78273648
131817470
67863420
104269488
43872153
24412626
141899599
27861796
28128613
159141482
204581382
65870938
209999880
186102659
24192594
4059572
20121836
68308122
8700712
32485744
10478688
24536514
189101652
64497248
107438681
82258199
147251445
83898413
21282508
24872426
7785942
95329639
68276640
14782826
150586419
48524961
62681482
11092444
149696460
185510552
12130638
52430774
347763454
40550640
172027415
66751532
2943464
117613789
115491498
115319417
18403168
39439302
204607782
101077784
85916043
116775607
4812845
78311676
100380680
13444424
36104078
31643658
11328552
30459434
125540440
57295660
190408011
39725436
103453536
241308227
26638348
35043620
82950460
153786681
53315100
23345376
2026656
2866840
80366876
122336143
62240853
63641662
14759378
37661504
138147514
21188240
1625382
63202280
81042250
65274709
148686139
6085468
67590627
5992552
58853022
25569848
44616004
3865088
185258191
57677588
143189651
202460898
51757930
21272666
48059962
66173759
157576060
16463386
49019576
123538597
11018716
126316413
95254479
58055432
137992137
181820393
66903030
154151336
31813630
75379614
1950894
47357833
36375890
7714240
40112333
3782346
2233520
43686458
56114980
26252710
111882648
7579770
13776982
48991108
341267298
51633402
38418605
46118540
42299934
3772900
110064296
3818818
29888374
46421034
7199730
61584294
159488687
6675558
102356742
28020672
23401794
74020570
22742601
238813
82547094
236582334
117763831
14496422
67784959
81986593
63371195
64326334
74636005
20493112
7558894
50178396
80295300
261854
2435521
6834964
1716846
31281808
74022732
163138546
46175097
37735464
110361561
79309632
46293570
76100928
34562987
109827636
3923670
18781626
6597522
87534307
39937138
14280996
199707959
44516960
47591951
193194456
91065676
103939049
58893564
73241690
8436698
317150
202684852
2668862
45511236
7886556
66656182
15410210
96643484
4057856
434237715
9227458
42176976
219038528
94225730
40526934
33245568
43697300
34723516
146480891
29378476
26535180
40999914
70514094
110003224
26190670
151740239
5898268
62915022
29608366
13458656
200030924
69254076
135161264
27601698
89935360
95081447
99607347
9098058
26275590
78710243
123512905
48845116
141043575
78758628
5305625
156561631
70784434
137814079
101350918
222944691
47759872
201766706
12467744
102920288
36358186
111444030
80224928
149220160
47422895
10727812
63723584
616196
109590400
52466916
115740576
10351176
627196
41860112
2868350
38019016
79336330
88369438
36916340
42376172
57762238
13835847
42845980
54315685
95845699
20083170
31824184
109973204
116329123
8540718
22678322
17303882
58016276
86632895
80984307
31128476
85816288
35936918
86376788
15497903
31835998
167288057
42612638
66009200
129966842
113915105
1845474
137121729
77451063
190667633
133408189
19215852
18911380
13691536
425282466
2253158
34484800
20109059
13039517
108310717
203281846
37795094
89930731
100945106
29216058
16205228
85246766
110171620
8279627
186967276
22230086
17634050
14042236
55649511
61883122
28204502
131515869
95122620
21738276
94515804
30384551
82083627
40763971
147689347
81495512
5680974
99296183
53716538
135452167
56041716
103299700
110622692
85883614
29438977
147793978
85188815
109432560
46018032
183832167
108731865
29956498
29382498
19994493
102225335
42597480
68940954
128507934
197904407
9015706
29917674
5214050
10665086
29822334
99184701
81850746
94446640
143738
148481390
58120690
37210772
106443144
103016667
4368296
185256865
105918830
7585722
30330764
33071342
37256992
23746362
195123469
109622256
136387865
43788946
87817413
78611983
102157772
179754981
5895742
102664084
53711596
19471518
63037070
36370626
23048354
1021072
12378910
27308598
77281788
48213362
2400814
171286515
26915728
38454882
7019379
57701584
40559274
1538908
183358857
63994710
27705218
13391683
162704969
131320198
141361753
93664493
79246258
21876664
25808904
51770444
100568557
103661902
25100385
25544994
149605963
27625442
1894863
12952139
9971572
3547634
37199702
210935867
158958208
8315944
48635961
332811435
82605437
82203170
1598764
74746954
188801836
15309072
17400172
102577621
71555544
66262687
110933472
57760463
125946715
41723211
91612278
146742259
135350161
62842334
49390602
33300554
4804612
8312396
46837674
45829449
93661409
91467506
131752324
23384582
112506734
137943945
204164258
715428
157081000
50889294
195719390
147650034
55815512
173791886
102087414
52329454
102441747
24386568
107537110
150027185
89624394
4677268
65611770
60667070
121630556
95845998
2811404
44509160
125136226
61644906
24561363
88128339
109935374
115285325
10851363
79268072
161827882
201942904
4840550
122394364
11666568
104774928
33043408
62207980
27375742
19460486
31462965
105260158
9365242
46052734
26721734
44244610
209283432
121488788
157910850
42925556
15461138
58177844
237303279
54116973
1057272
91469805
3722016
1203026
88187733
49805028
10192614
91358030
28014814
19967254
31782218
102293785
23175030
136755549
99995672
169007873
1179710
2550634
53858054
34552148
4251168
88645255
80895858
9153736
105599418
17208145
74247844
32180304
35338454
181245555
197697900
29543758
165240
118727739
19546754
22763296
39774676
56209314
31174546
43272948
47746284
12110704
54935667
75951215
28832918
25447877
16458752
108279448
7421100
38382984
73826058
120311155
110518837
126126451
75744114
3104682
37048868
5653678
17698916
21387435
120377750
137154701
75142845
59830000
3292996
101166706
48950558
270585720
27397627
74895744
136804124
84453868
153073493
30129031
110682334
18992662
7136106
9231726
2190576
63551482
20697704
81619184
5250172
80163246
95115962
29488550
43410833
36798073
2789062
77945696
77638873
8421772
43941164
195136178
138926718
90377964
260233029
17275825
95091918
47814544
67360700
160571259
3548720
25755706
31536902
43286296
36785298
4129372
8678112
43607390
120371701
14528958
79333402
2180890
375538938
9041
110592960
35468116
51529496
94868836
8691466
137076338
44078968
79448231
54837720
36169598
636156
74399888
87231984
60836172
4304642
79990024
194609515
21069142
21764242
49424470
3577852
1899394
65434832
195382430
14927394
24030940
193721385
146768515
126209821
24119306
266664644
1090142
28346670
16714388
6699144
144029636
4724536
113687281
124456231
228575151
87701398
82551119
35323430
90034622
40051346
162771328
140280156
1721824
6517036
12752536
111641303
80657336
149423762
101101014
93830555
178823178
131885427
101558410
48212271
25815958
1314348
45518127
31424530
99850792
42405322
39430492
20096652
1117326
145512178
58675830
92904414
37712243
15962746
71393800
108044396
70276982
174985701
120688434
147230709
38998378
4646910
74345866
3952802
12786724
0
25171452
65750559
101517664
58269812
143508019
7848430
168237343
7093784
4829712
227639566
14463134
9080566
15678750
186014251
25350928
165716741
121831906
74359656
52104732
189182366
41831042
114557581
65236918
56029114
103266714
255867267
40711958
191328
0
20331241
45966490
165807267
749422
64206932
9029348
161438046
38322822
4863202
22431296
73356192
74256808
16717217
74766744
33077404
12823522
12940123
43515710
96107488
14245958
57673608
0
231146415
134726794
106942196
58025796
126433270
8759886
11866766
43280004
133308276
84353859
17018442
21761830
150265511
21035508
18767854
12379254
11972284
123623855
92052043
147302859
4352704
608072
107696804
87997744
48010447
137128874
159001048
111465498
71761742
14243154
74376636
62333076
35711784
76562758
43955234
657184
64703584
151279638
91775234
100582965
6010864
178743992
192368537
18857065
61573346
61936160
1409406
18893144
107672648
36377418
41461042
96609148
162267805
172593922
82835699
32103036
20146555
30812818
19127452
64386380
66571286
10938426
73349476
149148579
20615858
72467301
129771729
28252750
202087729
134153531
73478348
65139891
221194803
118775876
175652097
83912653
50955806
170017709
24773120
262057066
87832084
332346433
155238863
60936787
130340067
111810986
65831117
66947520
49981936
25673578
113659803
92523210
8826366
33245874
26094756
178527007
81044434
149546090
7092500
112226005
22828258
134805333
49596546
147653973
53912866
9030540
103113728
101446480
117278290
22847434
105494796
5150568
70844934
87601254
109915761
60513029
127961068
44070634
28392692
18368556
15226150
15806484
193477664
19771405
4771595
61013740
199359517
30774162
12518636
96651189
5350008
81990800
75966762
57823511
28929337
19704414
88334780
114501164
58823902
4529082
139665848
76493702
31415073
5386116
106422627
22724566
70806954
65842242
176436283
103308187
96768460
85696427
10969495
32175833
9443088
91764463
57347800
61080212
5380136
45477074
56378909
39786051
63518362
84059783
48109510
923018
81625186
26477035
130922976
26448860
229162785
57229628
51034522
230033491
155805916
72975508
11599708
25698926
102357690
9111670
182594
32702606
154741806
17130626
48662654
245968968
137000671
34031828
20239618
43373450
16356906
124714019
205859625
25176847
2751300
31617771
147708962
86196720
142372884
118778122
9700624
42373352
98591448
5363176
165211962
165422143
64558362
104991002
68732568
221535757
30026122
134878577
168514567
110553269
35443206
60342146
54929636
198367990
34633460
18623196
50509786
86217915
29012174
29524042
139613594
27963834
8452598
19674492
34333694
69326751
62591016
83738252
148846736
406786
209516
54350146
75697166
9283174
21969734
6802910
14118278
174311015
4455982
250645892
184483592
49785148
34269148
22044814
132971238
3653608
78327094
10219608
296886621
197612424
59019940
257552725
89118640
4736490
144222540
18542022
171989730
38209456
10981304
10054347
39079296
8787400
33991520
96999594
160986409
10589138
52753140
41387990
29119100
84047116
2839978
25025580
81719914
19067941
45725016
19753254
268560393
4432290
20771506
48194352
9303230
148175764
17174385
78090922
64120898
21319306
227651313
109673661
226566
21730274
142460485
29263500
20257824
18147106
31783188
136795155
186204303
168310416
141369749
112371163
70664973
37361620
187250121
18567714
28514528
145651825
138717040
36690083
19217612
75743499
172303698
9164616
169202
41343350
71656174
46523589
138238422
32507042
41940932
125849320
21525743
162954556
7904684
108534748
139711820
106433960
18705150
286686
112047041
6984824
69961834
115644385
63931966
134027558
112797187
19553770
98897442
1086010
54990754
151529486
2228542
111264969
1571796
51892215
196020315
40102506
45244224
82045285
3824748
217856285
80642903
11636235
98973810
61215848
48364918
4570462
749690
60447926
36628446
58505204
83491030
134898636
84078402
135394054
11882530
52621862
26068774
17074048
23425080
111439109
257988729
64245293
87114000
127439754
11755342
143277186
36236054
64362606
188245919
190319974
155641877
124756990
38011132
14315291
6734192
65032728
36238592
17447979
5144928
63824684
49593532
159322597
37995102
99283443
92161832
13500658
60729698
62869826
96954921
3539388
9710326
5407064
27851566
31699481
18027728
135209578
132510055
48976668
7140554
217676748
174703443
65543933
205337639
90327529
69473114
107483489
64858097
72170169
70016784
178983431
47753320
102683640
137748468
216119634
224136330
41231374
151039497
36567869
97901822
82366484
61818126
761240
115701843
37031489
44048322
16285732
55732103
84204964
1162864
121464417
3824506
49503472
78704320
81101998
7449673
57169144
84719614
41665758
7374354
57524622
23189093
25079048
6746294
42473232
21371774
238720393
43720080
69480896
48070884
30075546
39624000
5656394
40269120
116120860
115080021
40620382
9840812
68462686
17460200
37369024
143440414
17460458
222771342
69890148
33331694
32507250
114893022
37121898
51852720
136568243
99254087
13596221
24751166
25248682
13933026
52173142
114163904
41813508
22410180
40145790
121635688
12815113
60969076
176271502
73269304
17890302
47385816
51102984
3428176
27343754
40898464
123590368
40434366
6309148
128489602
191909823
168935365
44977081
281562
95105707
22593608
68653707
85778662
29389855
11385814
126071778
175832344
24530646
98069920
32501536
58121498
37338226
2436500
69087414
52526120
21998776
206141471
185073810
106245266
91045800
226449271
31891567
54822968
7097788
199892941
68158584
26556358
115141961
97567791
66899742
84044817
316046
2959675
71900550
86372124
832228
8949886
43110906
21812784
23170549
129047486
48728837
32324618
4924870
128948719
111285101
261115948
86432316
59133444
60579000
57432416
111751339
91314524
7092310
26492543
10887988
4082484
105676588
116290902
5596114
2725810
23067879
6181808
29368588
88379352
41239957
18559150
92145762
124023620
140898548
119352587
82343002
238144014
169935766
159406763
106486793
20182550
3637896
12566882
117784664
16755578
43977912
126624058
7716712
15275024
98345976
180504020
9205948
1870880
49915570
153929987
79836776
4038196
81808925
171329826
1675174
15744772
144343467
72749080
62151388
55164868
104360080
32763578
8273764
146727190
139984647
87691957
52620226
109594025
59099923
148402325
59094708
258520
116024161
87521100
10985266
31214648
89959669
60487744
160135998
165200525
14396486
22784646
20426426
226904228
51158716
20430670
95603676
14561901
85710508
14100978
58195149
99494672
4769262
59378610
10079240
66835844
131391178
30316000
63806490
40689788
183048433
136148605
135636033
58357416
187618072
74390620
89876937
4092984
51974522
701312
49661784
67070686
61940214
108199820
82106491
19170361
104406540
4158732
135838248
36122282
8695868
9880688
83394940
96614510
24624402
166162503
109766660
219309941
83137256
83849567
114578381
82709506
9062204
120273225
8415896
17355349
215220
56565320
43314812
54244156
2942096
57293472
35391712
171370327
173379741
167195120
192323459
195531228
41538092
1230714
232050153
18580234
198910941
3157747
65114757
106954084
53855932
100724587
20777872
5718760
42410392
31795934
38011622
48421512
16054970
42330998
81189521
71594836
26266244
42889492
34072266
55645629
254406044
190806842
28372758
10181644
52927782
527888
55440768
10145354
144342987
137155199
149435195
244632958
178679800
97751251
401024
51028888
11979262
145368238
15144924
10948884
36035772
2392956
4315160
113155388
127730604
23662070
103027468
99992784
211257382
39523948
58282948
134345081
193391296
79734146
97745770
30384969
20025873
922883
60842936
94822166
103633303
10560612
5680256
51983650
78582776
48980326
67815316
170200437
23440846
160138927
85858358
7664354
40774001
85723734
379127494
95177936
97602043
59504932
27957635
12775709
84802759
28647166
88646920
89519129
157204240
18447526
53527656
9412093
77598948
58343064
250055273
17664866
116374107
36446150
81142394
72516056
51076876
27842272
29264054
42207508
116085948
79892312
76654806
71414168
89478960
12462756
23439226
29909250
5069288
39559420
37215914
47709302
13168782
41271592
0
7628334
26110638
4236572
196440386
105805429
34536130
54055178
36248772
27803434
110031382
10989456
78964914
102769326
65782416
47614167
94963310
17688856
74394104
43214520
29129310
156060268
74296794
189623084
180280934
16238658
16741486
62903908
5895742
15027064
102438960
204006
111069699
57236500
129981444
68971357
135096242
5247420
71397127
116361229
70433340
46612770
5561868
38920694
4663588
57928866
43426964
48780476
180014423
22414730
22900076
59580308
78207700
147324326
143637609
110607606
315050
64802616
127545643
253347159
2866840
35812284
109083060
19643758
220439768
111918746
145020070
280296301
44334444
69891590
49182898
12107682
226108589
33316246
70523450
53936612
85784916
81586942
69913440
14002706
113763313
67915843
38151479
21366194
7810356
35142744
13403204
59332503
38756594
51899494
184335056
119788138
4929472
4842316
140248390
59284396
84608092
161647918
61016689
137778096
39693786
63353718
53810360
15919302
70918313
128305288
67696430
154740885
83286780
19388008
121330766
149683392
126030198
95628368
59395138
40698422
3441020
7781894
117800105
6303230
115591630
6027214
179892447
33462778
17798147
5506468
60989458
33028248
138827836
22975828
25938988
51517972
12434138
8987906
16532316
7354999
26935322
25974622
15801261
125060475
32023338
58966632
59871967
137484898
9226410
24323174
32942822
18885684
42288069
40559074
26063886
71977931
66218666
109808232
132974790
591502
30344466
54702346
17415100
2247054
122333921
60387944
54858966
33108002
11339490
141714257
46826113
14937752
97030588
92057568
9856504
56253356
77490770
66852902
110707155
18582674
86856248
22045628
406786
73757292
99309744
33925224
172671461
41143302
54046744
85930968
96119470
160306154
984494
190138781
227148374
15208924
6537332
86370073
40182634
128125728
1132460
43513884
7969858
8401296
16056892
123447751
3562570
18392360
91582190
27097994
78372337
74371698
30802548
16561351
151543208
27254150
2743726
69024530
79256457
38794486
26321748
139054470
46735442
9198500
81280737
105500941
61130682
244104719
68616216
40196945
98386843
46963362
32199130
107344278
158892624
60022816
77576442
52932178
78224332
9824792
62651356
154721496
27258534
7041866
164694951
142127671
24386076
31711794
114510846
4729372
41869194
65514920
52448449
12439922
109123183
260033532
84707914
6939567
103814344
33687584
143271312
56284074
57179924
88948955
70603173
213259084
70398579
14459176
95978630
6113984
11124366
111959374
117160801
15824522
1904656
70139733
97636143
15052385
130704603
68852394
131659062
219881313
116577302
163559091
123190159
12924072
79987029
4756314
100604079
142517384
100618704
9253068
6345976
51148808
67372354
59040370
69309390
93904416
56156638
174311707
4115213
8326310
132708269
87380686
25420982
15461998
135783048
31352350
170805764
7023414
50655420
111533250
17603556
32666720
92141910
5588876
30938644
10278726
95963483
44631504
58672922
4524316
3674162
24470070
0
48874842
186126238
168310663
58651676
92422428
95673837
74078330
77044622
27702704
91122304
51422758
78823716
238231308
49301782
8232119
30710618
167022262
25124544
69074226
87827119
12387617
23057728
3347216
172189349
52877349
138993492
75760139
60697741
129992804
3914442
63424516
88837527
44576598
22817380
159354181
173826
1460740
148807061
112909234
196422571
92076758
8015595
29943743
12989876
4951836
153704484
52466776
141572250
181537470
25849612
70497860
239274115
3427900
169194415
112222822
16889241
5535152
107197760
135778672
1665784
105352334
83393450
1728400
11401244
37902866
46868434
120092482
29060812
154738128
149886953
30180300
92393408
235015375
43538780
73321378
79296250
127067067
29897664
184100931
33835730
7382198
51821391
92742070
129010095
85079592
5965072
11590066
22870140
313010875
47350368
49579018
108119883
59960340
203718590
22767828
74725464
47683562
126370075
9125042
115596451
215495640
162502258
6735978
89511302
21898250
162057425
273940
17206371
6892370
166514814
3602874
8571440
131277003
213470373
118519269
8146720
68700140
86457221
38264096
44515120
47580151
43835401
21875348
12022079
11331686
64485715
6265875
74916761
5666965
34207601
76175110
90784767
124813896
47645768
275286597
104341086
29602303
20824805
26708186
21354122
171905165
120299960
35768676
3373138
7143370
204421000
34037274
48211858
42769677
80323528
53767514
43685440
47302682
90748797
45812284
108461156
15389730
950922
35578812
13130324
100929194
6688336
2646292
18303434
83224768
75985302
208643328
19396194
291037099
227243947
112388830
23435696
6304324
121749108
59843883
23182048
9813842
120301737
110896098
109808232
28076276
19500226
209639524
34988904
13239072
109570312
44515570
26746052
48532414
20077100
45406808
137716024
110808668
51832232
52773974
94076376
16773750
101564032
41330764
159680430
100086916
44853918
27205428
50541668
11130224
39709244
27373874
242821372
2757860
113406284
26532902
49034668
180604537
27768334
15204505
43194524
212394463
49077512
176976267
140618438
109894817
140209787
11130454
31495114
66299155
65125940
27448238
146274033
130923669
14250112
82899103
2253152
101718219
67818784
187856138
20160214
76684533
28426352
96308286
157067148
3886521
52390310
51597934
30798144
580198
63900515
2453224
93651594
19199683
20936046
83087129
78379902
63823672
70791364
26495492
121942447
56512554
19142150
13822436
761048
68063290
139032643
103320540
18587761
28852292
150656456
85881817
2170210
12959718
776635
93262699
13689708
17953887
125228124
23784396
99291856
24055696
17270310
186058833
20374622
126209246
117748816
8469510
108132093
49973334
128478198
76435186
86094635
50443677
55307982
18227400
2952992
105373324
126741226
86260765
212469642
103629775
34654398
133708515
41795796
83791148
166916328
100530
158400968
58446006
28865320
30721227
12405886
172535540
44479442
12674840
137110359
104824993
83953645
83437877
116251526
3111837
292149176
62094694
8104806
3851980
75981813
149827592
26010424
118431652
70428492
377270586
131837503
66541876
34906482
75929021
141849406
72455315
202402624
83074075
70702580
139246542
62910694
22276942
89196232
123300814
215520096
136296650
223257013
139912363
97419423
65664998
33441588
55343462
154342599
146123317
171459630
106868106
30433728
11378225
50106290
59965201
40291174
20604882
152301419
101471416
36758460
34709420
69672516
76168478
216716550
62254870
54609124
327518764
151501797
251333013
30514788
133250382
43712336
53822672
124439300
80684914
3355894
9957984
262172615
50873118
35821950
34073300
34652024
125001858
3267070
6973778
77458452
33288926
138214098
8774526
46325714
464091
16825221
81096289
105040999
69610872
143211443
2299042
224985315
98890884
96284667
5777684
4282058
128479542
863688
17091050
62402748
48289816
746598
76064579
78138552
83396772
34315382
19393936
13628294
88025478
234529530
33413076
378016383
36200564
270712028
18502522
131276
17987562
69318348
45766273
25885788
157634564
143837764
43478178
11904444
6176234
17791474
125936822
132028090
3405654
111098724
52261498
46098960
132108710
119903489
16352890
9426218
147506656
67358044
27082956
62023114
144190
36763593
65672818
24458030
13535158
53323422
221378398
36553832
271030632
119896348
61807486
77456054
89286932
26773559
25908716
3355648
105144220
8337514
10005046
90089328
28771344
25766844
29249866
81083812
175679734
189329478
104769818
12240390
2182484
70651879
8089408
579896
57588898
42070553
103131054
44875119
53126878
130216929
19478138
144760810
96480376
53713608
12542040
8872020
28411057
5981732
50038774
92772238
199324967
47142019
43473776
31969322
7012774
22929856
258471108
197995803
58332650
21181482
151055860
172329258
28562944
7095028
17051898
7705272
4796866
4016090
11337190
40722143
10786490
94982161
115106556
140015378
39869350
15297518
144265269
174779665
7246100
12569806
60761879
189355302
14984806
71185802
18999584
52345266
28901883
156032796
58267748
20839974
415220
170164510
41387990
72150950
67605685
94024650
11433626
69568695
10872184
38606436
187698372
5276732
60962287
43572489
50731467
25839852
150393787
103563351
15037018
3444679
127921148
196545011
36541308
336652
133505105
50554986
11579686
4508486
111215484
26454412
63545565
972822
71698990
277752517
117737018
258774622
10298984
16471328
5303612
5960182
141184979
42659228
84763666
587910
159647776
19594612
57847441
65133326
19327155
49378496
192720616
108444822
28369120
23145742
40390040
54730418
23365170
76395048
10043785
140665808
124304793
125718742
48234338
66733676
41813130
76794205
13667332
6280526
202134695
185720784
106380976
35765632
115141947
1065902
27252658
154860236
5052678
67377388
123138353
76110716
63293951
72873404
146119872
117466941
9071828
171101045
12845499
175807078
69239447
42264660
66922719
39782096
48866845
98301362
146762742
176512375
48502726
24326594
48514906
65945050
353312
187743103
194012319
23924211
10254770
14109467
68745508
260623452
46508880
114251089
178517871
0
16192016
13764127
39981498
21629720
126224647
3888908
6729318
96274309
73698126
7327624
18999506
147676941
88575304
107306918
9875516
94627368
72429208
85073495
202823970
16370288
6978576
36523112
80875495
113818109
161556412
7593121
99216208
39011052
13316092
52203813
20478214
13676140
134378814
108943563
26186098
61252421
22721328
22234104
122733893
2657140
38936504
29812580
35309573
22409376
71696722
124120128
114733607
901742
82403926
19164712
15375228
96895506
79329350
31768748
4543976
173418707
7304583
13025278
58647040
87193253
10464744
4966726
132853497
15475926
26259208
89345370
14407190
132666234
222182862
127386951
37938338
56452260
6127882
133709422
163657989
43681552
182215444
626110
5552254
151663444
167936650
48284997
1937954
151587804
3734074
4124726
110845544
17173202
12863774
132317163
114567621
29990664
1566788
12063832
5967826
16171342
47932814
80832756
3226418
190684945
8009440
11009332
81943728
78921478
718658
12022654
37022994
10583071
7170818
176675439
30015122
61934446
197900113
75400124
44641236
153757794
7492081
19186190
3439064
12385896
32779256
187705694
25639510
170982299
5125606
1801064
2326206
89593510
14019820
100316355
67846614
95480335
1351448
114986757
195695112
11001536
77501978
138378869
27422042
29604716
86787076
305147487
91053826
6485560
86024500
203978166
193692984
91968317
136454545
1813242
109943106
58029178
137792838
13611028
95883866
2382046
8779793
157838409
35056140
9427426
135179865
61093080
224158592
152996150
120094992
25559550
61862568
83563033
23601485
26321890
35783879
8750378
43155494
25370688
840954
70275272
45614614
95542966
21376630
102745633
24321278
94205942
131434126
19050160
58812002
57453596
84980598
40986154
80230870
9193289
108591074
5498298
97053021
32858900
74890162
6841213
79745000
87252872
26580664
1313186
113016880
147346207
178190523
203646261
5143838
39433030
17188246
101061534
77234067
55557471
28556108
12571102
62908848
32315674
48335574
8659568
267405613
17459172
61387300
83009173
193102536
343798589
4300594
9579130
67909476
148889743
76742138
63135902
27637750
160695380
22479679
80134179
60322493
96565976
105210272
119839407
38869056
13681110
28024674
43134950
61584294
44699463
66144454
179308264
23224622
14631194
42235372
161795699
275224491
22266610
32836068
93257428
117502
119404330
641572
12819719
107209750
144728697
114226
142544747
5803906
50513243
24621524
59929218
27697506
18932838
84826420
123636033
103928574
185507090
78152866
7855680
132586576
184714008
2146928
54771278
24355694
36984260
74400414
4202684
110428689
143200265
11300644
37887946
155651533
55330137
6269318
84185345
14108818
30761828
43815060
5868036
67407864
2059052
27916914
30476933
90423931
116568268
6494318
177635569
164687306
21721042
52397124
6867394
183260737
8520040
54498902
119139777
94479390
88998324
15613804
18757092
13062304
241773374
36809682
109900906
41028700
109949472
96039728
87223220
83350176
38711558
69339029
5090728
857892
38050524
13312576
5402784
49645876
9002024
68997672
45363745
224247289
34882814
31055912
9830412
104762928
91783228
22568147
90710381
4548796
116890218
68660568
22665198
36200734
106880811
95152167
27386978
158468561
60394920
121340485
63475654
78083040
159585354
249855290
25872226
81816782
39538216
128633320
91090480
76775208
18829414
31451822
100882951
34082422
50596194
120053024
218378428
58693359
142388256
51596374
131186730
106389156
118373302
21041480
53570066
9216890
45461534
150841215
220457957
50874688
129545188
131131483
655586
8529292
96867852
5900332
4350280
5739548
23003168
75551496
14479053
74845688
375941457
83671208
27105210
47063348
2011858
183892412
222936800
76394708
98681964
121617800
148001955
46767758
16194890
77490097
5607358
24008316
1164226
28472670
32759790
163213857
45263494
34208152
29353430
65460376
142675407
132277954
92789726
16381534
129506643
36363839
38318248
18302292
138824371
185530757
30498626
31427836
2681520
204506651
135563362
1911014
62418352
35714374
156119550
52155772
36715170
75181260
90955334
92317140
37685022
88906598
75259624
216317225
154594696
101290648
94947360
59834104
195329096
176802113
41178698
158988651
24394466
24734656
123800440
132773895
262221195
6791759
72035356
55442536
28355904
70112018
140622406
34653014
58905052
219773535
57707086
130725560
154020599
146728977
64024688
36764422
66935442
65317996
112296443
71288570
49537100
29337882
275552500
127310273
12888802
8220528
97506140
9241308
127523431
3741672
2104442
2587340
94053546
82622852
303799
7122956
111646638
125677574
25888534
54695392
100108853
83541661
160230206
13221212
3343512
32814076
67431943
82126444
39564622
20526246
16177655
25656548
4011982
221943753
67716256
151628930
1574528
24252010
13946919
32358740
50436826
55924072
128438006
6165324
20305254
1466156
51185254
98369129
99324237
160950452
179275422
15344120
114399631
63392092
26541160
37301542
53819040
114460187
9999666
166690753
38217000
248782894
52064351
3698000
83442666
109114726
48493486
69252288
94770810
9150500
56160527
124542333
78325636
5037038
88044461
149505307
56897868
38566414
143377982
130652477
125818002
251484101
19322656
63588804
1512682
43195184
24359982
11600674
3380486
143654760
7306909
239949239
226456387
56084572
98672922
17951896
6475602
32889201
62550972
23062110
43255998
51012662
70067024
11112934
269572147
60571390
182052858
53301607
4067840
9396234
267096
119993430
33948488
152326028
63636208
66176631
22454294
84357446
41123134
209863900
43546563
103462366
91670898
178997259
21344344
171164056
8881982
55714920
10915342
149060929
10011848
53740616
35971094
192276265
124698939
111055770
6603976
111741948
87471744
43402962
79482836
137468684
64762790
6116324
91701172
63102172
307595643
222316120
60294420
229580930
6500660
67944728
92903670
40609595
67295354
252200441
7661427
100825974
4880326
16007637
85086682
66498387
123094357
9257809
7532614
35141190
180327129
85290785
52882306
17996902
41475893
36653975
16798710
39118114
87017156
82801494
65360416
236077039
135642623
125945598
49478186
53493865
110065279
14073258
4027826
119874326
211599517
58072308
132611093
124805492
140532659
48692223
5155902
6509074
8972772
27709668
85112614
3182042
24258072
114815515
70121690
25329068
199286631
41045450
66141432
69450581
137218394
54224741
106908922
162308
4387582
193327060
32681997
127758878
114304586
12568851
6788236
2760102
2900938
64124922
81151910
77289308
49058548
54154738
40623628
15943656
225998393
83605428
104405841
909984
148010237
86790072
13927696
3166026
4321125
13194752
48500248
9902564
167670205
80264
99221730
170304347
8379610
19603652
24735930
141701715
28092928
3816746
10796302
34631682
94441564
76177719
81371790
221541710
78474094
26631074
6472398
100400041
50161984
37019834
106938535
44397205
48486222
42357327
104367152
37328449
27861646
61891900
199366170
10630080
203731780
22292128
134675451
162837698
78939674
15485936
1394570
228130565
13855792
34568733
67071583
72469298
153487673
9427426
77747006
5001603
160299284
16881588
135377172
48655492
9007469
5621542
24330498
81413624
4449774
105852622
26443654
48823292
117647720
41634410
17715311
68151476
94633592
42483250
3459256
49676060
46026949
96325562
1978848
79664280
72747519
7585722
3551012
64248432
8732028
39036732
49247750
18660476
70913776
132381961
51883704
123048661
81577613
37252364
21607821
45786237
14802
19570622
99698946
75602558
109850232
84727501
144235185
39345033
172251887
169958930
81115201
189647441
68361185
71604654
38115600
58283306
78676606
39576832
7498320
102237660
79582782
19713353
43477560
21926530
113694812
16047232
109849822
32783216
50827896
33172888
21885611
14447428
4966910
114124604
78793112
106660956
18003446
13009372
2406410
27695508
64051515
109915761
97379960
151789715
114009791
114512383
80225316
136816739
25663894
55032782
3998121
16122664
101601112
145093809
127591032
33141470
0
10357502
86498166
105901739
62367264
50808837
21740278
50681088
82947130
83011353
7359971
14526482
8221556
17728468
91492901
17966126
21723321
118941896
9494618
17686262
8794054
176909417
41390856
214276206
28875098
45327642
147236630
55407166
120995937
15112101
170341761
14491506
131221252
86608511
63501144
2958266
18654754
9605920
51677443
4611144
49155072
84841866
202418440
84047580
14470904
64024688
52716254
84795175
60863264
9141958
226987395
2659548
21116804
102696076
78801066
20889366
100175975
111692146
114197971
74350325
43624656
40000714
30983580
136566322
2057608
517302
86798085
146907078
46551591
77151124
93602364
100383086
3150594
94140263
438246468
57361708
29914916
57468423
53725810
7294682
85564375
36929942
79742381
62218122
208553276
53471938
17927264
123473783
41250524
915942
64771308
47338057
12659536
49830394
60596196
8695868
48927373
58201299
110886420
62045965
35604650
245222
1911910
294335884
2941012
77945696
123090828
17228136
136064283
65667388
116204880
9339400
57865857
50480968
41452028
209118364
120395168
61901991
1420998
112780664
43981718
47644620
16089568
62032342
246015728
81717178
99464391
8508842
17051760
52836504
143295011
6822126
87979548
90384800
15738006
44353031
65352864
109489370
21805542
28767930
34088702
64421227
53015520
44590228
205132087
48884144
145113047
44497692
90151782
45994944
198347329
58448060
17257666
142863317
110255041
191335257
173356718
53502318
78444704
20104651
118849356
5190822
73442235
63477653
100855473
84799394
70738775
92387484
95685846
34104604
7322930
82566756
25763594
78899323
268376732
130329367
13350402
1773058
47989812
66405708
115598262
25340882
16498722
62463370
68686508
35933930
56452582
35404520
55989582
45346282
85552912
62583782
182679839
58190878
70534150
151080813
225272392
147136789
123959050
82443668
98382178
27388850
18925918
69290735
70488179
51685916
3113800
60971010
79864306
48064482
63953531
185577465
77936100
37666510
124253556
5236896
37824222
175401422
27995372
42750013
1170932
33387564
17890776
2089867
96141118
30379428
32188028
77429914
20759664
104379570
441576
136854904
61952776
137742648
261764881
120818270
135728043
12867206
57588925
117998064
119666582
78155512
79708963
23952975
155995977
165703912
107131510
52744710
1515936
102376115
115249306
84738756
1134498
70015348
92268613
123683887
24163031
46015794
139420902
87158714
79473830
27512528
23242944
44315102
161523474
14725888
38406722
16868515
101224548
26365444
34917635
45944940
10047942
977602
113011961
74431484
0
155179597
36623508
135810697
3537240
82511645
45119041
1846812
180465984
78678277
136720521
75029720
39632250
25387059
60605334
16323038
15578524
89912053
5213502
173728604
137587205
8877038
115269094
10435821
28432604
24811156
161969397
4437688
68229822
88201483
54818949
43193382
172606436
80955904
5834494
122039900
19317594
5153700
196989991
10324397
8618704
204074804
56864550
158550631
209048811
51939944
32994252
139432680
228820977
6332180
9012154
5523680
66569752
62866500
17398672
4416922
68348207
26000187
1771686
91385073
23829004
4939842
13105946
21234546
173448130
65902934
14147076
36719448
30108678
62794956
22820240
37183158
3216309
79001501
45783824
64515426
43610424
77684338
93251002
70727710
157647823
46194644
36747678
12038976
90085345
47926066
20084134
137373766
70562361
3321324
36970757
173899286
4613720
199280
110610137
66389060
63563291
41205293
20392722
29653422
71527975
10545752
153663691
57758679
35906724
30456210
99465042
33581414
113089735
3497071
95803269
118370323
69590014
42797106
219079141
7568940
3386037
19984807
50850054
88321308
25682
59786
65999084
95401983
290752574
90591092
34558811
152111611
19176540
96206104
37807240
26298482
150212698
82243550
22611902
189839506
91870824
77573706
48163757
88002818
23953724
19081658
60782700
70564890
50646124
43946286
118550784
193054380
25080212
45092346
99007517
49416874
87726320
40938109
16921126
4497806
10028388
160267419
18460035
117355350
94102476
136108523
8771350
136617673
1750499
78212657
238620980
112860469
84425586
10097928
63052312
133737112
5526130
54353598
39123133
71581970
31703082
61812067
63401288
35202023
144356900
180601292
175836711
86296912
250199336
60869011
16083624
63548664
67970045
71224895
3424784
42524582
63800961
147737687
61349759
133743941
99362251
334334
67876004
181206463
105572433
9082888
22507206
80224394
32667806
93378068
135038269
7255822
79637010
55995540
0
73009876
81008380
94469676
57048206
0
145324568
1720158
13342926
33512818
140733206
11751168
73326002
46894365
38604718
99755664
110676874
144702861
120833550
2176608
9019938
36729334
109372462
70462140
46530276
20890008
73639270
16664216
52456571
39209834
99135107
53460252
39529431
27101358
19327155
204673085
109685166
171643853
28754466
217582970
36515122
200713987
15843030
138578911
53138062
22348202
129553417
5736104
56880432
87039824
134468057
69125232
22769287
7898474
249810548
353768422
39156848
1189702
210503110
5811632
141907606
55324186
112223844
3480654
49341110
145727238
107236852
161316402
84580254
33916212
64723393
136665715
28045908
44878708
44346712
147473517
38744092
1432578
173447759
10028388
53235338
74464398
9307716
103844228
95737109
198903366
195745196
6794406
239538408
11294820
220083767
32833548
102282295
197293072
144199819
32169568
86929376
15658530
30166432
121496294
35186358
35994822
97211648
39471870
113309870
79136956
21962072
2547828
5089526
18359917
57184010
143314813
43634846
124144966
56344300
110622602
48782914
7249064
116442513
112724948
97350154
260895014
35588507
12860955
28040980
3265501
35501878
35078768
601890
28150577
112867810
6419006
72479032
145029165
74119983
72651226
129613218
93536626
44084332
90622575
16959472
175339732
13235944
35442238
119605738
8746388
20732390
104681252
39032401
31652648
22545780
97544672
28392850
33905038
3084580
3217086
86512111
16634734
20810608
151802087
22951794
8491898
4702972
58408312
143575283
53897632
36916900
18260166
44192044
13261892
30544936
173214032
141496188
116410136
2044876
124831220
30981428
20610170
143531628
214163038
7010948
138612734
33350662
7325050
23324610
12645104
82047600
8540718
57900708
64705700
62780136
46835651
77920963
93985821
69955684
3406207
6767114
12853510
72976566
91807104
56125457
47797448
85566202
73497156
6312833
128409590
65750858
3233156
177416513
101361198
70667549
109195760
47303572
79952944
123995686
107473227
151787574
108481935
8867178
91286628
49158426
7402790
125002543
29060227
37294870
34346254
7657599
46098056
185134754
214936582
72852170
10700866
50569603
34491220
4534182
3697956
88535763
159991088
65255766
90249952
29518506
3238936
110920730
19451532
36654946
68789914
98498559
85297510
94803344
7978246
35287714
102939007
172379826
11720958
115243664
27740520
40873701
60647078
127540753
104035470
12858552
2619984
12080778
10799214
25060820
96291198
62378082
19180292
81790840
113718295
85451080
71438632
78162218
87168261
4952630
108004848
71692321
71495158
13101710
70593201
183792760
102878931
143112913
240284902
47607184
235114092
120018680
153240468
75904526
27511408
2240900
119533630
25582112
33615748
56380388
40126469
87143091
32467878
119522779
134106168
117679962
15450302
270209538
103140566
95461294
77911815
113078063
115553233
48458686
142668203
160598451
49213948
125642401
28873364
24600138
30346482
192074670
159705335
64645252
228043393
55162728
42020124
79082678
80465626
45307002
63898770
168090177
14953502
30375592
193037279
6292134
130115496
114444272
35476660
112337111
54377516
233971380
45899213
88749286
47116538
5959152
211511006
30904391
163219478
31976264
41022370
43741844
11905538
33779073
17352299
239387566
139557276
136274303
77122131
34640096
5954154
15246386
20970218
13813802
4281140
85528349
170289879
151840140
6769456
32296564
34746326
90170671
6748920
7063620
125633770
87165322
26141318
127135607
102955724
193295918
24100638
88405161
74108172
53691226
9280910
713230
104700707
2662834
11558132
192245591
20706012
183193794
85539450
19392546
19395274
66950867
17196570
140484115
15741329
3143540
119253599
104758497
49479274
226988522
118007641
76487546
57829912
56479779
117556592
5156252
3491438
14810786
120598162
181943808
42288901
156070319
132794448
268883467
136754071
98877735
111075990
101243314
3785881
65743222
6256928
30203106
147983219
36241122
229737587
91215448
35263304
34149662
81872441
121924355
71463472
50770652
132021374
71060391
14690512
18774982
17300430
69502482
147564625
122593692
24579370
9719904
63911893
13479356
46446572
167289023
130466720
231469553
11210564
140349881
32380912
30002468
15405154
146430898
33364464
5511324
136876441
65343038
226543278
141100
108946694
40063624
17582852
18528986
68319738
13930742
38711466
20885680
17970096
105300912
17444880
177295444
47222866
23567084
45816695
79107694
216064780
42982539
68463788
322306714
132239441
28005988
67300436
99160877
2099139
74365978
60814624
22039468
17530752
2710548
59773120
26483442
33372582
138665185
58415184
38978384
4162234
139091577
57312670
55052582
67165746
122983210
41113376
61502410
1599966
34424940
168146079
64896625
30157458
166776519
81649131
196168823
15117356
93816762
101351978
22129060
1028386
168132170
114219867
16027080
23628990
236213805
88160422
15467402
3815472
39661632
33810826
110913291
110772603
53149892
175624758
137946800
45448561
43768844
58266995
13347280
183907975
1505666
85639311
554022
22180352
194385321
1522508
13452136
112650783
5910118
11339883
60160481
177470654
1167948
145450033
80204191
23598761
39209834
6415484
83734275
71174358
140175500
54869576
115905626
21936852
59959693
84323625
92560224
76396937
56376186
38566010
17574250
51184085
144213628
126604974
100240922
123820630
247498617
132012806
91524660
58530542
120936675
14868978
96156651
231819953
107224845
5090972
22750478
13417219
92616415
10255594
92000952
125648237
4228216
12319960
52117674
17909410
27922686
17219748
96540221
32326640
18906963
41863068
85726156
99447540
57283118
113326528
71196494
202073989
2789616
220538687
56285780
189742816
104211198
56219108
156585628
77878932
1099512
48063572
186277814
21872250
23976516
8113536
36966588
165805747
32635742
31793626
15024130
83495403
2240530
169449887
42529358
66141323
27018179
20747666
61459332
2562002
147829655
59169021
32023338
60757157
13872857
157955525
57023680
34103798
110143204
28564928
49848606
303169298
53206194
245941178
61526172
37200901
63224502
168606828
69962614
5862376
44297382
3766124
24773788
89290314
19815310
26976616
21270860
72208514
36669060
33062551
103974472
23061372
92098022
304939483
46948998
77982620
23340224
156098518
210234391
62639786
10484267
445652
80209805
272440121
236773775
51142030
8521792
99559771
16478760
84739438
57228380
93107918
3420646
138907309
94408308
21694592
16019502
26547611
55515370
31734316
15383640
24459174
5218412
47033612
40701154
70061041
11174454
17241434
154437210
260056971
63510180
37874535
49748510
54298474
2748192
4875450
19743181
77130306
129909964
20196374
13169954
24091016
98383661
26654168
92365575
134169057
3015886
89581535
37679776
117176451
133990604
33204940
12112830
82863880
21321812
107771141
62363131
75091912
21771887
26937708
111320797
23593440
7373188
21472248
60438394
257326534
105272694
13812980
2738488
82871508
156165436
88734060
66479234
127473350
24083389
58955056
60325920
38638810
122955872
114017828
40400152
17800357
59382962
58760976
6625270
111748552
30495804
197392403
134938826
193767896
8516558
9747704
77098598
78352592
183647343
86493990
151823799
85095028
89839344
30088702
94606838
41782286
42216912
81365062
47542021
78607116
781182
75042826
182371978
14032256
79625206
141131352
127758878
162850973
89764
59176707
97689554
97397122
2850966
107618093
159992085
108480506
131651802
260480061
5165344
81034372
16844980
35654206
1185490
51478134
39933934
39774406
137469339
2987452
68040443
41935746
119697024
108959599
168415311
79263128
61200688
65201352
88344999
6674160
12952696
6898446
37228390
265845137
115448109
66422934
46956091
213927447
62219728
138621807
25145616
299091491
312143273
10742070
157388092
224232729
214363987
12435261
37925708
5036296
91506398
141521303
115160261
77946798
119291412
8994469
152180141
81662170
69470913
199777007
152863168
71397127
45001450
122429976
94621754
44175436
106163730
114415154
34655599
84721576
295773625
63708320
1432578
66908554
124768614
8985742
71607349
26152492
38733436
191080433
95580518
199458601
113916426
7449566
61862380
54507870
11372586
272127960
17192128
24852136
62410132
30409790
52083824
11064574
84823905
157032388
246773195
91602004
97730505
41648115
43564054
852396
92027831
62734556
72274631
92061719
79204278
191160302
62607218
13846824
158466963
247032019
125509590
37830054
13715033
8936022
142978360
180744010
53864388
51073392
108234863
55545966
7507018
36648403
1508114
145801735
25458754
62326068
103455039
57605151
12734049
75012781
80481716
52944390
245825601
53928529
58408050
87214644
54017660
34250994
94449322
31442930
6068724
96375904
145768710
11532108
31203719
31848491
28490216
10594082
63523030
130227769
33154376
4032726
62187574
13391214
55743710
39602952
34439002
257464391
12219018
103279708
8322380
687980
57206597
99378582
46770803
50785988
42889492
65034156
169542411
28988320
15920324
807352
87314822
138640072
56347581
7438778
9791660
916322
115726588
2343220
98391456
35314032
23536537
150092033
113111225
34132440
47305974
198876370
34336870
26860066
133034330
35702090
192595382
102265990
7862884
97394906
19008094
9518284
1355626
201931617
20621279
70876793
8516886
123845586
7249064
31525252
43784946
4520826
13903670
100396256
36254709
10907658
28251322
53571782
147024497
268977095
194858744
130217194
68095876
58554876
5444249
140299551
26577836
14419014
29008022
113503840
12439178
62873718
89315544
25046872
17009232
89187492
41354311
76850744
75102654
39097260
163601190
13247324
23964550
215568655
13018304
72391308
81783326
25696754
20809548
268110763
56568027
43650316
39047250
34155675
29687770
242932186
111084234
20223716
72485174
75047276
343391197
4237456
13783638
62504932
143529531
102860
61073644
1432844
89358108
2406212
118750694
40475838
87910023
60206755
15113078
27306775
38507108
3358424
31820128
59792268
14814248
51916018
206555472
24676476
7945914
109515974
143652216
72529678
24347818
162288888
101995806
36348502
50113812
10102888
215307850
95248516
72179756
175380220
3256305
51626152
16741645
26602354
65164136
9341386
15214950
2154936
173527489
125558194
42579268
112786649
127532
30309410
58369786
137257877
203858303
41252958
206143744
3857558
176194992
55307300
63866654
93513402
23563670
66370002
25716712
86971732
245643657
42194952
99790555
85703716
46297717
97941039
35715814
14618672
55879050
25445182
209200836
106366870
26434120
160519885
53700490
217392868
59147297
46010810
93931632
96250138
82523594
133219613
58201868
15499760
69423621
9563722
93930648
16843139
55322776
142125000
53225658
136867964
83284462
112225721
181779569
79447234
156372306
24792790
82388180
152185614
170212626
175462
8187966
7192182
4223193
21566372
74780164
120426947
31542446
51225593
87938566
41526276
312216
100463965
11154324
32847674
89227756
27368113
43560902
90244
209189725
58332576
70499054
106887896
18855173
122538271
21351239
216746963
25473196
102035245
4744816
120135546
22914252
19295838
30800120
130856248
103973296
39814570
20655112
18931768
20258454
87660966
6757090
68272662
111542565
175877094
28592774
133453328
49053057
69256638
114494953
44462294
30143120
73618377
62663485
140286825
86892186
5541284
4491710
52520628
30618166
1850992
21862714
89586256
88490006
34184160
47943321
111672100
66160224
70582347
61473850
63341078
3986345
35084476
131062985
11931880
87519609
29273130
56476004
80523503
142507686
21196599
78425532
73292760
25073460
33957060
1701430
5298773
60062323
98385406
128897266
17703426
43893644
79431324
82786752
15953631
144517270
51851662
3179418
33527558
55545966
59006728
50615538
62037458
9473114
40034650
42718788
67717678
58326746
121633856
39586042
57928866
14820155
111429600
28600898
8841852
1137044
28394416
49631371
46559096
7031962
534216
108304832
42132062
68074694
147572601
53828454
49468796
34300190
33454754
75683891
49736589
62504040
114325436
15712559
56016752
21741246
18987286
131488266
59345002
3679748
645356
63497246
159224609
73971468
7689062
4063378
60051354
93658108
24668668
28759698
173941474
2060562
64667061
37316832
51478276
19836132
85187191
6753848
134133007
203497789
42271075
60144420
197280088
11695878
54265172
65889037
61860748
352593
52814590
173045405
179871495
46733252
76607700
6058900
68136386
54117956
308357759
35001886
6175756
243927937
19387006
16570446
24137844
158052307
23824232
4599526
111497076
43683180
20885974
11925622
25727581
89831708
147919368
47689855
113772876
966923
125704398
53285799
45016390
190150368
63004024
6721135
131434324
37275451
111087575
5841048
99002846
98164697
16902512
52487804
77933520
21454814
103387124
51138432
57418809
24319616
31916562
39262480
11728784
192033337
121425208
208250640
45512724
65020811
24116734
20416407
23034326
314871089
17399389
119303690
173567400
57441964
137818094
38494184
94990060
93281066
180635613
25180392
107959129
28591184
64556404
153084145
2416054
105564652
24667495
8281066
94419784
115365204
183993252
81042250
14561504
2114427
19458084
193778010
77555390
71124086
88832090
279008559
11790690
92940823
13564422
40002185
77142202
68478225
67476180
8777076
26635818
13778123
2879584
30977324
1077776
116609938
8474848
51465074
73571716
15838754
123715031
55888756
170066204
49764604
10277066
26131705
2716020
15313226
128003762
38492143
29635426
12175678
13662892
19647721
49089578
141939203
54961086
35798740
55596748
182281611
305292485
81843511
17458490
10390126
1273891
49566292
118977726
92766874
13209318
76286443
177907944
257431828
3274544
63070466
159705835
21875110
86270333
215354748
27154919
137484494
86568090
11441796
146484431
120689919
251626
152438137
126684868
28555066
48423993
99742390
21506185
83929108
20362601
11444890
21302091
46914008
22090585
83335970
130575400
27711910
232033206
6917987
63384887
157065439
25614095
70886184
151161419
7212566
1941938
1709478
9099296
72295228
3113200
12122262
13574846
53849826
55010584
86451680
16774646
112026300
22246694
14592078
62159480
171941288
224252155
32544066
34447954
73553614
4937838
298268054
14788733
83769148
42777710
62973028
89765373
215173474
81004278
224770591
19487042
70686057
36289210
1493796
111406533
24155588
15608548
174363658
43749870
106061569
71733856
60368402
77025468
12873564
284010072
206450250
168417336
11844666
104710601
24376784
145703529
103530020
4487996
41741534
47166540
52111300
23394454
114519955
57207456
67717678
37909838
9694656
94874270
65434830
139264237
74231655
99391628
43476145
33537368
122697543
54574593
94729359
32429968
42968488
22490390
117813555
59536964
30853182
129773135
2003152
2170166
33930130
55349376
128819062
89238404
1249738
113399422
49820096
20496966
44321896
80328440
168917587
11890962
7537500
6015166
22370165
17097928
37037468
8881414
91917424
321709608
122321120
186126375
88921526
4947590
56288992
79671786
20466224
225341451
165249308
198246
18814048
14739392
13766466
38573200
7655406
42835236
61109729
20272824
316763824
9808672
260042995
21523612
50868340
117693109
79509614
184414101
91832472
64009086
3870632
13552362
0
26367796
142283483
100794810
191635768
16959604
86367379
114524938
24771490
20598622
39267658
101335756
21566978
83407714
28504090
42579812
59012396
21774061
30016107
62553083
6510164
91971825
92271810
39004609
92097562
22763296
43912340
602974
71937716
4994502
19880534
23924211
95233642
104178100
164012451
177329589
99405586
266101873
36917738
85421298
103701335
36441254
127430319
32197566
92881610
37280660
31629780
134197039
45168190
62412914
91863878
152309002
106172874
190995203
17724487
4783352
174179460
5615710
122649176
181380354
47402556
15367528
157277705
85016094
7175237
23786174
42858239
5688674
140800440
67866192
6944746
11029760
46515989
229317282
60781488
11922082
70633733
60003421
7184396
4179256
79587666
59130967
29059296
4581704
196849171
78912290
2753886
107234283
266122637
134006564
89557936
81703570
102747716
19272340
29769650
124538589
244116330
47720342
154626373
185870135
28097580
39988656
79952266
63345810
30049802
108260
64285576
97611738
204504328
217898318
43991730
42330998
94154524
2718002
109252085
157941100
14965410
14794482
1852342
75262478
41232642
3228404
42321592
4568874
33942162
88285874
147770945
38893934
79271842
40834270
51229640
4532389
201518395
96033910
27616812
142966706
43627334
9236978
32397258
97505930
19424742
38456711
14979499
37866976
245625843
14508348
105739611
19620115
4274618
78360419
123446842
72885470
97266618
121624303
99944322
63148990
795310
1008752
29437604
17564597
101917067
126866090
83050897
6071442
32897348
95170873
134079098
48723668
49124463
71927795
135564636
58891820
53743262
73154814
17045052
184145499
28586624
61363414
171243959
100505362
99339990
73897888
13914754
131070539
11669340
96048708
69542828
38410468
113406284
36370390
25054246
38918188
377860683
2697606
129076745
36539948
46032000
30974668
136993186
47338535
12564428
98786272
7507018
23731094
54478452
131891109
42615008
5250134
138846228
77859312
17460200
159155683
9141752
81935540
91550122
5609158
82423176
57860868
117629372
17909160
1619848
110309890
34505896
36058236
70194812
129662799
152730187
10421108
90439730
86204566
8858432
132431368
13384704
14952288
12209668
254192
141477784
77536141
29953498
21844977
12698128
145926507
25696410
30309044
23651751
8687510
4991818
62842334
109272716
49886630
74687387
134178288
20113036
13766660
89649360
50595512
128348844
30557026
14902745
25086845
8263062
7030086
112051408
177122404
101181124
93156550
34677208
5200822
57878480
88963256
26138914
33514833
130310299
61501382
27201796
58436624
187144287
54443918
57662282
7686104
73418016
51661826
146496502
58712822
64168129
151672981
13183308
61224942
18641606
34839154
37887404
6750420
291740
52724176
85318090
37031321
146679932
84600205
57127528
3459140
19417484
1520632
76052404
66607655
18685932
245417263
165276742
129234642
80751956
15242330
134398611
7487506
101378078
7743280
8731900
73426661
38861838
43110906
68654624
19546104
62150078
184567567
7306566
66803710
66414709
93496684
21316833
6568722
64906618
118568864
25188026
134112790
126907179
21186960
111004411
219981485
58364920
32625911
5687116
84789562
40529986
69035272
47903528
62877716
4623718
156867549
145919953
67194930
43575180
144112565
23492282
79579170
1192580
132155087
32943534
1709478
3810160
6087512
50821017
94615452
177852856
4939398
50355880
109149403
25146720
66507606
14442028
82158365
157479980
228332464
80628586
25151115
161741718
80922469
26078430
42965958
162345057
39031219
25239350
85950997
27551826
56235278
32507250
91252762
34214614
25261530
4995224
87728974
66623551
1143820
254321500
28762916
30979320
6891878
86468826
21001598
11023548
78510993
5299564
49221138
78895757
184863786
166998303
7062554
11455196
46977373
130965254
3291220
151554935
7820908
23958638
213848
6072080
210800548
22886126
92660680
76724432
104151686
74749314
59525047
113966880
119934804
40924792
65714620
397590450
2353668
8613984
142406410
83290648
16914960
28594769
40598784
63722110
83593920
127949538
132644114
174951248
36809580
18910823
960702
53709336
18506826
22597042
34251676
16116526
41243833
130407798
138909406
172529832
21164260
90814919
47260935
179740979
1233904
35690002
130668136
13386866
3900092
105058868
12625968
79686268
61042974
49083540
56983380
33575986
88470577
118741333
1338216
23226220
85014675
35139958
163990502
9739910
12920652
169329295
32877625
152287120
89857564
186292425
10732266
2627958
240646046
120894185
9962184
42319798
51214318
463384
82780678
102536
134547730
1153340
116505022
120584069
28589503
57748968
19549720
85590003
8023164
19238358
49245782
57309320
214154335
162029987
83593920
51472772
8994934
39543562
29296318
245424918
11727668
174088716
35599749
120192764
13688656
8602656
47521234
2369178
162223676
62481662
64913402
43121492
152524858
70129150
17677822
277319908
101578844
10563569
54640152
65941718
10145304
97702398
67286
585000
219909929
43855247
208671359
188747004
61621378
30345968
40953890
7631784
40584192
84232830
47606774
6550134
140920739
170476802
891886
27693004
4751482
150313028
47751378
31858152
10446506
4354584
5529635
9304468
237465502
30945535
12907988
139268040
123508264
4268348
12042946
132019912
4454562
212409292
81764646
78160268
40379284
114359255
165535051
53574564
114630341
95996236
112170329
43911179
62717200
192121002
82924312
1532422
255790948
220387091
90205022
41014518
85032381
86994178
231033814
650468
61661406
18305568
7514210
69477789
37179472
8602460
14779550
28218459
46907166
9024238
64907853
59648456
15978674
23892344
96156854
43938854
23175030
117920648
255984791
22572319
43525024
15574322
14270033
127611152
4852564
91254692
150828189
114796284
54034262
203169835
6246884
257519035
11283820
53084020
78623654
30379389
10416568
27620428
46888378
94698294
118353226
24670832
19261896
173047037
170269322
37949050
41484154
171803915
62765020
58390550
108296628
25982564
98738506
105725996
27387318
34363248
34427816
6097444
47976746
45605833
8098868
37403377
12932226
946910
125795464
7486618
197575891
18369908
44316302
2903034
74430118
34956334
223578559
82850965
130546101
76194714
13059393
65464023
33041705
34141396
12392070
91810682
29783148
47385004
3384470
12459614
2822532
82184583
31327939
35586207
17647054
75824552
18929662
153684896
19019660
85270554
99447708
171766800
182060225
19881766
30104168
155911936
29755256
118876805
19265638
43209248
52602766
56043212
61630293
33275926
54877742
61628870
49592714
115833755
14186124
17150660
65190367
16149234
60421306
36898896
175561260
38849694
9280162
49322468
41093062
72377122
25910618
24969291
13035506
16734082
104990377
60851750
189940748
240951315
43732744
9253068
6947698
42921862
292398769
242823013
23326510
165485562
126465369
127942111
26713954
121363642
33561656
27026306
18656864
97287432
125579236
66717636
59076863
128478050
141463202
232394719
178747770
201523874
76173582
19553274
48449868
12582836
173123280
34720156
7866241
16298964
49953843
69813590
47176228
79279592
270187205
7719983
76231070
7302314
19799616
177393504
43195184
48138033
122200314
229767931
52846222
48551728
151055860
21970568
56814452
11631482
28813760
21086274
28961518
108680328
50563552
12459614
133205215
72684130
852880
7469388
13167424
51564136
115354364
692152
20340717
6359580
70934535
27084948
9920850
49299134
17497314
202892885
28192046
47174306
104758734
29450198
66616014
152941208
16642666
18065304
12616198
43112558
45570990
3036994
7024111
42797564
8478780
100815967
37807240
77325631
173966597
24639518
237070906
3028988
20129958
56320702
173892935
159660679
42830282
49392654
160879145
128813765
58815358
98812325
138676137
174855160
10686816
27425085
498696
234020972
84493872
71408702
53237674
174457385
19624514
40099532
2682930
94131172
85251350
3058422
22403128
42754076
5231364
160934211
2367476
108200478
27444056
57886982
53471601
9552924
46589425
60615922
207606428
2427940
78787856
202375978
14994241
70141006
546736
9632489
9096398
117575178
26046392
90181812
1469694
136371585
20625684
15574370
34502138
23913460
2860120
63006763
98051562
3108437
28690318
128377428
57950032
55516468
101758018
78303862
85047729
16580751
34414970
146923056
17320730
72137919
52244838
29450198
112234616
7916526
17976658
1982433
151131140
19818074
33864598
21522236
30347324
707962
77245583
5471790
45233721
163442151
21436374
74475382
25536354
129336908
519226
34590202
109829374
68750429
107563139
260292
47649028
34352216
120351260
34513858
7795194
140189192
6116298
12821520
27485541
138447361
102331508
812654
69290312
278178227
9316030
13847494
19045913
62615320
42173264
101026617
26964892
49133501
43744246
59392800
47164187
157353678
63256288
12599612
447204
20279655
26583376
34823928
147165443
45538674
17125930
84090754
36119836
32501474
37087540
96532567
49494628
68783746
31495414
68201775
10509654
81041978
18350812
114632920
78508091
82411276
49842578
4328516
17140198
2157150
160253167
72409865
3041318
5976503
15967222
77522071
65192479
312216
88682144
43749480
139181821
137240775
112924328
158442609
97031612
106052692
128684963
74187957
5470116
85927164
12655660
89937333
34000914
162644759
24120561
437748
1032642
73650052
24303670
20717998
51916476
8266998
92011582
36374988
97445520
43694338
46103152
107075786
13808742
142133179
147737687
33216249
16200263
50783882
2279318
14807640
8896494
98020787
76289998
139188786
12066226
8085918
26833798
36139994
20457677
16338030
69995095
6040280
45418146
5756868
142049052
32174758
45445094
64643671
77340284
221624153
92969888
110186390
64308735
49134280
1891396
651885
50184686
24749759
146279196
7003802
87902062
2982130
8511322
28439159
6295710
65574472
12255904
58036910
10893812
103467980
83242273
94906402
128452266
109531712
223912012
95901869
12521992
81083380
52882306
153372168
113434444
83531350
31350410
43205908
85573340
3501970
9491100
41314127
8997146
87058557
131686399
10258196
788890
29251496
124684635
2482514
5001980
16476526
69808898
100515449
192330716
100332908
56522428
22472262
118018043
48823456
2269374
4548744
382972
56333104
136732213
84567594
16325488
25880322
54817500
22436492
126177258
10685918
77997706
171544609
26224558
129901013
89137742
144472874
84728232
10098658
54382690
50272807
115122191
117826187
64683081
13822398
999130
66521874
96123906
3165068
485222
9303230
14632034
50910344
11925760
116403296
4921910
29782218
131613499
189522544
109297110
108736580
206869393
9021786
56345384
126717730
63249499
87217791
16847702
233429075
22595278
196278670
52033925
54199030
74338527
5497302
5697328
62071974
166610941
65367352
52001652
133864532
64830426
50433486
166625593
58325744
145858878
125053930
76404045
140123935
105836820
20139622
20294856
21388196
22445114
12560568
101883910
90418282
98308065
122321120
18856968
450681
145767357
100866529
23388754
3150728
237885045
2629624
171074104
23314722
45057928
97927062
145214908
218175896
51852900
120658660
30858030
57143900
178005254
394632228
84523139
43107530
110456998
67971070
75103741
88925898
104789270
14885873
179878803
95411428
131789596
29548336
153672834
27438939
217656580
57152206
74932043
43288342
197648
128182312
83241268
22884030
30377550
123990058
78561825
5541579
27322818
154553390
19466854
73322615
40442992
130329236
47122504
17398272
26242222
63678590
65674348
34867320
13907046
14994072
56734386
92627596
44183945
15709530
171693693
34722004
57756684
12503178
294682329
38663756
189005526
7145426
23136600
172040801
71451190
1955690
48594398
28524146
8538186
86666528
152311865
124014218
47399068
26510350
30246394
80752535
5671040
17871676
28569047
122328959
190999931
42348236
6269318
49939626
24422438
61513856
233765848
91616974
123122580
63140389
21680158
27285132
146972375
144528336
74728402
486554
153308907
8269026
65327757
95926668
29898800
30511764
67573824
67335162
43426468
179018595
121271738
41384860
88505732
6317176
199284024
2175528
40418100
35693876
13068946
64235886
30251648
116034134
4911354
7451196
16807416
35906504
59437768
57278696
110170056
5690968
24200336
66128986
26961327
26777882
171689181
107972166
146288630
62013918
130903960
213721205
210719146
112853596
89940444
46878428
122552929
45438620
10302945
5927502
2206284
267683097
25354140
113732141
24239872
1046182
33969040
181792173
43278671
84110616
197478881
47164424
21805752
7730292
5844262
139951490
169503050
1777898
67852504
187383206
24205760
44798322
25221038
140140302
42839704
36364114
112561206
4889622
20099151
4936605
58356680
33489160
152042482
80350100
34349285
155921528
65192689
17764530
49700708
218390728
68115254
107782574
770970
19472248
9617116
2906579
183699404
27764354
14666468
164934441
95898348
35700830
47957058
82647013
84559661
185713304
64903802
121957756
117340570
38928353
95623328
134271966
7696042
60203988
50653812
67210522
140980530
148540439
384870409
62348182
150518938
35555966
53197532
6334256
129168442
131254925
2441247
70637527
17380868
85299299
69323768
45074904
4729372
14505528
21649192
12257679
872456
41417246
136562906
5374428
71789802
7286694
5780914
158591493
12163438
89440024
17407105
63373480
8974210
9499703
70695066
105880645
7511210
127690328
46906187
370708
70367933
106389156
59666486
10218066
25093598
44007368
129979430
17719904
77908954
35620606
114856663
58849050
3702378
89791352
11424074
82167249
72502534
2125866
11194250
137276017
66829908
51935510
14425558
73461402
62003274
36034097
56735963
166276528
84432196
27340834
28354457
72179508
129430778
19122780
93604010
31994822
124610741
156085567
1529486
106363415
73399208
99179452
47042298
5920690
114446696
48289086
16633384
60759136
133805317
47098642
8001200
103681816
132841354
7535836
85017818
7841894
109530770
34949154
127412710
168111953
24000757
379928193
168808122
10363786
8684752
103300021
154318095
52814590
24282540
37047272
189181314
146351841
80702905
4160816
242864317
97120456
23191780
87427888
239073833
23182386
198761253
30493942
100393104
205642800
88427871
69210514
81996986
128839635
189596500
160253167
201649447
12662450
191625796
43597286
93648565
34869528
187620513
92467654
25584564
1743020
27894256
12594300
15874014
33169438
81429446
1878546
143722220
52389891
99291856
99020020
48134308
71972162
55278019
7655558
4489474
21641396
185317158
65063912
94088141
76575328
72923470
25289302
60247006
85525094
100942770
135386875
7549448
129822967
1961702
73610648
21449338
11040720
113097441
8843776
24436196
42838358
79260751
5249758
43174204
10276714
887674
31178082
112643864
53702116
145240149
259246
123777739
112212474
1083502
2363632
257064049
26889890
7787696
4458782
40035436
110765187
86945252
80847100
48505228
275410756
9796368
22534117
99885314
181386749
64054822
108336882
80877176
11581720
62385596
176291232
117913248
110140999
76942230
11950584
6116932
48777032
160133333
205668233
8624210
136618906
27708978
66396595
218514
104116768
741832
64420352
3381116
5137796
14413154
26911770
34378460
161506941
73951248
126522476
9167266
18608834
64897418
23957506
28167728
11491426
31279816
11430507
137247921
90366126
100731575
227596456
9963766
127069761
64489456
90814271
139071042
39779308
126479100
151652724
31874208
56148760
11087172
322594866
31357499
26060912
69068404
140656680
126672835
196825070
82397346
3131056
55786451
11560438
30796616
80972346
16309188
32529280
124541150
135908542
8264628
107163766
52255780
123791165
52135340
84217422
56049096
1992288
45113966
103573701
104241480
74982924
56188748
12437076
32121438
86767532
164131232
210155379
7317072
171540626
223766933
32460682
34551714
75456270
1163446
22344875
20669162
2273756
15864874
35750094
9047704
3943392
3104682
45351120
110486048
166513930
180221405
64919984
55811426
1508124
1180266
73450062
5536822
84381636
14815198
11980066
65046286
132692938
88728023
117289058
39349039
132938891
100937660
123896283
51297512
7194294
96296422
68292439
27923492
5411802
189765449
1302386
1112928
104080166
35836694
108314618
45085793
74155216
92755384
4191074
37274508
136969551
3475332
53363662
86587712
25389096
5050240
6230236
70791364
75241892
13261414
40956268
383698
15008692
218000141
11041026
79107392
41925222
112594685
8982388
44496956
118033653
38549703
43113638
64861938
58296242
432383
31249612
11307124
71187269
52571714
5256804
60153146
25452804
4120048
61879940
6092712
184308145
120011521
14015939
66199502
33818898
50559994
144987309
110099023
127786072
118766850
5025004
165472781
129410
13752604
145923487
127271402
68362528
73105146
8043432
206158746
142498633
26363654
8888602
253870277
67347831
11346352
130672953
20759182
68791256
197643767
18810230
4115122
135761922
33251692
50093740
35977572
99364816
123861440
60564036
176604325
61772476
94929139
55077636
65342130
518086
11033510
68215752
70855513
42758190
62418750
82176338
66696780
29815917
234189697
75414516
73561218
35292782
22044814
2210800
161843539
62265360
24979605
59485978
87686470
151517699
49458946
69634924
163675175
333363416
7588527
215009639
208160632
68214089
136940879
90723696
33476844
36721458
23957772
27992886
47343568
42048536
2053794
14490173
54707216
45327221
42444296
27333622
60089278
29586043
146680706
40070216
65564616
10618
87463984
111908639
97717636
100809106
84764588
76646329
20010356
60225212
57523288
63263078
5161200
75411942
82033874
22213770
100319766
48933809
63610508
130171946
126984639
63248430
126446793
13974760
30701708
113459639
146817788
101398811
31473634
13693410
12125008
79574896
5016282
154419996
138025397
76814794
67326277
30707154
446192
14446854
13453397
27794
83875686
24622279
52599788
68415042
98000686
33621236
177374317
65772744
28468650
37831352
52797710
261534839
71444517
110341227
14729965
74823114
28910444
147917779
13733641
157334414
66556504
5373554
113588589
14234144
151548342
560700
92365539
36384977
105658601
121057998
24554030
14541476
145688054
38844974
63748054
195869920
91237649
120644422
112231188
146184093
90157816
70532760
69363955
6716418
15366414
30517938
5852770
73392061
36875382
123532060
8248710
121594648
81102398
107022618
40374032
23681890
27333448
128247322
111268301
62480858
70497860
107664874
28041387
68842866
8679817
112385795
40481364
54424159
111520351
20034546
2533302
136911395
159119392
29435931
8806836
103579576
230432673
149807930
55727946
4978546
1732122
9639236
5685988
196683059
1307622
17747668
65370774
119175238
86099994
25888130
1613676
13658614
12852282
63761370
16312672
7198634
52863675
29153870
595164
110726280
37003440
164649529
19781676
27950282
69172604
138384840
161102033
39649152
110897067
29944030
37274818
236635711
52227704
147579524
143360407
25472434
83170100
4187729
36051428
59365872
4521952
20231197
93386611
7907978
42421892
155262773
93310474
98627248
68592378
19693966
34512520
43997730
27904234
20598558
76479256
86231274
49343406
32451882
20504592
164468029
160838535
123183420
27808238
208128357
74662975
5535197
108539408
24613216
52448426
18069948
40904730
45973384
18672186
111444030
58179438
14391188
106964830
163212801
33088046
84532743
116657999
80744
27282434
43511932
56120174
5967616
74271564
21418911
18947138
509554
25136698
4290686
87658648
50124590
65184280
28762778
57828533
36110356
56573436
39117210
21094166
25144984
162043569
58398001
152908946
2723101
107610164
85460025
18186905
9870208
7203748
130568682
38285840
1347416
58185522
13242118
62504932
183403423
34945456
47913248
102293785
25459224
88192605
118046454
41685203
69556208
76052142
3489017
6236272
66426918
88805321
6194424
101695190
172694652
21493072
65040772
63866654
82718132
97126321
193397810
30231621
125847324
194570804
62124822
30017076
150966459
32587814
127765764
81335785
113958389
64500188
69957944
33831240
32575631
87558728
23435740
12653896
1860664
35858314
114942473
112618117
104833517
241533379
165438682
53737568
50136370
16886166
1691916
18194328
51339248
121503630
122784143
156696246
16313670
53313446
31329768
54310138
96416821
53978535
12682275
56167186
10800110
93636350
13316126
245689855
2758463
45534634
212252646
27084718
32548490
111002881
150945870
79224846
122532811
129624089
127025512
106269281
30472680
39513947
161210978
259642928
6761100
123699690
61837228
31768123
262821535
35385563
89119048
119017746
71210880
211725178
203591692
57018650
20171238
134170333
232322873
96272730
20832304
20429942
106116028
182196462
63004114
16891865
7512826
112876727
3974372
81306913
10824040
31962556
16025818
135504889
68512882
11287110
136279531
1223832
59281938
99186548
145305315
82315010
2081480
109441045
85575220
34213186
151718763
12882133
111660486
138887598
50716196
276874997
19749272
31172421
116313434
7521893
66906768
47434398
199605840
40776608
2378173
938564
6912154
91135907
103423432
169783293
106618807
67017384
27802441
6675744
62123816
129581275
9853738
32745042
37396670
16144038
27689480
60561800
263969005
68186504
121277226
24563677
79837347
218569468
37036394
43270452
1887226
34956172
53232462
128542539
30774048
41901720
33774886
53999546
161426790
112971650
44442751
28878260
23946283
81857047
239721958
65194960
69618540
31770410
272950923
146784834
55318988
43809426
129784237
47723806
52951860
59378610
19704360
7926986
47033612
176871375
3788091
145188
71896925
20289460
54791936
28374160
56162110
168174203
115312021
123766151
47214866
5340610
1001394
98837806
179765793
70002278
142918133
130857224
69526685
190057316
43119453
80410572
33339085
190164362
32803094
13122630
191996626
95189272
9728952
171522797
107681025
5824900
99086405
41180767
66435523
132636955
136489722
48545874
36581388
132265562
30596390
19823568
11944928
165347546
12723610
30934712
113540774
63191242
84315126
75494344
173556039
120391670
95920142
85701161
1245478
60886878
77496148
31223006
58417805
117990980
27570758
207610905
68775740
98110880
10467742
27850458
92411116
123225850
147617609
29570128
163490636
34486196
100977272
39586042
135250782
3565842
164552954
13409066
40899420
16812240
5490176
14164330
84092507
138654254
30261894
3407400
129008630
69689629
133123085
156451369
130246246
73409655
205327145
94207455
29120270
9707744
91506494
156519308
24451720
115598262
95582820
1826078
4257738
3430460
13106510
5279184
102318979
29841498
52554686
61715290
19219658
10045864
4377786
1539938
3538027
139143898
32368050
110447089
20248590
142996539
82747308
100074276
119078885
21563894
94449406
105842990
114847049
65225654
46480140
61214218
6722178
9350584
19528087
134088790
33499730
123436082
1530112
86461823
183507730
20422398
77809033
152726263
151012972
56115406
767736
23048354
37006916
30117120
97851348
19279988
138225
10412570
172010985
7004020
74571466
108870696
52544564
57141770
33817564
1693418
123237664
22907388
185014044
14686598
4299546
18892334
93096606
150510656
197695698
140848604
137294232
126363820
16023212
76107039
47784916
5401698
63732082
35142044
91856778
35150046
19354092
31394054
35139806
8026368
105760816
158545267
19395561
27751122
44593008
128725759
20406684
6670566
31421388
105813318
62769844
126855376
6436144
93189197
4511053
146477647
197399164
125986119
27890738
101546552
76754640
71260182
26510350
9841230
68158182
667114
78903582
110373532
21627470
34799008
131962190
96061999
11101212
65426738
177199955
74808296
12965336
3941574
2276000
3267022
5886360
48962421
227558810
91558875
183313142
22550999
21529372
193656411
47531673
11617076
74371698
98664944
26358855
84281000
4047258
2952824
6644811
27930898
97042435
261854373
208492297
107786044
83170100
86238393
21686684
117243116
10389806
169166699
102100845
151766102
26467692
78860893
55967768
93300002
2898464
116532227
55132077
174744060
559136
16679768
94016426
20883516
14415543
272397882
339976095
18482361
109969022
96662338
96662338
4518256
54769220
276556
19348105
70943845
130892355
52261736
41223714
108981824
7805154
153823050
79457783
36901429
12501489
11107512
8169381
5869226
1878214
39544488
28145667
40449472
185886100
4290480
147109013
7171762
59837335
39590503
88664994
64532886
182018627
30772756
133455945
64052152
129127135
9298702
102705628
86319178
85550732
223556766
25989756
29110437
25334012
65301883
44787464
47409438
74226218
16406326
176037652
10185170
28361048
30669898
1912192
69175415
23040300
96865396
205212893
31405330
96646802
42212610
100775506
8361058
183805612
1143142
24223900
148381271
141337045
1948656
159996622
130840519
126888564
56484686
10569770
73452435
137560172
197772134
58492844
187158321
45455070
14330698
39751484
27348948
25695786
31377340
98990478
12293744
4750912
6736566
57649930
80500846
208113093
82387357
22269934
37963532
82324159
112285652
15074238
35960048
38458908
8244634
77478353
191060774
248660951
35096094
84475249
43558731
46996918
1272380
7721560
62905451
60974536
87378190
16015679
2281756
53647674
32302530
277110
5263758
87390847
40201674
98595091
79944572
167188729
60589964
135687303
1636840
142932986
54054976
176023394
6677482
161410651
164776782
101380930
23068960
92641152
55652903
832228
37401274
214279394
65514262
31739470
14747626
80768745
13085560
50231890
11861850
168162595
21687472
116735966
127214479
106074864
52789386
73744946
18075166
92588799
25892256
44172970
74899526
85295215
37161503
83213056
83929108
17459172
55868916
18831509
77960807
82607888
48503401
139217115
155963158
57874386
140775519
257008
29929476
149033754
19811887
19122400
56699444
8484274
51392890
51205706
99419590
58207702
268396407
179879116
12175678
21368042
24759474
5021798
117076
54357583
13078144
51423234
50634902
48978673
66771132
35530628
131806464
51980327
41909460
211285493
5417234
48478036
121560841
128930262
122967934
125967920
25212176
109656652
104744203
54566100
28788584
12410960
29050524
149073699
77372798
12754838
77945696
74051144
43329094
139621104
8448598
108943563
148032696
18419758
16831334
10408640
39293122
4480900
72337788
167990642
50203432
160886274
37344540
45031758
2839044
14604324
78234981
226108
24312295
138171602
34974672
16262370
9361866
144673598
58955104
32551470
32919203
165714148
47136186
9079934
46258313
60272618
8540676
109869884
43320149
93993866
8008332
62388103
68270012
56263144
126706355
45218208
43311555
355991606
172020005
93126124
105097220
22313176
84286606
214194965
36201983
10326354
171716873
4089908
40907038
37170967
200713987
70155170
45727001
27827010
73321258
127236606
269021101
11011141
120974536
127300622
3717722
8737874
5245080
63539854
22317394
56607366
77193395
2460482
55387338
112629035
48789038
969498
9079128
3108816
5946392
13059064
3846458
75243702
28276540
177199522
64132382
92936810
75902093
20195610
1665716
11031052
273325386
60392894
182487702
13168270
15706780
152570472
7440006
13103347
111189568
132437333
197554269
127572277
95517840
44522002
96334212
20075628
3675526
149341566
21473480
1806148
105361754
113047772
34489290
10896343
32477707
80191419
2649648
95889580
112915991
35361720
2909556
50772510
20353396
8063052
73377859
82240684
82277275
95582820
193861142
4233898
68344069
8998664
22317394
170050702
19366111
11360907
17989134
82891946
120629480
1883188
60116436
45246510
114355464
50974123
44336295
18092294
96318374
144860941
75244200
233199093
23832212
135580945
115274139
2122486
66666922
114355948
16325488
86442180
7564049
208509399
212432811
44816688
22692532
335471910
25442026
150687227
33402688
31132708
224625059
140934481
68189215
67586861
27018179
162332781
68252946
112951344
31875606
129163839
73262786
64611251
103853856
73665848
30601892
42941640
964892
80111590
153898138
33810360
22136800
290920470
163288012
153762671
77450680
17698188
1937708
50359592
94855198
160606874
69464558
184357944
51478276
217804892
83626142
27789112
11356806
23768434
7743370
22225930
43048875
117691825
3766658
14285844
131809582
8387960
1362130
4444428
22172592
27280146
12682275
57136522
5199764
13100812
8541916
57892723
75498568
22545680
93819846
13185202
60616696
59885382
104042440
238003521
94067600
10992390
59123017
303138
92445710
26590211
197661960
14783524
96598915
136301721
88247945
22980844
2330128
25889969
21159300
128581590
107868002
27390366
79577798
18198804
305344107
272079587
77600931
10569098
12625780
163617589
39816967
33503048
413684
602396
113636093
45513271
7656882
21590332
18649902
90887546
13000370
82725572
37831584
82602494
29398884
83040228
13169112
55487018
30569128
220985450
19397904
60931725
21828920
30928614
4368314
24044272
425812
77168656
3486358
148941350
18711396
40582772
12864286
57354626
39927984
68179490
47557374
129512052
6968414
3281816
28874014
113369196
149733287
36902270
6412537
8748852
99917536
154518408
41404739
3090547
92171352
41074353
158578
79565932
16191292
56118680
55121192
47516448
41282768
178773275
19585530
141436651
139857832
20629412
25438872
151320728
186344101
28137026
67714515
56864693
195321678
109665604
32115280
27098236
59143256
68129002
102735808
2500958
96821394
80932522
6345774
12175686
130078932
38089820
67703782
7005174
22102
12843068
95815873
6768010
322566881
3749332
3364925
111673000
43530920
51304356
112579768
127748791
14512272
36180210
72586272
9980664
222209125
20425120
137710781
31544953
78435542
210433078
112121526
12839240
124960671
17904114
6563364
73151136
36509878
171076872
135058366
95236898
19015208
20463776
45416280
84988936
79059948
110682334
9283550
225803115
49431116
184521171
35596342
83441470
22906298
86472238
40456024
25544994
9081030
168706215
45171568
16409206
125574256
294258
66334492
13002644
115374538
1921778
57831790
16789631
273491456
143920486
99005341
135260534
65131211
3853722
16005764
24441186
4353488
10105324
13281640
68409688
29789130
2222464
78876374
8257106
16638551
44987434
210158441
84378
15687780
176173655
79801754
19371289
39675791
1146426
23002108
14599328
212943677
10272962
25381288
2488816
9957558
40719598
41140329
94416548
1285522
207102725
80006700
2253364
21801022
124167816
118198219
80287044
11603634
96197998
108839984
6640852
204064864
14448396
562348
30897950
9592062
47133819
188881995
140891380
61779267
82023156
19138695
36703410
11249604
81003647
153171285
6802412
39573306
132056560
80456698
72099594
49880290
3483098
64568015
163997815
79947824
69258696
6262704
105223080
28430164
42633786
82626933
25756530
167449501
66521590
19488908
10165300
9472100
267074419
92646886
125983736
83552494
20913792
4171038
3726604
136366635
73368094
73328430
17609204
27614158
29114492
26799329
75101612
165759534
32900138
52043025
38549703
13315814
67034887
83233676
257412413
15276293
42957368
187061364
73778485
109099245
17288349
265247619
68591302
1652874
195118877
34370007
27776510
164803972
33527658
75482
44485994
273764477
69293701
126640446
94712716
43788530
18845760
48246252
18526638
194715689
117241529
29838928
63470247
242470132
7203748
14456418
3379536
207164
96848303
120919053
7813480
62213965
11347388
49637524
5756712
119429077
180828882
19180215
8952460
27333448
26359692
106313210
844462
122544293
86248512
151734112
199718207
19366272
63867444
262494973
110348312
148264105
13324661
149431412
98104344
7577640
53183706
30427760
10118511
26429588
74716886
13320146
5046568
144474169
23722172
9458568
99361248
78328060
28332472
124289758
52952116
84293721
23331700
15100575
63338228
89251413
113084177
78237812
68087834
86874773
6173136
1683260
32929390
76437864
226577270
6202256
22997050
116956576
168646
6100730
5563970
38965356
49158000
196309042
106454734
91475436
3798750
36291120
19696012
34132440
4961790
6482060
5222934
26056660
7794808
127919935
12071802
107735971
78325752
40655768
18102528
5714002
224370182
11914302
6870060
76584712
12714180
78668812
74648782
151717699
14107862
9509322
59098832
139022654
9395792
106928989
243837711
1571796
43694366
45661232
140318720
19972423
294344149
167019148
81206573
73220448
264168202
165089302
17788
1743014
520946
138223107
123780808
269892818
23276461
2288626
58538202
14882453
153377881
192699089
6366004
61125474
25351552
22961444
36054398
24379082
84807576
151236896
62047982
96526734
259632985
65213924
112217195
117611054
212555855
99307962
38998378
77379962
95363076
20997484
157383319
38322984
62410132
65389554
127892708
105824127
214766739
167400380
16046659
156128294
27029284
24174482
139792760
146549889
18572698
85506122
48173077
81284026
85430574
86463236
19571114
31749708
10454548
67428304
71171862
143086756
21427122
5028404
135199466
100196684
90923218
260887195
34428534
89456765
154905250
7050976
75526866
157396112
57499480
32152944
12069396
3078704
159317992
64611251
47120466
85497518
165438999
212127367
169327522
46314638
63105621
7565682
44048322
13808006
55061290
34139440
1638148
64298017
231163828
2658978
71451414
97573727
47155656
4413510
183124238
33855342
95772538
36086322
46009234
70656516
3346296
11033264
238177971
18169586
32059278
18271840
40175802
24629468
154578163
17324238
6952644
79121558
6020020
13527429
26079986
94651160
81848748
128385884
49038934
26803092
20308737
1022506
16985543
90909492
12300855
167804881
87283247
13309568
82967060
72443476
89235536
50520944
236300382
63018514
14231040
147968466
162947433
15977405
76705720
30607312
44052812
68760432
96904497
44585178
84731250
30826232
8695318
164547361
9445868
600978
20989518
177744373
42240606
27592031
52150214
4079268
35004166
3071397
55307002
142425669
90741566
326429968
68430034
100749622
28116715
13586570
87398216
13500076
94035042
275514597
52146577
7857192
64586352
58888826
30177756
234216378
10962349
107759225
4628437
37939990
22523904
873397
149335991
6614746
929026
9779716
36180996
76417998
390342
40441546
18574042
24803494
47183581
83485109
298508116
25060820
37804158
81891068
180848937
43008854
57869950
58126264
26053813
6278068
78556410
12789484
36108074
51634404
3308018
172822096
176154746
32301388
7683358
141361753
48289268
15885210
152345960
111436808
35680443
34060770
151051718
67191562
10492972
97878231
159862157
68102567
186523254
23858392
57151524
16972780
59221666
130732391
137522471
4482984
145643163
39024739
15044548
2138623
28077760
80833496
4587908
46783994
45653250
4348798
221684
75178628
74239700
16800907
34378168
155700850
3082768
78435542
17538510
16214762
86654036
47765370
60654496
103931887
129696816
79424746
8822292
6459688
149879446
87318936
69795901
60687358
35105997
115118672
19114450
16827698
55750123
3249360
56037590
5935676
258914893
42357660
39525751
13533896
108268273
1658256
25415033
158816172
67731810
27992888
31744196
66569784
95806760
122608816
46013921
42008028
14408334
26359756
3705012
239046549
48885768
20738543
38901608
19684966
92187568
91053815
90636640
135673683
23952975
9661953
135934803
7461988
2943750
4090796
17130398
70453086
19984588
77589242
30494160
94446640
91419447
113569179
111123694
163555444
95025766
47250680
131714134
72693392
6189608
85238120
7803050
18279282
71912726
92548630
98471934
29830770
11217062
163181178
69611566
9721008
94117073
176741206
3575248
41656807
39122692
1496832
88501756
83649161
5743522
25727056
61965248
40894318
7607186
53273628
24937597
45768047
80020089
82946343
192732751
227853083
13703356
23054096
100093838
42597258
52427311
214210988
89286639
14853378
160344774
58904278
47790460
178929819
19673945
87600384
1482664
49048256
24116734
126753069
113555064
105248407
44219470
88715596
65527412
31110380
37513226
98939173
22468958
2133456
56034609
143307479
204351870
14748794
46102953
10054622
7663808
23828148
37213412
150504734
157835120
95122672
68457896
98102163
164198552
214554703
552038
40716994
5570958
218401675
13460766
174001868
3164314
12639580
137792350
10042090
130967301
2438046
24148712
185861976
3036444
140980530
103586246
46446572
92870372
56981685
13152954
51588792
1826458
46216034
43509024
8755824
14546826
14250690
87570442
61421430
146770447
29302052
122416948
70013145
51351182
9685536
78161526
18342560
121392018
4982226
100437682
218630677
57786147
40524722
16155548
45379153
8650194
21894955
131320180
50955450
151410339
8604301
161969397
