378730605
649537044
339843141
362013697
600127619
123276007
749019778
22
30
54569538
-1
26669081
33
255375699
0
7
8
-1
427653834
2
9
19
7
9
-1
8
6
265022184
218253041
-1
24
849614439
9
29092527
539604026
0
6
-1
6
-1
12
8
-1
22
-1
13
11
26
7
-1
2
0
546008661
4
6
86261072
-1
448122840
873577464
-1
0
10
66411342
2
4
821982178
24
3
5
22
9
333572824
21
-1
204070300
196297131
5
911176895
1
20
656247511
973721741
1
690630872
495967776
23
807972666
498718656
14
18
17
-1
2
292730785
25
4
13
-1
9
934193015
18
13
14
0
-1
-1
15
19
439714222
-1
593254998
-1
-1
731601556
-1
827509342
125641673
3
11
-1
-1
778914642
4
-1
8
-1
19
2
9
941032528
7
22
11
0
15
17
26
-1
0
25
0
19
14
354995450
707835006
188439518
-1
3
389425116
-1
640914051
24
8
611643768
28
-1
137393166
22
528839201
25
22392035
10
944426092
-1
-1
-1
30
134723210
436754187
16
217901746
516845438
19
413461132
24
-1
3
20
6
842341894
276211385
0
25
8
113534675
8880597
12
14
10
712601977
12
3
14
10
1
0
17
292890462
15
9
-1
4
22
899000709
16
5
4
1
1
10
-1
546736418
4
-1
-1
539913428
-1
2
2
13
-1
-1
106148345
840305787
33
7
-1
587235375
0
23
187168349
-1
-1
797610143
-1
85404051
28863142
4
-1
14
333084170
22
12
85364662
576790861
7
7
20
507949064
991858417
2
-1
662284259
0
886675418
-1
23
-1
21
234570358
11
15
0
11
5
10
0
0
7
-1
12
787104567
237492456
20194235
8
-1
12
589123276
529272925
26
903051152
810337229
-1
0
676637626
-1
9
-1
822928124
7
640028338
-1
10
0
860345575
16
792733331
6
21
658140464
9
4
0
1
9
0
5
11143449
20
208699672
-1
563103488
9
15
-1
0
943751618
-1
602432963
873116000
18
1
979602763
6
856949363
-1
20210700
34
38
4
606776747
4
9
5
-1
-1
2
-1
17969757
6
666569588
9
7
347297784
0
16
462644229
8
18
442665482
11
6
770316323
-1
336792313
224783776
17
0
903430390
201287457
17
211991200
32
22
13
108057518
-1
35
8
-1
-1
2
393721939
5
929906081
-1
439261485
28622803
11766160
100535722
-1
10
6
-1
77972479
146015683
20
-1
396358316
0
-1
809117764
1
984908207
12
98932153
439805832
0
-1
-1
808641750
-1
24170023
306703911
17
209294210
7
3
706174678
680019846
729208088
21
999490231
10
313776321
846988399
-1
-1
4437240
4
0
4
9
545732450
3
-1
14
6
547409690
400564652
23
823682478
459611791
861387522
-1
12
4
15
966462882
-1
61932831
-1
9
4
837464603
14
148000804
8
3
3
0
10
623593775
15
2
18
-1
-1
12
-1
-1
858344745
-1
377631840
30518338
12
-1
313934886
-1
-1
666536567
1
607082331
7
15
-1
665230321
985683352
-1
2
1
842034228
2
17
10
3
90981777
-1
-1
-1
26
3
1
706149913
5
13
4
16
398384824
17
3
4
912217891
373829592
-1
-1
-1
6
10
242536546
4
10
613624391
3
5
6
0
368050036
-1
13
10
9
12
-1
43222993
-1
-1
727826085
29
-1
2
10
14
21
11
30
890662694
4
-1
327302212
18645006
250551915
13
7
448618313
1
455991614
2
18
13
10
26
974326483
12
667474895
-1
462169791
469604837
2
22
976351
40933668
-1
-1
80094728
-1
-1
234786860
-1
898515700
675164928
11
949764029
35
8
7
361340266
-1
-1
218820134
718818848
275566842
-1
13
-1
5
31
463397962
530928805
288304723
6
15
1
888064378
13
325855458
4
814617208
820276912
888224322
13
-1
-1
-1
-1
-1
-1
3
15
188093191
21
426113683
789977443
8
-1
-1
459035524
5
6
-1
25
5
2
11
535344538
-1
763317355
5
283077539
5
19
6
0
30266266
3
868573808
-1
527856
-1
6
637761513
461618156
-1
0
948386008
9
119799126
18
825761717
20
15
380405240
8
8
-1
13
10
461656412
-1
-1
2
580248734
842958263
5
16
20
88329651
880372205
16
544166763
17
679776226
129101069
-1
-1
-1
24
-1
5
276763491
14
365803543
-1
384914672
16
2
8
18
163948037
309697614
-1
-1
313954009
22
305744111
10
17
20
14
590376445
144317590
16
942811228
11
688675633
4
673893468
9
1
1
9
927060651
25
13
18
14
-1
-1
8
9
1
231126650
703006110
24
-1
9
0
9
634921995
811913358
304102930
266067661
3
11
700131943
727313323
15
16
667215810
-1
27
350719815
5
248222209
2
139666012
126788797
839936500
7
-1
15
1
22
21
9
224120521
365214851
-1
1
0
108793241
16
8
464095684
10
400277007
3
8
360769758
12
163854739
288228250
202410620
18
733778402
-1
30
32
7
37687191
-1
3
307999300
11
7
6
9
97386346
10
526162971
248889535
26
373790398
4
309643923
495504456
325222170
2
758846229
5
-1
16
7
30
-1
-1
-1
580991090
25
135924293
0
4
17
5
-1
8
4
8
18
-1
563110660
664325066
-1
12
17
237597416
9
11
167615288
541424033
14
-1
-1
157894821
1
16
278238473
14
1
16
-1
20
155693869
213341073
-1
-1
568696119
747356592
6
-1
656526603
-1
849569456
356951295
3
797588233
58089683
606079916
1
515965336
725198692
-1
1
3
0
1
4
17
11514376
10
-1
17
802964250
4
3
330480982
-1
-1
679934529
232138991
0
9
68076066
939831310
307376049
17
3
-1
609092952
5
523185966
642877474
4
-1
735485469
7
7
-1
-1
13
-1
3
4
14
835520450
0
2
993040082
11
545115893
13
740870793
14
974826521
19
22
92958877
8
-1
-1
689443506
4
4
34
6
3
6
6
1
32
8
25
18641260
-1
666298196
0
7
-1
4
-1
11
458761670
484680099
2
12
315839465
888296133
0
4
2
19
-1
889227231
7
260240979
12
136392759
-1
18
243075646
-1
10
11
791440801
783227104
-1
9
818735268
-1
915053830
28
0
-1
3
-1
8
-1
23
418430703
4
5
194108898
6
12
7
8
8
-1
1
-1
-1
-1
26
19
62608613
563597835
-1
7
9
-1
6
5
-1
505460919
-1
-1
373881529
422567335
37
488607380
14
572931456
5
-1
562539132
1
-1
0
778929117
-1
992923280
5
2
103552449
372314959
3
168712414
8
7
23
0
-1
21
230792965
534163870
494992993
18
16
1
3
14
416093465
292871034
69643352
323407016
317453020
24
-1
2
12
87298608
-1
-1
-1
1
21
575703690
2
14
16
103957144
4
-1
13
-1
788500718
-1
7
10
5
247878413
24
10
4
4
245518362
789911209
349377892
-1
2
903458763
1
243201420
-1
8
543684299
9
820756703
718307769
16
676999319
10
-1
546359363
19
25
18
557020719
12
925258812
107758718
245008446
281024504
23
452870572
-1
304385573
21
15
26
2
2
9
12
3
23336404
250440963
1
-1
-1
1
661012435
17
11
-1
-1
0
-1
0
2
11
21
195803560
-1
6
7
13
28
5
562766918
16
179727589
8
8
304145791
-1
10
15
621984660
12
19
336865689
6
