16605528
18598169
330134
18073283
13500388
4424890
10261690
9921077
947604
17754047
613411
11718155
5768533
5895671
3057314
5446834
10213454
5402223
13901108
11584781
15777581
18416427
6430357
6765661
5376390
2128331
9365447
3117364
6582129
1880008
11946500
4070665
1079815
17584866
18287229
3305292
5051282
2029053
16736009
14289695
6039039
14530545
7259486
15517737
13656660
8837618
3275516
13993064
14543377
3230554
1180930
5803850
16703841
12824230
8492265
3618911
13874640
2287283
4238118
4360967
14735880
1850557
4487225
666822
17469896
18612315
14654775
9906500
8514963
4316261
14885118
19249682
17033231
11914282
6226303
19189788
10096924
4009110
6358246
5457418
14759949
14534215
9076458
7446106
3859214
6046706
6529189
11714759
2415035
4886795
8054627
10328454
2717175
7131473
18434443
4487412
5342950
6022377
15333364
5624077
8613669
10538914
4662749
13914840
10719609
18926861
6205650
4876834
17553481
253634
17609346
18338016
15081869
8214199
858024
3839359
13384583
6862559
5455483
5062338
13598139
6201767
3870684
170954
93467
4829976
6272854
3510383
18122122
13264550
6682631
11445869
14162036
4158659
15585894
10617150
14064498
10480630
2441333
9647612
2631630
17863717
8659254
17974138
9579941
12785903
15182463
8350272
12896607
5873957
152120
10443100
15214968
13777646
240219
4339923
2893764
3219707
13337247
281168
1886680
9690234
9510353
8735584
4194695
14376885
19012870
14128133
9308698
16853470
11317558
16565960
9553420
16699897
12040279
17354158
1933016
7287735
323375
1710385
5177170
8585444
16654306
1002280
13735300
9512147
6733347
13870863
6868425
18083830
11724168
6585659
12753533
903064
3955899
15228116
7786529
17066013
10429801
18190628
13138808
1471593
13133518
14878135
4549110
2623845
14049583
701661
11532881
9926248
185806
11187624
18699653
6321907
8334672
8150314
8885590
19096824
12904344
14130600
10141348
7422511
6770408
10368384
18169859
16475668
15479167
4480171
16282539
17558111
7179904
4646019
7273522
3010122
6572793
5088484
10781260
2931579
16715082
10528778
18511115
3138383
7040628
9817836
13157512
4921206
1761259
2328897
1209228
1386327
12994551
18367032
6934892
8677846
18360061
14933617
17322126
8661766
3506064
18787872
368206
2227270
10366770
16804059
5944308
6098015
15828353
17512221
2197954
16318410
18294413
12246493
19212952
9933145
7974041
12369274
18267987
1653581
3585080
7034593
5049143
18506597
6193982
16086489
4786097
4669082
151657
6410554
3003127
427338
4636964
15282869
3523965
18429580
6626954
16374832
2319486
1415710
9765136
17353859
6117193
15625291
10390157
5129030
14183815
7495845
1046228
7824193
13204445
7305544
8245015
19035067
2168460
14000652
315138
13003956
10718436
6196640
1609177
5730926
7950811
308860
4211843
17963136
9546432
16295274
11964086
7115260
435531
5720896
18877182
14721699
2588626
4055180
16435492
11774651
12078407
15266512
4874243
5707155
3382174
8421890
7280520
13220092
2740001
15009421
15014853
4740987
14501335
10254250
2768694
3332152
18239015
15859077
9328451
13405410
16675293
10426007
11658991
13079862
17571210
2912166
15152573
16146643
14947917
12982277
8896721
6336933
2385571
10642697
18304481
14962580
7492389
3296845
11418948
1308228
4450438
8068743
3026242
10976962
14619664
11469762
13653306
19145504
12668927
3741360
7513648
12760561
6848756
18208626
1824282
12456413
13831826
10603230
5242814
9319514
10469627
3621118
7960124
16590509
6870059
5923496
7096307
12970321
19003939
6995385
8622002
18943779
17625417
18470381
8768225
14665476
10473593
18216899
7168480
3872958
16850919
13642654
10738597
4741591
17567955
15191917
90746
14078218
927187
9281089
3917766
15284934
3279573
11105474
17914361
2918155
5047602
12593385
17534368
9974447
9781244
422498
11387390
11775841
9573784
2689455
15011419
8854373
16520777
11189569
5682681
15991301
11206159
13671076
5873748
7660557
4220785
11375090
5903306
10085687
843750
7215771
17984282
15632091
3376181
1802371
9882024
17907980
18014444
4968516
6423835
13516334
13472343
4385632
3818479
8712010
17992281
11187833
9061411
7876112
611013
3952005
1409369
7761175
6769547
2442923
17225087
5279898
3816482
18273540
12476157
6366403
11758530
16056607
3531079
12035630
17490025
303800
16692267
2588361
17064615
13242546
10961993
2860217
9142894
9516517
7412209
19064275
4752910
13143017
8657901
13809121
3596621
3493598
4051099
16994166
3016458
16525815
15806061
2864289
18677228
12754249
1017833
18487583
6502938
2461069
14529566
15347370
19189448
11993342
11998657
5171842
16999070
1743306
9373363
9934621
2754061
7945927
17060691
8460452
7652651
13851342
18939745
141267
16517065
13440166
15538833
4346870
474104
1101019
2216099
6353060
16436297
14360456
570911
8299920
897502
4236826
14307977
16766319
3748323
13047531
7496604
1883770
415948
13788792
18575938
12167419
14649585
13805531
5238912
13080566
17501306
9628594
18840723
4029633
4202954
5380875
9374295
2597169
2983430
11150300
9866512
8062143
7838274
8896361
19181816
4385989
1255253
11832636
8557056
116233
16245098
13807238
1759442
5221045
18954010
13178250
15263270
19120641
7859170
17665754
16889461
3930332
16294999
13855120
2259605
16738266
14809537
11528445
10559859
12411134
13985784
15820013
16080680
19205165
12456850
9636088
18343702
3509292
12394419
17596117
1643757
5234696
242632
9216299
1888011
325505
1732293
10011346
11943336
8788762
8250514
11666749
4475263
2389639
9500567
3631670
8012798
6812110
4126696
8388244
3628199
4323373
7838833
758422
17472978
4314178
2595243
13014674
1280604
13068038
4927921
10696872
10973863
7467121
6412594
16499187
8346919
12684018
2865705
9802102
15318737
11078185
1513397
8478829
6748538
16813545
15866871
2812554
17559011
416330
16521818
13321244
17124638
11664798
13855108
5183272
8305041
9798957
17189446
5535854
3257959
18556852
7826771
15927368
1531504
1637856
14352514
7748082
6758529
16967554
11476377
1821400
2409999
1829605
17020293
17668141
10985010
8988880
9093140
6505794
8847149
12302038
11517005
13974404
10163577
9096246
5156578
595380
14943859
8908387
10413252
2076315
17146822
9449650
11641637
4638056
16769270
14706849
17035373
1497956
16397016
15875342
15239790
9865303
271684
2751270
15240127
3712919
13880544
5504177
9411245
16368908
16445007
10596917
9325160
14772314
2801438
693027
3937960
4459127
3312698
17878636
2696151
11592796
4211341
14219385
451465
5421328
1759717
6069219
167178
2973672
14299820
8937129
2050918
17502869
15612102
5471506
15536029
19100264
15607337
11174437
14516773
5393274
3059547
12613502
15497946
9446780
7569637
4443419
10830517
8794178
7194455
12888739
18015969
6799968
15746537
6227316
3107302
1883077
14841955
931694
12634755
4700686
1385262
17960350
10880732
5950033
10685282
96272
12505863
9667317
6568405
7468478
11418939
246696
3496367
2309277
8874144
15762641
3298690
2621819
12704789
1618823
2194657
18171830
9707046
15641791
711965
12453646
3925224
17807103
18529543
2766159
2549211
4542743
12838341
5874157
3906736
12770746
11645108
9959812
17552511
12633874
19184641
19171917
17690895
11633490
10050058
17039324
10692510
6550452
83570
14071220
3314509
5190202
9924235
14466304
197579
8181934
8071776
2391836
1541851
8240066
10311319
9951395
8689971
9977941
3418263
7235560
15476094
9762489
15349162
1196030
