393186
2491238
13784081
6665799
9929603
5822228
3561707
1385943
9054159
9936931
16763649
18364840
17073457
15669711
10832815
5452276
2803247
575142
12679229
11835007
13348185
326840
9017390
10131362
186309
7543319
18675553
2290843
6179032
12399604
6944592
18213402
5629265
18331727
17069300
9816910
3269295
9073974
18013104
14108166
2012677
14687839
17496926
51076
8827041
13159291
5799000
4768943
11090699
13787571
3110549
14295486
13810836
11347095
3148989
12575099
2811003
7338109
5381065
16309220
2858649
15124330
10476559
1328280
15153180
2561657
3927999
8146599
4687605
1236528
15142544
18314623
11326334
11419840
3129120
4146486
2085683
12538268
631947
8658897
1370171
12835294
15638342
1157744
6123397
17666883
2902944
13237689
1574472
14326637
1235041
6993333
5337412
17925164
16829328
8067736
13431632
11950794
1106844
13349152
11010163
11184904
17271324
17410350
8308107
9168581
15517846
6904770
11728968
11521003
13033596
19203808
14755036
6871739
7415484
7328533
19214829
16404319
10910241
16376760
2644658
5813531
3247166
2835530
14624929
14933069
19062804
13117783
546199
4692971
5783186
6447390
10719739
8020712
17769871
12879793
7490443
10359482
3769151
12460871
5977720
18653851
16478431
247441
14041861
7801537
1542826
9706803
6554836
798443
11461242
5841393
17658738
11755796
9487147
6356950
3818586
11003143
13115185
9108351
17541116
6914389
4772262
869275
913416
6195334
7382240
6994611
13277537
13735614
18561424
2341574
16967161
123924
14759321
19088796
10903511
14184576
1698769
4845167
2404741
4659880
5846790
19250406
7430719
14476194
16560705
6811674
11152971
2754146
13412282
8636270
18514955
14443457
16161355
2848953
9572920
2751353
3528976
489688
14187624
9266016
15585974
10056910
15391944
4954839
15210073
3960262
12491627
2643099
17182302
12560783
14384997
6837807
1736931
9675990
17388309
7660712
7794562
3680978
6306358
9282372
9903285
8852273
15517056
14875215
8070473
12523331
6315544
17644753
14700983
11245976
10551933
1273851
14881729
14955339
1464864
1813541
15242243
13068146
17919165
14986661
6065127
17905576
9305489
17640653
8800831
15269983
3654081
4416130
17371120
18242991
9692039
6230399
4934097
17617309
6673449
4485094
57370
2991702
14992604
2739509
6627630
6227940
8387360
2020192
2721825
3917838
7996835
11870073
6647098
7239521
4362030
4391164
1906737
11962815
16034048
6509621
1766508
1784653
8997070
18048621
5862090
7011264
18018265
14422180
7842522
6887476
8911438
6034113
14884254
15429727
13043793
18651829
469328
1089857
9702975
3483136
15284314
14599623
10548373
15285952
18626117
10668132
18971042
8084541
9892132
9674089
11292204
16869189
13212723
8404261
14343734
647407
14357133
18103213
9600818
8416624
720738
13933670
1903607
10405999
11193453
14625428
11155383
9682998
2362728
9854951
3844013
6296014
3237745
14329661
4558924
2456955
7010751
7025989
13027502
9048042
13200576
17045837
9797330
17470592
958663
9505937
11566226
5403269
771750
19077324
15140679
2185982
2783900
13329225
13531076
2303634
14549254
1220174
5768605
718751
10475017
15185378
779352
1999146
9490803
15379471
1477495
17066711
13353498
9549137
12874738
4452069
11817111
417797
303594
4077459
17605029
13854103
17160509
11482682
3061238
15256274
5588288
8901867
2226629
12173079
6463784
6916157
18016320
16051125
16406828
14326051
13292834
7568242
4267359
19172686
15174584
9809535
10276293
7061492
9235355
8889390
4427242
16367259
2695169
3426706
15788862
1992879
4280804
873220
16835710
9358451
12085183
16163228
11235969
11405737
12865633
7513049
14382304
6320196
14505543
3942122
9260636
1162366
14717715
19119038
10990091
2957407
8333601
16618305
16590173
8059299
11696542
13748324
6387592
7078452
4471082
11660594
1727939
5721137
7906027
14078387
16344293
17922846
739558
10874146
6870048
3424302
613515
17726937
8444550
17244760
13918565
13355569
17753901
10299308
5021453
12552733
18681888
9559746
18181307
4216695
8626971
16879089
18850981
6925906
7052089
8533169
11512036
8124158
5700949
15146229
2104465
1575439
14058276
6599040
15767088
2110527
14701150
6697634
13774601
1016983
16868602
2447442
812781
173312
15948740
14583557
9947830
6679354
1131454
1546308
2441300
5523848
14669132
11994861
14950752
693794
15575723
4360818
17416258
10558821
16442085
12361095
18278744
3947308
11886833
855568
5975206
6166387
2726053
11181818
17620446
15692458
2345870
18028083
17168768
9830390
11789523
11834635
3753756
19135651
13182293
10773164
7724871
13125459
9117963
4128654
3641145
18225245
8030611
14215929
16719037
8941216
1689946
9604891
3293483
18076554
9520918
1920860
6189536
6397820
16259788
6566568
14839097
10695573
3672971
8869067
15014367
14821153
5919209
4977572
4088382
13800338
13413457
10458229
7546347
8872831
7171898
18234568
85299
7065367
13946872
16716605
1908380
10511580
14693756
14915855
6624111
18537995
12205469
9458244
13480914
13280705
9267118
463356
5785794
12053663
3284729
13869947
13551923
1327905
12595410
17745049
14185204
14898447
11398148
7224740
13683573
3215766
7888852
17085876
2757565
1926715
11490507
9341320
16910255
17785875
2429980
17043551
5530109
3553281
394012
14018724
3274092
5372606
17749680
10232966
6559413
9572636
10109732
5993810
3438834
17248020
5999145
1908192
2642533
17502695
13437021
13424925
16889339
13666907
2578447
3144975
3744448
8104251
5049083
12213034
6063012
11194586
7226729
14420972
1656083
5242108
14814965
6311087
2250146
7792549
9177311
12239190
9196279
7280527
15434373
5023982
14584121
451468
9509117
4405857
4051962
13438186
16162512
17844296
13898650
14037571
9025445
4983998
934735
17684655
13075855
15814027
1076210
17686949
485750
7932598
10752869
12901799
10253740
1165860
11900768
12773795
1528761
16517962
228022
12937723
6441586
8095309
11315957
14702722
17475671
2840473
13964221
16575260
9767922
10198718
2299276
19012447
18070687
4101764
13086390
14681423
19198742
16542824
12452005
17489911
15770415
16205835
5248711
14049995
4680482
889085
8429444
13818006
5533660
11251029
18063646
9208673
9423062
11402279
13692013
3515476
7809030
9560634
6703081
17148837
11359051
3528711
10182221
177022
3552291
1452766
15355409
18600307
16236737
7406707
17049338
14963260
7687153
2589898
14625735
9826978
7906752
2140578
3433329
12346762
3183611
4941924
18336087
3578366
17920878
15540197
8842856
14242894
5444516
14666561
7159508
18193548
7329064
4215884
1532578
4179306
9775396
2340461
266290
12327786
64481
2582920
8562284
8702461
11809413
5525579
18280502
9825431
15357799
5806340
2206593
16801903
20825
10846302
7570906
828915
3752991
4660871
2625053
1382991
12238016
17142407
10074425
8988020
3465867
1065411
9832660
9665429
7348733
17387957
11073829
10645942
16099810
849579
5880442
18206283
13827802
9248005
19004826
16109422
18741728
2770590
2142861
4303301
4413597
4511845
17192919
10556198
103560
18702131
6908312
6996993
2446564
11704191
7322536
1322413
625641
4617460
2014209
6929407
2400996
8530503
5647817
5579100
12200927
17084345
14623349
14289159
7080023
7621994
390509
12565825
14340066
6915378
11280024
5653471
13426996
12662792
16378315
7463127
283181
14735000
4115669
10709525
9250569
8901390
12459900
12635579
5666250
15835346
11092874
1902113
17870179
19093095
6881130
7066350
16838579
16606501
14153290
14024519
11159235
13152406
14115928
12592648
17079423
3197332
14828305
2798786
1462716
13250316
8749843
5830557
16140197
14253777
6990914
17014205
16097095
2225237
3192242
1593103
364457
15308001
5374995
5954099
12314553
2360360
11179068
10296498
17730237
4030869
13014755
10072118
18567319
5044123
16141511
13336653
7357722
2866088
8303080
5836293
5202687
4210621
8330661
7650703
13419457
10008620
11600678
14051272
4652749
18275186
6288685
2655433
14541232
9070959
4349852
18090225
8513802
15795319
15133183
2862646
3288035
16064159
279709
19245916
5021325
17792123
14646945
18139191
12657587
12664104
17141304
14829119
11570809
9705945
3094361
13237294
15871206
18215698
13882234
10171269
2840671
15089845
12791124
12317702
19170168
15723472
13236263
14147881
12747810
13852098
10371417
3911612
6255515
11833223
13016670
6335601
3396503
663661
6303904
18062368
3194590
2177034
17097394
17268067
12461398
388313
14803386
18215028
12547047
10296830
7871677
4539633
9331837
14884622
16655565
16174767
18792184
5047055
6591891
9532469
11101788
14550766
13712152
4031464
17872858
18760555
1236963
6959572
12252632
4103409
17216370
12408235
15645894
11677150
12271524
16678561
7556107
13655713
10273119
6517679
10056933
9756173
1728827
4866469
12107716
10198984
3011381
19253985
15319745
10669915
7809848
10645795
3486755
4236117
14021825
10625029
11357459
13530765
11144514
675187
7035797
5568974
15413432
15690986
11590693
9698137
17445055
6653795
6150711
14293731
17706606
2081419
18231603
18686073
4905594
6266166
16722747
13847447
6501744
8286395
17670811
1242103
8337681
16098683
10092996
4201012
16306193
5141766
1910175
15324448
12421082
1763499
8412699
14040689
17883262
1993927
4226540
5625025
8596793
18457617
1390803
15254048
7597050
9376831
6159069
7191803
13602049
11747573
16104172
15301416
9020027
8722581
674733
18649152
16870081
8175918
15061601
2081652
15831313
10520599
9539823
14025295
18245057
7108518
18885950
10210950
7574613
1767030
2442262
18564579
9886571
18210364
4932677
11034037
5354677
7004172
15023944
14479442
13715602
9739566
6263901
8614717
15383613
9360173
3609873
5470920
4429212
1560188
15868876
14496589
1602381
15598563
240263
13402623
13068377
2852111
15838564
9756814
1129335
1466350
16697304
2340298
5169801
3688153
6042037
7937356
11432390
16201893
8426808
13357987
15170713
8024716
9248556
10974213
5294237
8360010
10821134
9498770
17486784
13480512
5479859
3172157
12212090
10504328
3840597
2010573
13195047
18320083
1794292
14917360
3205746
3951057
2810445
11953745
18628994
376136
13051352
10996542
5079215
1774472
9137749
10265511
10204773
17300300
18490789
12891328
10697007
12908959
10384359
894609
8074100
15096538
8719134
2595798
3596647
10810307
