17320917
16315765
15597945
17968520
17676885
10791223
12424472
10143816
1124498
6154870
13461493
16043135
18092464
19140687
6248544
6984538
8981171
12912149
12556899
8869688
6295536
5498907
14255343
2407594
13750062
18915333
18722036
12952997
19147394
1933821
8575505
3776845
15870344
7103192
18649710
5240384
11894794
7198287
6422178
8896008
167515
14587460
13283834
18837277
6739141
16733703
5830321
6318766
19172984
8728048
12061894
8929423
11646134
5536951
16837355
8096013
7663275
14119278
5170830
13397264
18209252
15551264
8657589
13404715
15522664
289303
3812577
12588517
18982737
3952175
2832372
9946758
10230968
7982528
7519581
12593785
14090095
474324
4788129
3996856
13321037
5563471
45124
7718474
11276857
11990448
16009478
5626680
13182026
12468401
9307437
10703439
6373601
11022741
10621048
14882260
10921452
17401348
15726064
13696584
4935129
11763774
11155532
16177679
6360213
469977
8389399
720037
13308813
9159485
16960501
13792539
10670659
7786307
7473486
6702213
14303862
18557524
11112063
174841
1720638
9364876
15400308
15063304
1020849
11096126
2634397
12566077
8587292
1488791
2473699
9781945
2822927
5751387
8018432
9682467
8503948
1093390
18222579
1579761
15453830
19188662
15928327
4295600
3884608
11983702
13034807
10196886
17533070
2061865
14811091
14745254
16808628
4753558
16728931
17966582
1738187
17339895
8668366
9905088
5795551
17342052
8067689
1935968
13736316
7544637
10199297
5694560
3898993
15939808
16387388
8452829
15401111
10407841
7364960
19244623
2806296
2261167
19070631
10071403
6709465
18853532
2620721
7096546
13960899
11727299
11931857
10239392
14563309
16077267
2771462
4207656
11905635
13755516
16358992
19040263
11912279
11533180
2901859
12538953
739515
1025569
2659257
18980981
4116979
1795132
18872826
75030
10532688
11324564
10364242
4410038
11638064
9309615
10698455
15050348
12432767
603576
12448480
3976174
5515866
743796
17164790
9571627
11588201
2743670
17957811
16659118
16008020
7832446
15250019
1698891
17056787
1689691
13874275
11573410
1075473
7903683
15542500
1462009
2347423
4176935
4110317
10717813
15975825
18031213
6569753
12882211
12692563
16444844
4893764
6595676
18312862
6230857
10077410
6703669
16398065
6536542
5151377
2901550
10785500
17131142
15351392
13702956
18177373
11628338
9029102
11020544
8944389
13315802
12399591
16117484
13592154
3348202
7752708
2710911
3019717
14634554
7469235
15824846
7362155
8852883
6784381
2871838
7051263
8996488
7110814
14615968
9218542
8841372
17561247
13621610
10137248
5396942
15706941
7995247
177271
8543883
11724456
14168567
14144849
8096176
3420780
11949339
5876198
3969127
17271498
4089605
5347541
13048365
448186
9631739
5736327
702746
18612359
4592241
8132242
6677706
12699570
13183455
753154
6766290
2298745
259632
5569888
18879418
5127191
9861297
17750316
13664557
2633681
5612329
591482
4430185
765458
16518690
19032820
9927794
15249943
2825629
2224877
3296721
18539062
16369771
18249305
15614137
5651306
13359224
9790075
5672087
5245691
7060531
2127386
16942755
18769530
11893477
14123835
9512193
11833161
216904
8933454
4058723
2764614
10392838
9714409
3569038
13846788
8374111
6358109
12528822
1453090
11775350
8099044
13385330
9073154
17715097
11797351
16907992
11948342
7677114
2175093
15644718
14903985
1676432
13653367
6381341
11208334
11235782
5751326
5535252
4028253
15060716
18951656
16410434
16504850
1447844
8900756
14737434
2917588
4535773
3774185
12352393
275359
1377589
4851649
3270188
3052911
13818674
11775023
13112434
3787948
1533706
7276862
13928044
4945322
1432168
1289131
2091924
16530579
17320062
12960514
17573577
14659370
6872964
17363805
14659051
9715400
14829118
5343876
18396173
17639346
1433191
4665554
15556812
12280454
11744488
19202417
16082698
15859531
7676491
12478824
19212328
19133179
5201319
9813303
13244100
4068499
18274745
10935990
10049399
12493115
13642426
14128331
12408687
13497194
12404979
8386406
18817472
17482355
12668446
6134531
3248203
4308909
8223939
11311697
9525586
15424185
2034347
9319581
5467019
19148140
2964489
8611875
17732996
8980337
1331915
574845
16517632
13967872
13194626
4437766
5786253
1979902
17575298
17103878
6507340
9889110
6523897
16636873
1642301
1231506
13934855
11760633
3164535
6743966
1720152
5556586
16498388
3694034
19002689
14768408
4627910
17284887
5342463
16805218
4600889
13355590
10035914
9646595
18888523
19176918
11833085
153999
480000
14077075
12644561
15077134
4031068
2847970
13242547
17177071
13893712
4288457
3772568
170391
10545557
8286461
8714552
17581475
7762793
16769537
16911391
5642163
19027393
1170829
11918640
10937285
12615540
18463827
19051776
4221020
11486477
11858161
1553589
2104147
11426467
12978554
9723313
14238018
10131382
16969117
14176615
18463046
1451649
8174789
13170041
15190554
867070
9300341
4222359
9274722
15171953
14204999
9196309
14768082
3955044
11570397
7013824
9308191
17625551
11320274
11417538
10058143
17101049
18969320
7590011
12555468
4350313
17411700
6108651
10911832
10081045
4496131
3446268
5102712
2004287
4387212
4878487
5527173
5340978
12767250
15885748
3558381
15038018
16670263
15580882
12267835
11346173
10401282
6642492
19193512
18484452
18706052
15713489
12754552
16599312
10012772
2777759
6736207
3104789
7645357
9436059
769432
19163624
1725611
12184681
5148355
12279726
10298569
16086297
14614021
10579665
6580882
16964110
10466903
1328197
1592280
18362255
6288630
18139871
9544676
117223
5627518
15192716
9544030
395539
10470707
523140
9142234
9415986
6389677
8573325
17872203
16289966
3569896
12149959
17928645
4462225
2009854
15325120
8266844
6391890
11759119
4220608
12843198
3926965
2773601
9888138
13470618
305814
9049993
18677246
17201614
18651657
15565982
1429972
16175219
3475918
2356195
1573358
17531011
6020644
17690565
16452592
13373773
13566992
1666159
10540078
14344785
8565536
17977381
8395585
7388059
17975742
5940809
6061265
7841583
15476977
8778736
2809295
14413310
2468626
10729681
12555985
10269421
16782984
7085634
6092319
5035275
5332900
6366534
8545052
6101010
19107733
16897797
10071331
6224506
9508802
10454041
6695124
3678673
2559880
13206034
16011505
12822006
8070365
12109336
6045718
12593461
13852516
15114469
17432393
15125822
13666199
7563975
5264188
5700847
10514861
155039
18454477
7888230
17285765
8030148
10115697
1268923
18257152
12137950
11491761
4961415
13602672
10738072
4890860
7490999
14107434
17323671
8649152
7643668
11978754
16963511
1440491
1605814
15675991
6063450
5088618
9091439
2653971
15556675
4377897
8968264
15570898
9343214
11849815
3715512
13133723
19252771
79675
4998655
3308945
16959945
7366397
13987040
1697126
11048377
17762086
17967796
8807928
16652592
14110194
19176824
13037708
17593870
10513633
13124845
3790187
14041467
10573770
590854
9620530
8196982
7374019
9980094
15516870
18508363
1052253
15531686
8261595
10444840
13229217
15857978
9558478
17341245
9915921
14291078
16455952
10695486
4840316
4786155
9505959
2281985
15176009
4065108
7632032
2864262
18020569
17133224
10651023
7030401
16948168
3370876
119291
4588167
19182774
10840427
12245199
12423931
4137296
6456185
5362170
2454186
11335568
10241356
18900852
16048565
16546040
14049395
6747312
9135380
17445744
2591329
3305927
5672044
11329569
14941464
5955282
6619501
13138180
3809998
4509961
3804905
2571710
16195203
10393274
16574738
2618632
16737034
5498793
12076650
8972041
6291786
13379994
4383773
17126921
13180789
6730943
13633380
6902209
16753583
5632023
8899008
15039818
12637600
16467159
13591487
5835391
12294932
9862262
15889782
12479717
2204826
17627236
13591570
13992560
11842995
5120762
4139267
11060344
15466134
17756407
11650271
16847833
12175272
8522001
3731680
14852568
11022429
19131478
4763141
4960063
14752640
4903797
738421
747102
10358793
2590033
5465036
7130549
9058659
12797556
2990784
3483779
5058099
6207569
9136598
1585292
14551242
14224921
14071459
8702203
8392534
7255397
1652788
3396224
8330378
8882940
12215957
1030654
14791398
4567189
12836036
14706363
16616817
18453900
16948598
12051472
17891255
13707952
6873397
6727633
13858856
18266735
8650639
3300123
14413227
6346139
12901912
7823334
17633146
3235126
10764470
18046187
12840269
8986946
8632706
4241866
5312546
12520967
3821686
8055489
16989608
7686851
13831204
19230597
1216546
8107188
12826823
4363140
9042529
7041412
4053800
11799055
18293764
8075532
11022337
1163890
15274358
14434828
13232797
5984388
4204820
6774672
6711609
9205112
8599284
14354625
13760925
16285333
14290855
18570632
6382441
18205389
5804742
9767174
11249557
4974767
18298502
7865602
16019132
5363453
3753812
18494245
189520
14933536
15044674
1084467
6749527
5090823
13153759
6825369
1213012
7501964
3109080
15540351
13308119
1390349
3594193
11569035
18110817
15405652
5265326
467059
13915085
12472999
3849709
4010741
8964069
1102114
12305414
17598553
5477112
7139771
10436771
17261802
17225614
15139574
9525317
15232674
13621475
6919771
4982273
10488238
18864730
7943266
12613229
6214613
8576784
18783916
5424693
10794098
1133218
7556720
7517697
858726
13189769
5311840
67597
6653972
4504436
8636513
16418795
3610832
11346202
14379591
4548277
5220100
13693445
18989059
15098135
19047569
10933432
1795145
5471212
11364458
9259149
10370033
18698806
11512125
1557986
953650
8791596
8201729
12837001
13676151
14732743
7451284
12610790
2248950
8049185
12854534
4736418
2229027
16461501
5768004
19087240
9081981
14490858
7069562
3635702
2111497
14910345
9660302
15889315
10010110
5969758
17459794
10115790
8725273
4622966
14201857
1138944
11444798
13392730
2921289
8840695
5586078
7892259
14653770
13133390
14001341
16394939
17574877
618090
2890899
9787331
10190723
14375517
17067388
9305479
5048263
15453362
4565059
18640958
11301116
13649869
7647135
17775226
18465343
2454774
18409302
11655742
886175
12264646
8523016
10314009
5119846
5770635
11721776
15958940
3824457
9455283
6251701
13043650
14272724
2540148
11796536
5778200
11558646
17665168
11820365
3039359
11156387
3244747
15549628
11924088
16015459
15978380
6193375
11690027
16521813
11551339
1349539
2475404
533727
17166264
9424847
7567830
793777
5470198
15841451
17421699
15113555
14893259
10985266
14925853
10927783
13653928
922286
18959786
2813778
16495869
8682417
18417825
3220406
2162152
9127118
14425417
12010932
10763175
2643379
11052612
10844812
203756
15789133
5390185
9203162
14896602
1348713
11091609
4579632
14906091
7329345
17323318
15199941
100215
5986694
4452200
2823717
15738651
17474202
6553980
13529609
2388701
2953249
6964138
6636043
2736412
11055121
