0.8185654475
0.4054612094
nan
0.5254464832
0.1988544433
0.1944077276
nan
nan
0.9069841270
nan
0.9069841270
nan
0.4815610527
1.6036531164
nan
nan
nan
0.2795250700
nan
-0.9707279342
-0.6390541838
-0.6006570236
-0.9210593516
1.0000000000
-1.6820672736
-1.9219775316
1.0000000000
1.0000000000
-0.4249883964
-0.3977811343
-0.3477501661
nan
1.3772907987
-0.5801215199
-0.5800856944
-5.0542412244
-0.2484188459
-0.2169357067
2.5396226415
0.1676479890
nan
nan
nan
nan
1.0000000000
-1.2919140675
1.0000000000
-0.7422891617
nan
-17.8753462604
-2.1921242900
-0.4602069537
nan
-4.2810946042
nan
nan
1.0000000000
-2.3844129091
