23
259
12
22
145
223
13
261
234
56
246
39
141
35
14
34
123
2
160
3
27
210
262
55
26
174
159
8
16
6
5
11
188
25
40
56
16
19
149
136
1
1
37
15
16
257
199
56
231
294
18
1
3
19
45
34
156
51
119
12
9
59
10
45
323
9
31
76
45
1
1
66
75
80
45
176
79
440
8
90
134
5
321
74
100
63
27
16
5
61
12
23
45
79
4
75
67
21
102
38
45
69
25
57
106
87
113
400
70
7
29
32
248
105
224
55
214
70
37
106
0
28
24
1
12
123
30
8
4
1
85
55
125
0
282
207
11
150
16
340
38
2
9
86
2
24
61
62
140
92
10
449
102
20
25
10
6
0
51
252
59
1
33
8
203
11
29
153
17
357
69
73
88
58
8
36
26
52
107
202
68
196
137
404
7
33
194
15
149
81
3
417
71
2
0
363
97
343
116
58
147
37
49
172
49
14
99
9
94
39
7
25
24
11
240
227
123
143
25
154
284
10
6
177
137
92
11
197
15
50
134
96
13
90
6
39
19
7
25
5
15
153
8
25
60
0
7
130
32
6
9
43
167
0
37
95
259
19
140
82
2
38
58
1
0
258
75
13
32
352
3
57
14
355
3
191
199
69
21
5
154
15
56
171
32
1
19
356
39
346
113
92
57
225
50
1
146
8
133
298
18
4
126
11
26
111
21
102
15
25
103
58
35
185
92
5
151
0
105
17
12
7
88
1
51
55
15
36
6
0
93
43
291
52
127
7
141
5
3
140
152
54
11
257
64
28
53
66
120
23
23
52
16
11
205
56
31
61
107
34
19
82
102
15
9
10
336
5
19
59
86
84
8
26
216
0
66
42
108
130
23
307
23
4
122
340
3
13
105
70
250
33
82
84
262
37
29
3
75
22
35
356
52
131
95
203
10
53
39
13
205
30
59
214
88
37
154
219
88
8
26
63
116
78
9
6
41
1
3
200
179
198
264
71
39
20
153
295
8
307
168
163
26
39
41
61
1
155
120
71
15
58
86
25
133
22
9
3
3
84
154
19
107
5
14
63
119
6
7
4
287
228
146
81
59
26
24
45
243
42
29
27
29
2
2
194
10
55
3
66
86
41
68
9
108
19
27
64
1
316
214
3
279
96
157
250
84
186
328
162
258
8
4
203
57
58
280
84
9
118
189
162
293
111
8
127
75
289
83
30
38
4
46
13
416
230
303
238
183
86
1
28
18
46
10
35
36
6
88
42
65
68
108
199
56
33
4
61
152
27
20
35
6
77
1
22
6
84
14
27
1
9
27
1
34
36
52
124
4
18
46
192
68
73
39
1
139
4
284
1
28
44
57
15
152
154
37
7
53
17
461
109
79
55
49
89
83
49
5
137
22
2
1
181
211
305
65
32
11
94
21
58
87
218
142
33
48
415
242
128
42
191
57
91
117
240
315
110
208
53
6
19
143
233
133
81
6
39
230
109
20
85
3
10
91
165
60
419
155
170
37
172
51
200
242
24
13
114
280
7
284
301
42
2
101
173
60
157
99
39
13
37
79
32
5
3
334
88
17
141
5
44
118
30
1
76
72
43
14
22
15
1
89
64
84
18
80
161
5
73
42
3
20
10
17
12
2
27
330
48
380
10
110
20
107
122
51
3
179
30
357
4
37
259
120
23
64
143
362
168
432
5
158
137
75
109
278
169
22
4
37
17
24
16
1
58
15
42
187
18
117
117
8
4
20
23
13
89
257
132
25
124
0
56
58
17
10
44
9
63
1
323
32
66
181
163
17
66
172
18
11
20
96
1
55
167
45
250
243
183
1
16
40
43
24
72
243
19
186
3
1
376
203
14
192
116
6
214
31
93
4
4
8
4
214
71
66
42
31
247
0
210
3
39
6
18
54
209
37
12
2
58
19
16
235
16
240
6
22
120
257
159
15
73
67
7
11
1
18
73
18
21
16
254
210
70
19
0
23
1
305
83
24
27
2
74
12
142
241
253
51
102
145
12
258
0
9
124
185
7
98
72
11
73
106
63
120
43
21
2
55
29
11
3
131
10
99
55
102
8
17
54
65
28
25
37
4
82
321
39
194
7
6
5
289
23
2
137
48
142
61
84
28
10
2
425
38
124
22
89
167
120
41
45
109
69
7
2
41
72
0
23
85
228
26
42
80
34
42
74
121
1
16
45
54
18
178
174
83
27
25
41
19
194
298
120
168
31
1
67
55
188
1
15
146
79
49
56
108
66
184
27
123
73
23
28
35
99
139
53
39
147
109
24
55
28
122
93
299
180
130
89
190
180
24
15
161
52
10
87
318
0
16
4
37
21
31
334
239
4
12
162
35
222
265
74
1
134
152
20
68
77
114
100
10
90
101
0
34
13
16
20
41
9
0
47
46
115
25
4
29
65
247
80
284
40
23
18
17
54
41
4
31
43
1
58
39
9
245
44
34
11
41
30
42
37
3
110
81
45
31
147
76
149
32
290
71
4
9
133
69
355
1
256
234
72
17
66
196
373
61
47
11
2
288
46
33
89
6
27
235
70
246
10
338
6
26
14
19
36
2
241
104
5
57
273
146
43
13
79
27
173
165
57
17
162
2
261
27
137
54
126
15
23
95
158
105
8
76
53
47
65
82
10
1
33
14
46
20
239
8
76
164
5
65
52
32
5
3
288
8
2
4
33
27
409
116
189
49
4
127
67
81
6
364
95
53
3
205
95
22
15
89
7
38
27
29
138
340
24
32
174
2
3
10
270
9
46
12
106
48
26
201
4
58
17
13
227
36
141
56
66
85
138
21
231
119
68
35
139
105
168
97
23
251
349
111
6
5
260
150
42
15
21
61
178
27
115
37
25
259
177
18
8
31
184
190
73
229
39
73
19
20
135
66
5
42
145
48
1
43
35
172
5
1
8
39
34
71
40
60
4
53
36
198
25
313
4
13
109
6
37
70
109
4
63
78
153
55
65
11
135
208
128
4
39
136
82
115
7
8
209
22
46
3
0
29
304
6
41
69
48
23
445
1
88
64
2
1
38
3
64
39
181
39
1
106
25
124
119
137
300
217
1
105
35
91
26
11
10
24
49
25
147
14
19
284
9
89
5
38
9
173
8
2
230
55
2
29
66
2
168
38
12
46
95
3
72
346
0
4
106
414
89
1
16
5
267
12
25
253
70
462
51
339
49
17
8
39
334
41
99
32
94
165
109
150
2
205
53
13
193
50
0
67
34
26
54
19
39
132
25
134
47
82
51
2
73
6
14
104
173
170
3
163
94
251
64
10
14
9
9
95
96
66
8
61
163
110
333
20
77
81
14
37
15
176
80
68
230
108
33
21
93
65
258
86
323
17
10
83
59
86
23
58
1
84
121
129
51
138
63
4
35
54
273
64
11
30
82
36
199
53
6
212
8
65
43
65
71
29
181
11
60
98
39
86
34
94
38
71
12
24
221
0
67
34
17
55
20
30
31
154
123
25
159
22
3
60
1
0
65
42
16
306
113
12
81
28
42
28
38
9
52
138
124
50
32
67
28
46
4
0
102
252
167
17
372
35
6
32
0
90
59
9
139
148
27
28
12
20
42
7
12
171
161
182
33
292
365
72
53
101
9
51
116
5
2
5
26
123
44
11
13
299
54
14
68
39
129
45
169
167
36
5
2
31
29
52
0
35
13
76
19
48
28
56
65
64
74
63
28
178
89
66
48
87
31
74
19
47
43
4
12
54
115
210
93
6
25
80
321
2
1
206
127
166
179
97
106
333
22
41
6
59
17
25
98
5
13
121
1
131
31
2
243
44
138
50
41
281
78
8
64
2
127
181
133
175
50
25
90
12
215
2
271
16
18
184
14
22
98
93
172
2
67
8
1
3
14
11
48
10
14
2
9
33
87
75
8
459
25
56
288
3
194
35
56
38
13
188
71
4
223
124
4
5
22
2
175
62
197
16
17
76
72
308
44
30
426
8
12
66
12
10
126
59
51
39
67
6
1
305
3
21
63
9
352
6
230
23
22
33
2
255
100
17
25
114
82
1
0
3
16
24
65
139
221
91
8
90
43
24
108
1
1
38
9
135
26
134
55
44
433
66
137
36
84
28
228
12
20
109
13
36
37
139
18
19
45
10
138
83
141
21
110
0
184
12
62
15
9
147
11
51
16
14
8
199
81
76
11
175
118
185
27
191
56
80
136
189
317
216
88
34
59
71
4
65
35
8
22
85
77
79
21
106
95
1
103
221
86
57
399
65
147
328
231
162
329
3
12
9
353
71
125
353
70
245
30
226
54
248
63
205
37
39
58
31
156
1
11
0
75
161
126
33
71
23
163
286
0
102
114
242
222
33
119
106
28
213
391
210
29
56
34
23
400
195
85
5
74
72
118
13
26
34
136
22
236
125
164
64
18
13
63
49
41
50
17
11
228
12
47
25
63
12
8
27
186
128
21
2
4
4
5
154
43
94
45
31
102
154
20
161
130
234
31
28
10
72
5
26
105
147
101
14
230
8
368
160
135
138
183
375
61
56
20
253
48
