0
7078
0
9934
0
0
7078
834133
10552
7366
374728
834133
10552
7366
8227
9934
10552
0
374728
834133
1353
520
10552
834133
10552
0
7366
0
5429
14126
7366
10552
10552
9934
10552
0
0
0
0
10552
0
834133
834133
0
9934
10811
0
10552
0
10552
0
0
0
0
0
10082
1123051
0
10082
0
5068
10552
10082
0
10082
7366
8208
5128
0
15139
374728
7366
8208
7078
7078
0
0
10082
0
7078
10082
10082
7366
7366
7078
0
11783
0
0
10082
7078
0
9934
374728
0
7366
374728
8328
10082
7078
7078
7078
0
7078
0
7366
0
10552
0
0
10552
10082
7078
7366
10082
7078
10552
0
72332
9729
0
0
0
7366
0
12353
7078
0
1123051
9934
5023
0
0
10552
9934
10082
834133
0
0
10552
72332
0
4395
7078
20083
7078
10082
0
5023
0
10082
5023
10082
7366
1123051
0
0
0
834133
10552
0
10082
0
0
0
0
13060
10552
10082
10552
0
5042
72332
374728
7078
1123051
7078
0
0
0
0
7078
0
10552
0
19632
0
0
72332
12158
0
72332
10552
0
0
10552
10082
10082
140
9934
7366
7366
7078
10082
0
0
0
7366
10082
0
0
0
0
16765
10082
0
7366
834133
10552
1123051
0
10552
7366
0
0
10082
0
9934
0
0
374728
5782
0
0
0
7078
0
8208
8208
0
2750
72332
0
10082
0
0
7366
12514
2421
9934
0
0
10082
374728
9934
6428
0
10552
7366
0
0
7078
0
7078
8738
0
0
0
374728
0
0
0
0
0
8208
72332
7078
9934
0
9934
0
0
0
0
9270
7366
7366
7366
0
7078
10552
9934
9934
9934
0
0
7366
0
7366
0
13732
0
7078
12976
0
0
7366
1123051
72332
7078
10552
0
7366
0
10552
7078
0
7078
8208
0
0
0
0
7078
7366
4938
0
0
0
7078
834133
0
0
1663
2846
2444
8208
1123051
9934
7366
0
10082
0
0
0
0
10082
0
0
0
72332
10082
0
9934
10552
14611
1123051
22904
374728
0
0
10552
7366
8208
834133
7366
9934
0
10552
10552
0
7366
9706
0
0
1137
10082
72332
0
7078
7078
9934
72332
7078
0
9934
10082
6304
48
2210
0
1123051
6268
9934
7366
72332
0
0
0
0
0
6425
9934
10552
10082
0
9934
10552
9934
0
14947
0
834133
0
9934
0
0
0
10552
7078
374728
7366
0
0
9667
0
1123051
0
0
7366
0
1123051
0
7366
10082
7366
2674
16067
5256
1096
0
374728
0
9737
0
0
0
7366
9934
10082
410
9934
834133
0
10082
3605
0
0
9934
10552
834133
10082
24281
0
0
10082
0
0
7078
2191
374728
0
8208
0
8758
0
0
4339
0
374728
13783
10552
8208
0
7078
0
834133
978
0
7078
7366
0
0
0
9934
10552
10082
5733
0
0
0
10082
0
0
0
0
8226
0
7078
7078
10082
0
72332
0
0
9934
0
10552
0
9575
9934
4029
10552
10552
9127
7366
7366
13191
7366
0
10082
1123051
6118
0
9934
0
7078
0
0
0
834133
0
0
7366
0
9934
0
0
0
0
0
0
0
834133
9934
9934
0
10552
0
72332
72332
7078
0
7366
10552
10552
0
10552
0
14126
374728
0
0
7366
0
0
10082
0
0
10552
834133
7366
72332
8208
7366
9934
0
10082
0
0
10552
834133
0
0
7366
9934
1123051
0
0
9946
0
834133
7366
2750
2749
72332
0
7078
0
0
1123051
0
0
10475
7366
0
0
0
834133
8208
8744
10082
7078
0
2876
9934
10552
0
7366
9934
7078
0
10736
0
7366
7078
0
10082
7078
0
10552
10748
7366
9934
0
0
0
374728
7366
0
7366
7366
7366
0
834133
0
0
72332
0
8080
10552
7078
7366
10082
9934
10552
1123051
0
9161
0
7366
5814
7366
9934
0
0
8208
0
17851
0
7366
8208
1123051
834133
0
7366
0
5761
0
72332
7078
7366
10822
9934
10552
7366
3207
9934
7366
0
0
8208
4841
0
1123051
0
0
10082
5166
7078
3616
10082
10082
374728
834133
10082
0
0
0
10082
0
0
0
0
0
7078
0
0
7002
7078
834133
10552
10082
7366
7366
0
0
10552
7366
7078
834133
10082
7078
13981
7366
0
10552
7078
0
1123051
16390
10552
7366
9934
0
0
7078
0
1123051
0
10082
7078
7366
0
0
0
9934
10552
1355
8537
0
0
0
0
1939
7078
0
0
834133
0
10082
0
6423
12716
0
10082
7078
7078
10082
0
0
0
9934
8208
0
10552
0
0
0
0
7366
0
0
10082
7366
10552
2421
834133
0
0
7078
0
8208
0
7366
0
7366
0
1775
0
7366
0
10082
7078
0
0
0
6430
7078
0
0
0
374728
0
11063
8954
1123051
10552
7078
0
7078
16765
8208
0
0
0
0
7078
0
7366
7366
9934
7366
0
7366
0
0
0
9181
7078
12198
9934
0
7366
7366
7078
0
0
0
5657
0
7078
0
0
0
374728
9934
10082
0
0
7366
0
10381
6493
374728
374728
0
374728
0
9934
72332
10082
0
10552
0
10082
0
834133
0
0
