9916
383
12348
3625
5622
6713
7211
0
7577
5161
5815
3625
0
3460
7520
0
7520
5161
12146
8078
1318
14263
5906
3625
0
6713
9916
7520
8650
5949
0
383
7025
3969
14623
6713
6734
1318
0
0
6713
3625
1318
0
7787
0
3460
7520
6276
12350
6562
0
0
6713
5924
10420
383
0
0
59
721
3460
0
9699
258
0
8956
3443
3625
5906
383
7520
3460
8130
6924
5622
7092
0
14544
3460
15582
5161
0
1318
5906
1318
6236
8031
9916
5436
5906
3870
0
5906
7520
0
3625
5906
3460
7520
0
3095
5161
2854
7475
0
0
5622
3625
5622
9916
0
6828
0
5906
0
3460
3460
5622
3460
9916
0
6713
7803
5161
3460
7520
13348
7520
5161
1318
5161
383
143
16580
5906
0
479
9425
9563
7976
9850
7805
3625
5161
5906
0
9916
1632
3673
3625
8889
5092
6387
1318
383
3154
3625
0
0
383
6713
383
6713
14665
3625
5161
4470
5906
1237
5906
6713
0
7520
0
9916
5622
0
16112
383
3460
3625
0
5622
6713
12596
3460
2992
0
0
383
383
0
3625
9916
1318
8035
10710
1406
1707
3460
1318
383
0
0
5906
5622
6713
2744
3460
0
3460
0
5161
6713
5622
3625
3460
8692
3625
9916
7520
383
0
6713
7520
221
383
383
6801
0
7533
5375
4697
18968
11158
3625
0
0
5906
0
5443
7520
0
482
3995
9916
1318
7217
5906
13669
1318
5906
6713
6187
383
3625
5906
2384
1970
3625
0
7520
6713
7520
3460
7520
13403
6713
5906
3625
9184
6713
0
5161
383
5906
5906
0
17335
3460
1318
3625
5906
7520
9259
5162
1318
0
6847
0
3460
3460
5161
9916
0
0
9916
3460
3460
1318
7520
7926
8646
0
3625
0
0
0
5622
7756
5906
5906
7520
5622
12149
3460
3460
0
1318
0
7520
0
3460
0
0
3460
5622
6713
1318
6713
13457
6713
3460
7830
0
6713
7520
0
5622
6107
5622
4156
3656
0
4436
1164
3625
7520
1318
3625
1449
383
0
5161
5622
0
3625
0
0
6713
9916
9916
5057
9916
5906
1099
1675
3460
7520
3625
3625
9916
0
6341
9916
9916
3271
383
1318
5161
5161
1318
6528
0
9916
1318
0
3625
7520
0
15282
3299
0
0
0
9916
6775
9916
0
5161
4872
0
4768
0
7520
0
7712
1318
6713
3625
5906
7520
5622
0
11968
9771
1757
4733
9916
2870
6713
383
3625
0
5906
0
8522
0
7520
8473
5831
204
5906
8603
0
13717
3460
3460
6775
324
3460
0
6713
8679
0
0
5622
3460
9266
8519
5906
6713
6713
1318
0
3523
0
1318
5162
0
0
383
5161
5906
3625
3625
3460
5622
852
7520
3460
9241
3460
3339
0
0
3460
5906
1318
383
5622
0
5884
1318
0
3625
0
0
9916
9916
0
1318
6147
383
8469
6991
10578
3625
3851
6713
8833
335
0
5906
7217
5010
5622
3625
641
1334
10338
0
5161
12807
7520
6667
0
9638
9259
0
383
0
3460
0
1791
0
12867
14828
3460
3625
383
0
9916
6713
1318
9916
16649
5161
3625
1318
17107
0
5906
5906
5622
7106
0
3625
10530
6713
0
0
3625
0
3625
0
2487
5622
3460
9276
9916
383
1318
5906
0
5906
9916
3460
383
0
4582
6127
5161
3625
2513
383
7520
10361
3879
5622
0
0
0
0
0
3872
1318
3904
7520
3460
2743
0
0
13414
7976
7520
1253
7979
0
9916
3460
3060
1318
3625
0
5622
7960
174
15739
1942
0
9916
0
0
914
3625
9194
5906
6665
5906
7460
0
3443
8456
5622
0
3625
8695
6713
0
383
1607
4763
6991
13056
4905
2185
383
0
0
6713
5622
5161
0
1726
3625
383
0
0
5906
3795
0
7520
13486
1318
5622
5161
0
5906
383
3625
0
7520
0
3460
6713
9916
16149
5161
12233
0
0
0
11784
9916
0
0
0
5319
0
1444
3290
1276
9916
7520
5906
0
13633
6034
6713
383
3460
5161
958
3397
5161
8317
6563
6713
9916
1318
6162
5622
0
3339
5906
0
0
5161
5906
10087
11232
9916
9068
837
1318
1947
0
3460
6713
0
9543
1237
9916
3625
5906
9916
0
10351
4709
10329
1318
0
5622
3625
1318
5906
0
5906
0
11251
5906
6713
9771
0
1318
5622
3862
0
0
5906
6713
6713
14299
0
12965
13020
6713
0
5161
6339
0
6713
8295
5161
9916
5906
10583
0
8695
0
1481
0
4616
4587
0
0
3625
3460
0
5906
5906
5906
0
0
0
5906
7255
7520
0
5242
3460
383
0
2771
5906
8692
13083
6713
3795
7520
0
3625
7520
3053
0
383
1318
3460
0
3460
8550
7520
3460
5906
383
3625
6332
5443
9194
6236
6237
0
0
9916
0
0
0
9916
383
5622
0
5161
1870
3625
13833
0
7520
6615
0
383
383
0
0
0
3460
7520
383
0
3460
0
894
7520
17505
5270
7758
0
6713
4747
9916
5622
3460
7520
0
0
1247
5622
7520
5906
0
0
5162
7431
383
383
0
9916
6713
3460
7520
10109
2257
5161
3625
9916
0
383
5161
0
9916
7520
7481
5622
3460
8705
6528
5622
3460
0
0
0
2744
8916
4290
7520
6713
6713
3625
6713
0
0
6458
2642
5906
3460
3460
0
3002
9916
0
9512
3625
5622
5622
3625
6713
5906
3625
0
3460
5161
1318
7024
10879
3460
3460
0
7183
3625
383
3625
1318
5709
8469
1318
6312
383
5161
0
0
4783
9646
6713
5622
5906
940
5161
0
3460
0
0
0
0
0
7520
9916
1318
10659
0
0
1565
7136
9916
5161
9379
5161
1318
0
0
0
3625
9916
