47
108
95
2
49
54
43
34
2
90
4
5
4
71
101
14
28
56
4
155
26
130
23
1
72
99
114
103
40
34
215
10
24
162
232
95
244
19
17
214
43
11
8
210
177
1
28
15
136
34
58
288
65
5
115
2
95
0
76
26
4
120
17
36
7
157
84
6
148
226
54
22
114
3
174
122
8
14
248
74
51
60
78
117
138
5
31
260
99
191
117
56
225
4
18
196
7
52
33
179
18
14
50
149
57
167
256
98
0
145
57
47
120
5
108
21
76
239
2
167
8
25
13
46
271
7
216
51
42
37
230
210
164
212
59
22
136
11
3
3
39
46
63
15
2
14
36
13
31
36
195
0
264
17
88
17
73
119
95
275
31
320
362
138
110
17
14
112
13
113
51
5
90
12
0
39
1
52
45
90
162
122
58
71
253
111
50
7
2
84
15
379
47
35
5
24
1
1
192
117
5
27
118
61
356
62
9
99
65
8
0
20
155
24
256
1
1
55
3
5
0
3
117
96
93
37
2
2
57
99
64
259
66
73
20
20
156
10
16
21
26
262
56
0
17
24
212
14
17
17
69
13
30
1
88
228
5
230
167
54
68
20
21
7
0
3
241
0
12
74
9
37
93
51
68
137
52
0
93
67
45
333
114
21
119
90
24
60
25
12
281
56
271
26
144
275
117
35
34
22
14
58
22
3
39
100
43
246
79
10
32
97
94
9
177
2
160
68
23
2
133
34
230
226
121
86
4
122
60
68
55
54
253
3
2
285
35
25
267
307
30
9
61
27
19
89
21
57
340
19
289
17
39
136
152
91
123
0
20
64
148
0
26
41
151
8
177
61
0
25
15
36
128
92
10
0
156
61
144
123
86
17
125
70
26
90
5
183
265
0
114
25
104
12
18
320
33
3
5
39
173
1
154
57
65
1
43
55
66
133
12
73
11
85
161
14
20
179
184
6
35
41
7
23
243
1
311
280
5
1
23
117
154
79
47
36
18
103
5
112
49
3
57
6
1
62
132
2
346
173
6
119
69
32
158
12
1
31
8
100
10
13
41
83
333
181
195
41
29
142
29
104
123
49
34
86
76
57
29
0
45
29
149
27
17
239
41
52
238
119
20
2
0
4
117
62
2
5
10
132
17
8
29
37
50
50
24
283
22
341
1
84
107
130
143
2
11
196
74
95
39
88
15
49
188
102
25
83
61
29
107
88
2
93
75
52
1
73
67
90
32
90
0
29
126
44
73
22
54
68
1
10
117
119
277
198
24
1
10
8
148
4
48
3
179
80
75
110
123
176
5
3
158
27
29
45
80
8
102
0
6
270
11
11
25
40
185
29
52
18
24
7
28
92
82
47
175
47
14
125
382
33
105
32
67
226
2
86
31
45
12
100
91
280
21
10
129
138
128
138
49
181
91
47
2
45
0
1
103
0
201
52
13
7
129
53
70
32
68
120
160
30
96
39
4
44
57
85
3
45
98
83
295
80
41
30
25
80
61
25
191
38
88
195
179
18
9
130
202
12
0
17
206
89
104
56
299
1
266
68
252
15
233
9
10
119
140
108
41
40
418
92
417
189
60
22
13
15
257
47
51
243
227
116
52
23
38
21
10
34
1
244
20
81
0
81
65
20
25
1
5
162
110
122
189
295
51
47
19
5
138
5
15
19
12
138
99
6
8
36
1
9
119
379
12
123
42
1
106
168
91
161
6
89
1
135
254
76
37
301
22
80
24
158
239
40
20
365
32
219
130
165
12
25
84
6
96
20
194
157
23
66
105
75
6
54
118
320
4
210
307
11
1
4
239
90
3
9
3
71
89
4
354
140
164
253
108
9
17
19
8
86
10
37
11
0
95
86
53
136
19
60
25
31
41
172
56
412
9
232
40
184
50
387
2
155
46
275
60
168
301
92
43
136
25
32
26
18
7
54
21
1
41
110
157
13
48
28
99
23
68
34
238
1
80
4
113
13
87
11
77
63
0
54
215
88
7
0
123
71
11
203
66
199
188
61
61
22
0
132
35
0
32
41
5
369
169
46
51
30
255
6
59
154
15
51
47
1
165
12
42
86
101
313
8
17
26
28
8
17
17
31
41
0
35
28
43
247
39
25
51
25
120
3
32
41
10
5
4
65
12
72
24
249
3
89
67
46
34
36
3
271
249
12
65
6
113
8
14
28
73
157
15
26
36
19
54
50
16
31
30
84
80
3
28
3
199
69
144
95
11
24
79
71
72
139
35
137
141
40
70
173
6
17
9
266
1
2
118
6
82
100
113
141
411
85
55
152
59
212
39
21
122
129
74
14
11
12
60
173
9
16
77
48
20
97
62
10
48
291
3
62
20
20
111
28
362
34
17
24
34
207
14
91
9
69
37
166
122
9
3
128
103
1
19
63
0
98
78
56
232
4
29
30
34
28
128
121
4
194
103
75
78
89
84
11
79
4
38
12
62
131
60
4
127
229
8
18
85
45
3
85
96
62
18
117
45
58
24
18
62
351
48
40
14
32
0
121
145
72
8
138
148
29
175
101
71
5
48
18
0
30
0
173
131
5
79
86
26
114
31
20
46
77
15
56
31
11
26
5
73
22
30
137
139
3
87
15
32
15
141
109
16
38
44
4
88
41
3
246
12
227
9
122
7
24
19
8
35
193
195
224
351
49
70
89
43
46
31
140
247
42
114
14
36
115
174
47
33
34
101
17
27
60
145
141
13
84
22
15
1
6
75
117
6
59
4
268
123
69
1
14
0
15
141
156
48
11
4
96
34
24
170
33
9
303
145
23
211
64
40
94
3
68
21
7
33
55
92
38
19
47
10
17
167
8
263
174
29
29
24
1
26
20
48
31
224
11
2
43
9
75
23
2
13
59
2
60
256
33
257
3
130
140
318
220
28
90
109
0
83
110
45
169
132
57
85
28
18
158
135
272
53
54
3
44
47
383
3
1
136
59
47
11
0
150
148
124
19
7
22
156
43
107
10
17
111
393
17
71
2
204
86
9
8
18
378
344
31
24
423
115
57
39
201
113
0
215
69
20
12
268
15
287
55
19
9
72
62
17
9
106
29
24
6
56
110
78
77
11
73
17
205
67
25
179
49
28
31
48
0
243
103
4
4
5
129
53
194
211
48
199
5
7
124
26
22
168
20
95
0
294
17
10
5
156
2
71
110
68
83
6
229
2
186
72
4
133
31
254
202
332
261
81
11
17
176
96
12
37
13
0
10
76
10
58
67
66
175
267
105
85
66
5
68
24
20
43
443
7
34
185
7
70
0
46
3
80
121
6
251
47
4
232
57
119
146
52
34
25
45
81
58
6
98
5
0
206
19
37
1
66
246
134
1
150
163
4
186
1
84
58
91
8
265
72
39
15
66
23
18
61
21
111
1
66
380
265
29
181
99
219
54
35
186
93
90
45
430
40
52
31
35
43
164
41
49
29
194
331
17
6
13
86
9
56
45
30
47
21
0
22
15
79
141
111
0
182
1
126
9
14
23
10
142
401
164
244
4
117
282
173
60
164
26
24
8
39
136
73
197
31
5
4
24
40
1
130
13
0
178
52
4
89
199
82
65
52
41
125
3
156
176
50
17
54
3
50
80
218
5
15
162
1
0
160
4
5
49
69
114
12
94
89
29
166
131
47
10
6
76
3
16
224
89
23
93
2
0
362
13
9
10
212
141
14
248
185
181
2
34
72
79
28
146
4
5
57
12
48
88
3
339
104
109
15
71
1
10
158
25
87
104
254
239
84
11
30
11
25
74
120
3
20
195
6
2
38
30
21
147
27
58
0
48
5
24
45
294
72
18
332
69
3
57
71
38
79
3
0
34
36
31
12
177
4
99
0
15
15
27
42
4
49
31
1
59
105
4
159
10
228
110
0
28
100
12
1
340
9
1
88
46
4
249
10
54
55
48
10
308
65
72
229
163
120
34
92
76
118
3
152
224
32
2
185
230
24
24
37
48
187
22
133
6
172
37
161
96
404
52
30
49
45
3
167
11
39
256
108
140
41
1
19
146
245
11
53
94
74
2
61
16
235
22
172
13
80
135
52
94
6
287
0
15
124
180
17
31
79
166
32
16
44
4
2
184
33
44
2
188
60
9
192
56
31
87
107
50
20
0
0
415
10
58
51
25
7
3
14
0
91
168
117
17
188
12
62
48
295
23
2
51
138
461
242
75
32
71
81
33
56
19
248
68
5
180
190
17
0
79
144
40
69
6
47
177
22
222
19
15
102
2
5
28
36
79
55
16
152
348
1
167
88
98
23
54
44
12
244
8
17
11
106
106
137
127
59
205
24
439
37
14
57
18
53
283
31
195
195
8
133
58
12
51
73
22
3
39
0
39
164
83
52
38
40
104
139
1
20
118
37
41
61
46
164
23
116
27
29
35
147
80
381
119
19
34
35
139
68
44
327
52
10
285
6
79
209
2
81
70
10
11
6
56
24
9
120
265
155
83
351
37
106
46
274
90
147
189
16
15
38
129
0
108
14
48
451
25
2
89
0
199
93
2
288
75
57
112
368
