381
4
502
439
483
489
99
390
457
274
458
502
351
419
437
383
306
247
467
118
243
462
502
358
21
491
165
15
491
358
443
354
165
21
117
434
473
411
475
28
295
379
187
478
504
55
491
364
497
301
439
457
391
494
66
155
9
498
491
444
411
327
339
408
52
503
422
411
224
53
371
424
498
208
159
268
356
490
437
140
368
492
312
327
497
366
477
65
256
444
429
312
437
388
501
382
178
236
460
300
415
268
169
490
210
494
137
18
156
493
152
162
126
456
414
438
53
457
476
441
481
499
455
402
223
424
293
494
87
255
359
251
247
323
244
382
478
453
469
414
467
456
320
50
188
80
274
419
156
97
25
339
442
448
410
429
383
204
456
423
262
257
423
434
437
346
492
26
466
388
492
89
458
442
211
471
501
327
266
491
440
411
140
494
273
497
473
498
442
490
426
457
459
97
54
232
155
493
444
501
201
386
492
312
438
190
424
30
487
496
146
41
455
286
277
310
423
493
314
450
468
387
421
162
170
89
101
380
331
422
260
184
321
499
438
165
332
502
491
403
459
474
215
410
97
382
82
424
407
324
53
494
334
494
333
387
502
414
298
165
471
470
187
257
503
427
433
494
430
477
497
403
414
366
43
40
196
261
150
169
224
437
371
501
459
256
439
382
499
375
424
382
477
460
28
460
208
388
382
497
497
200
63
486
454
111
172
477
437
286
494
308
382
313
471
184
165
71
405
109
434
332
494
430
400
184
406
99
223
243
430
346
464
280
457
32
285
92
90
426
454
452
438
38
492
310
100
396
458
247
494
294
187
478
471
494
503
435
459
270
97
161
145
278
356
501
317
196
502
234
280
234
331
208
480
476
352
438
476
496
31
287
400
244
404
457
429
106
352
437
426
503
410
478
502
428
421
493
345
454
503
160
467
206
456
97
21
426
497
406
215
450
471
81
354
456
419
283
9
402
128
391
52
111
399
474
299
171
172
482
473
326
476
53
219
271
482
404
492
387
38
492
461
483
499
325
480
428
427
171
438
491
53
496
73
177
444
482
422
184
302
318
385
239
206
92
461
206
496
328
457
4
108
458
482
368
27
475
415
482
418
346
484
317
116
98
95
438
38
467
121
343
467
454
501
405
494
355
422
152
494
503
364
364
475
360
307
212
48
374
385
456
399
490
429
118
478
165
165
234
309
491
41
7
464
375
443
164
114
478
500
158
458
478
98
374
408
501
322
494
210
288
499
320
475
42
360
108
120
433
17
28
165
88
396
427
66
478
89
501
375
469
201
411
257
214
234
184
477
322
496
219
346
494
67
382
495
500
457
128
82
239
390
213
419
458
278
295
499
101
381
202
71
427
225
165
202
502
212
467
481
64
321
222
41
460
498
339
219
426
497
447
492
343
471
460
494
428
421
503
116
501
363
370
266
490
439
474
340
274
407
417
254
495
251
349
141
477
100
386
73
189
101
165
353
44
484
352
310
265
339
460
415
478
325
214
271
147
454
269
503
490
438
478
460
267
474
427
215
111
386
493
451
488
138
299
503
406
495
280
446
176
151
325
492
501
503
415
252
402
465
111
215
371
91
377
477
231
456
268
282
497
269
261
56
318
94
28
382
182
150
471
496
500
494
487
390
494
53
153
21
487
236
440
226
206
306
437
239
372
434
191
342
421
443
390
499
349
217
153
457
314
501
503
496
427
371
180
416
371
348
476
491
29
252
424
414
495
374
381
484
478
365
379
149
116
476
132
429
482
244
219
503
274
351
28
482
332
314
459
74
281
424
88
371
437
244
94
314
429
504
368
492
152
440
5
456
154
494
490
474
340
460
108
379
479
288
216
288
242
388
216
92
338
457
89
472
456
180
457
252
437
56
129
446
457
295
490
467
59
328
341
449
137
382
495
476
257
82
447
460
440
231
490
359
296
109
461
437
50
484
237
403
437
90
339
482
492
42
483
265
462
188
82
369
261
327
400
388
457
309
498
283
430
497
31
98
494
98
469
491
443
478
233
497
495
495
427
474
211
219
268
164
493
18
357
145
424
500
476
14
385
90
94
414
240
234
270
161
134
491
231
437
418
207
504
320
279
483
476
490
223
437
52
490
476
282
501
364
501
489
495
73
457
455
283
292
130
502
392
140
285
491
332
339
493
415
159
294
273
73
494
388
295
382
411
133
176
243
182
482
214
477
137
491
201
46
340
171
172
396
115
50
236
31
365
437
433
270
270
98
207
200
176
335
472
424
385
406
502
478
442
477
175
347
225
296
78
410
396
164
405
239
487
382
48
113
252
477
438
382
424
176
253
438
17
81
427
320
371
438
292
375
296
460
17
489
252
406
497
299
415
461
502
474
308
400
381
496
427
13
174
1
451
175
133
444
142
158
165
503
410
333
191
478
219
188
147
442
392
41
478
92
492
134
176
494
266
490
225
103
455
385
333
8
21
333
456
111
473
477
429
500
165
502
46
421
485
503
471
193
502
60
460
160
414
123
1
331
497
88
305
491
457
458
201
426
283
359
496
382
116
73
380
502
458
207
280
491
323
129
191
169
92
184
386
184
472
427
44
472
457
456
496
40
468
352
313
314
270
497
290
444
30
203
214
497
231
433
293
498
473
192
29
456
498
370
422
414
274
428
497
492
363
339
403
342
430
498
443
71
348
490
271
494
470
443
494
478
327
339
89
494
460
65
503
496
314
245
308
169
482
427
434
165
476
406
427
392
480
48
488
339
494
430
242
243
481
251
191
404
460
502
488
191
443
402
443
494
496
214
475
382
286
483
142
493
430
379
225
433
501
323
211
340
116
158
375
250
191
372
266
178
104
454
239
386
379
133
477
280
487
223
458
385
465
493
499
234
475
359
382
210
348
282
457
493
76
502
272
51
153
426
388
61
374
334
490
457
226
280
271
333
493
56
188
329
415
11
476
404
63
459
263
494
62
301
416
489
391
431
153
481
476
489
362
494
152
79
304
493
88
312
401
243
417
239
475
381
477
341
457
118
491
499
98
261
498
454
501
326
239
178
316
494
502
478
358
340
391
382
233
223
491
388
224
396
239
274
400
137
274
353
262
400
457
462
334
173
40
496
460
97
136
414
473
196
149
389
93
270
287
165
88
243
394
101
286
24
204
320
358
370
42
296
499
370
492
495
253
389
22
184
323
411
0
73
471
329
453
298
438
213
407
491
357
271
379
482
443
295
457
236
379
495
456
50
427
503
439
214
497
494
430
172
499
354
282
455
232
191
498
279
497
278
403
467
433
379
464
499
48
393
281
392
312
478
223
499
201
282
503
482
494
134
132
417
497
322
197
477
40
98
314
9
472
419
387
244
478
437
89
108
488
388
438
171
501
411
499
491
333
173
234
482
482
374
502
466
351
501
100
321
427
137
486
492
418
501
486
497
388
499
335
467
128
117
387
210
340
236
397
375
264
156
427
494
48
462
442
455
345
51
183
494
490
381
489
382
416
457
483
501
495
394
58
430
212
488
495
28
82
357
389
308
340
254
11
433
66
56
460
402
354
397
490
493
478
454
212
434
335
478
364
0
165
460
458
182
487
117
84
149
63
410
481
334
380
263
114
459
382
433
332
61
493
287
490
390
458
214
79
310
341
407
499
493
487
368
177
22
496
448
116
173
502
100
467
66
438
458
363
492
456
457
114
313
467
499
25
501
382
356
317
234
449
437
456
467
443
485
353
214
164
410
298
426
226
460
60
240
404
371
223
328
492
339
346
307
467
460
35
492
32
299
476
152
160
467
417
184
498
502
176
212
457
235
382
165
111
496
493
456
476
280
57
415
382
501
410
440
309
435
94
461
477
215
280
457
269
56
393
502
405
5
391
381
158
469
211
434
427
458
97
427
453
151
497
458
424
309
100
492
488
157
454
28
279
476
10
456
378
81
164
494
81
433
487
73
438
424
25
225
253
354
320
502
471
2
349
330
485
488
460
456
92
25
470
488
395
92
17
439
180
493
489
503
392
165
467
327
254
191
458
500
427
492
252
484
323
184
359
478
433
228
493
324
478
433
504
254
191
272
281
494
97
388
437
407
498
501
165
382
456
327
270
96
501
475
502
447
494
484
503
92
150
447
390
262
443
492
500
487
235
309
476
492
184
117
45
503
496
489
108
289
59
92
427
458
501
271
492
40
381
442
221
487
488
257
165
466
117
9
17
431
473
116
468
503
471
494
281
472
225
490
196
489
366
495
443
477
494
460
503
224
267
178
359
128
164
202
493
390
394
488
453
455
476
410
375
338
399
494
504
456
269
309
76
270
456
156
66
305
90
471
494
244
487
502
467
503
455
489
494
492
386
381
487
441
21
388
287
335
220
494
373
382
499
458
375
443
442
417
418
451
457
437
364
237
483
485
467
482
31
142
504
308
340
314
203
411
299
401
256
487
292
214
114
52
419
477
172
245
388
8
25
477
364
437
491
435
348
326
276
302
486
239
483
151
76
475
485
475
487
109
379
457
437
411
473
414
390
406
431
118
173
164
189
186
498
496
292
219
477
429
150
464
471
497
207
