60
51
12
150
249
20
86
5
28
117
4
54
53
175
54
17
19
20
8
0
108
22
7
2
13
180
15
27
38
40
78
120
125
175
311
106
6
49
34
3
31
2
156
8
22
200
91
97
9
5
160
40
22
0
93
107
56
85
121
91
12
19
29
216
59
25
76
57
6
86
106
42
41
2
0
263
21
147
35
233
141
61
64
48
2
270
10
104
169
227
126
19
65
34
30
5
263
14
4
282
8
275
5
54
273
234
240
16
3
180
57
22
237
0
150
89
285
1
175
197
138
72
11
76
123
18
92
17
10
3
16
131
45
7
3
59
264
329
37
124
1
70
112
68
3
2
57
31
79
68
154
118
130
31
6
44
13
44
35
282
26
75
54
49
37
417
53
13
67
208
296
19
45
29
261
40
104
101
11
282
5
296
236
77
61
193
62
87
51
331
80
9
76
59
234
25
201
8
226
76
1
119
4
252
88
2
122
1
36
222
85
21
9
85
104
0
25
120
5
188
13
52
223
6
0
244
78
47
75
110
109
1
48
70
28
17
36
227
108
278
75
46
187
105
376
22
23
155
250
2
31
2
24
56
25
58
29
10
146
281
24
17
93
3
52
125
192
33
65
80
52
1
4
101
126
177
245
3
91
38
111
49
25
74
53
93
10
16
13
27
46
43
53
7
20
137
51
11
55
243
47
58
287
53
8
67
84
369
16
26
144
165
34
39
20
47
17
1
0
69
18
12
376
21
192
318
24
236
7
95
108
188
5
188
17
35
234
1
26
136
12
124
405
207
112
189
63
196
4
5
0
30
258
239
47
68
14
90
109
0
287
237
10
177
118
61
32
14
27
71
30
94
30
25
39
78
20
153
43
161
20
0
104
38
33
1
1
314
3
60
157
10
235
6
15
11
4
155
217
1
3
25
260
7
63
40
103
6
39
1
21
436
81
8
47
17
240
66
7
28
42
146
1
46
27
95
11
149
18
2
8
162
58
55
69
121
42
83
38
187
48
33
195
109
46
99
12
62
29
132
72
153
306
111
10
177
53
1
27
90
99
43
9
2
73
88
109
95
37
3
18
222
3
1
201
10
228
21
104
110
12
7
31
13
59
1
280
13
52
67
45
215
5
33
176
23
3
3
8
43
36
268
35
1
53
104
7
48
1
18
46
87
232
47
341
17
30
43
32
170
199
51
287
17
19
9
60
3
114
2
26
423
21
1
194
1
75
137
122
79
93
142
90
21
55
28
135
97
2
22
90
127
33
57
25
1
98
1
5
31
189
170
250
8
28
44
233
440
205
31
11
97
4
39
122
118
271
12
244
15
150
327
64
39
1
4
22
15
55
93
138
391
145
8
22
197
50
21
223
2
97
38
10
226
44
18
224
33
48
15
260
62
117
108
43
28
79
166
223
129
380
5
383
104
85
100
20
29
32
85
48
182
204
245
239
5
29
256
60
282
3
192
47
9
2
93
67
13
92
16
123
214
51
47
16
138
12
10
101
2
60
55
24
58
27
10
9
193
59
101
29
88
32
57
154
192
1
367
109
27
60
27
154
42
2
272
134
20
10
82
62
150
63
6
204
14
21
229
197
44
65
75
121
12
78
26
65
16
41
79
3
20
198
81
188
222
115
76
9
28
44
94
139
143
269
65
33
34
28
171
118
6
63
276
36
147
33
47
25
208
106
1
238
10
126
16
12
252
67
36
194
185
140
30
152
30
80
164
66
0
338
98
45
35
320
3
35
31
105
114
7
201
128
30
6
72
33
31
145
14
37
2
276
31
16
173
85
67
19
42
178
3
2
114
55
179
211
227
177
177
111
11
58
39
372
20
14
41
52
29
28
1
38
81
3
34
247
14
59
34
22
348
103
14
31
137
67
288
45
214
3
38
73
34
1
92
9
4
80
47
339
74
157
19
260
12
10
15
175
34
24
136
83
141
4
6
19
9
55
96
62
43
43
2
198
198
95
4
15
11
31
122
77
47
1
16
341
114
3
83
25
248
43
79
157
7
10
53
41
61
20
11
2
179
11
67
15
6
124
109
33
2
306
13
15
37
47
444
145
35
20
83
28
24
6
20
169
95
25
92
129
75
23
35
217
21
70
95
53
50
75
315
73
25
54
118
65
267
20
46
186
10
18
69
23
158
112
35
72
54
39
4
70
291
140
2
7
152
54
1
181
24
20
126
113
7
66
7
345
74
7
383
58
52
182
199
3
86
12
1
0
2
38
15
160
58
355
277
116
8
6
36
242
235
230
163
174
10
0
9
13
117
31
158
108
1
238
52
10
7
10
11
28
18
34
16
90
38
108
36
24
18
5
8
28
52
83
32
9
10
38
139
28
63
9
130
6
47
134
96
3
159
21
215
11
75
13
16
8
45
379
196
146
107
21
1
78
38
17
5
18
61
1
148
58
2
113
29
50
13
1
11
3
249
69
38
52
291
346
123
85
20
56
34
202
40
139
1
26
2
81
8
429
131
86
205
91
5
230
124
15
1
29
40
123
113
13
6
95
125
12
2
221
80
125
166
106
62
5
5
157
44
16
24
239
30
63
25
0
121
28
125
3
16
5
50
6
35
64
15
20
64
56
6
130
13
49
6
54
184
81
264
90
110
25
139
51
76
11
139
52
98
111
122
85
210
193
62
20
52
2
23
229
210
13
104
174
263
148
83
101
73
6
29
5
60
8
29
170
94
24
63
8
72
115
68
111
6
12
60
37
55
32
130
269
81
146
1
78
222
201
354
77
4
0
13
9
23
117
17
90
20
173
9
118
1
51
202
13
24
13
9
7
79
45
88
9
148
25
116
49
429
156
16
188
55
45
285
90
56
8
113
131
121
18
10
361
309
30
95
0
104
57
32
233
167
4
189
8
62
19
88
78
52
84
154
248
173
81
42
141
18
16
36
64
216
106
57
138
212
4
470
286
109
84
2
62
7
145
6
321
33
149
133
35
46
70
292
10
26
26
57
69
266
116
1
38
9
16
28
226
90
79
2
11
51
5
233
6
88
51
47
134
23
34
141
87
3
26
47
13
168
87
214
134
228
223
36
13
3
23
114
129
11
230
22
92
21
36
0
110
1
137
3
75
40
48
13
8
143
113
2
3
9
94
103
28
47
107
268
12
33
75
20
36
150
83
251
103
149
32
37
263
109
76
1
2
1
148
100
1
105
1
231
59
25
3
0
2
53
20
59
114
16
15
76
83
77
194
29
49
227
1
62
162
143
151
46
60
152
162
2
9
28
145
113
95
84
93
131
27
164
4
2
96
72
62
204
148
2
130
24
63
112
9
13
190
134
21
306
219
101
250
104
111
18
328
2
305
326
165
5
46
181
5
170
16
230
38
0
14
5
1
36
344
90
2
6
13
21
52
15
48
102
1
6
45
2
69
2
1
6
323
2
43
8
41
49
72
286
171
58
96
292
9
122
162
1
29
165
259
33
3
28
52
71
194
9
16
32
133
4
229
8
11
1
5
37
163
84
0
2
56
338
2
174
41
1
38
164
24
1
35
168
436
42
6
237
63
53
81
0
24
5
153
7
28
1
16
164
5
62
15
239
76
107
20
194
52
109
24
10
146
130
13
182
269
6
21
117
50
104
102
185
39
2
81
62
139
11
17
200
290
32
29
124
266
89
93
2
1
15
246
49
46
75
25
33
12
40
18
39
36
14
119
102
29
15
13
71
64
313
124
308
1
226
185
50
1
92
4
22
33
277
235
31
67
16
312
30
46
1
79
70
46
4
33
58
133
116
15
77
109
274
68
183
158
16
113
37
3
137
60
110
240
12
120
80
140
2
13
59
89
62
110
5
1
190
349
75
3
9
2
8
5
19
192
36
149
102
7
234
77
22
125
28
136
150
42
47
12
49
15
206
85
34
9
8
37
111
188
41
18
191
3
31
352
183
80
41
174
196
4
69
66
6
146
103
27
81
185
24
18
9
20
8
25
5
42
25
2
20
6
2
137
23
312
75
130
2
57
20
197
66
148
100
69
288
314
20
5
147
1
220
31
234
96
151
81
5
33
162
17
100
261
168
28
78
42
29
17
64
126
146
25
54
17
69
52
14
6
3
12
85
307
157
228
89
111
1
87
0
24
44
130
122
19
151
4
8
44
31
33
24
41
159
5
22
130
1
179
83
148
5
166
122
0
40
65
20
10
1
1
6
8
18
57
175
177
12
133
68
47
47
158
72
23
29
87
203
42
21
71
35
178
156
35
36
14
8
123
33
9
38
191
144
310
150
124
5
67
84
170
30
267
7
7
233
42
37
257
23
29
86
2
255
201
63
51
13
336
136
49
95
42
47
244
78
22
3
223
97
0
66
31
18
0
49
66
7
90
5
33
131
325
123
2
5
19
54
77
52
108
39
206
53
1
153
13
126
7
3
3
232
38
4
34
28
56
1
146
9
190
0
74
445
98
7
17
2
164
11
82
184
91
43
232
245
266
184
46
25
200
5
43
24
140
10
70
118
35
77
25
58
20
166
9
42
230
13
30
33
84
111
44
413
0
24
5
12
