3
30
94
4
2
208
81
100
117
291
33
12
42
44
69
376
32
163
117
5
25
268
71
72
58
37
78
46
74
129
3
97
28
33
45
276
305
19
65
4
38
7
92
123
399
53
55
34
1
34
16
168
100
1
16
23
257
16
64
236
17
18
129
184
49
170
83
108
40
132
19
58
39
220
53
90
284
214
122
129
35
272
1
22
18
18
122
23
66
33
50
23
5
347
252
19
80
46
8
131
388
63
64
16
12
8
89
68
7
17
45
90
92
140
56
131
122
27
68
10
97
26
71
64
6
348
20
176
406
51
31
19
168
20
45
118
3
201
149
43
302
80
14
48
79
49
36
299
54
179
0
84
9
194
36
107
167
19
170
157
165
37
65
20
25
2
5
205
23
75
32
250
127
110
6
26
17
3
82
253
230
0
3
6
11
71
9
1
40
126
8
132
159
294
23
1
55
28
1
3
21
23
46
104
143
104
4
189
36
83
6
11
127
30
4
9
26
30
43
9
7
8
29
81
5
3
139
62
8
19
178
68
265
120
447
53
10
66
24
50
26
72
129
28
193
2
25
3
74
189
283
79
30
21
26
95
36
171
53
18
21
282
38
151
46
23
13
56
1
74
78
262
1
7
11
91
97
0
5
76
48
97
314
88
37
407
22
398
160
48
62
2
101
13
127
8
4
53
238
3
61
13
48
259
4
54
13
170
1
2
271
245
45
8
64
37
94
353
6
2
148
18
15
3
9
114
2
218
13
25
26
17
10
26
98
109
1
3
3
15
70
3
11
11
72
94
155
0
1
362
2
6
114
45
67
244
38
423
105
3
113
19
31
170
1
6
10
70
157
289
90
4
3
11
1
1
63
127
115
0
5
110
201
101
1
11
23
129
77
67
15
1
1
421
0
26
5
72
104
121
72
244
384
130
2
37
169
189
29
7
41
4
158
183
30
46
7
170
122
203
94
0
8
83
68
3
172
78
169
52
15
123
15
264
24
1
20
4
35
6
64
138
13
22
40
3
4
6
222
64
67
74
80
122
5
161
88
42
5
348
87
95
62
91
42
63
24
239
18
149
6
12
47
35
250
105
27
124
53
127
16
39
57
83
70
8
34
132
186
6
177
144
13
27
7
86
76
165
13
5
228
2
2
42
27
146
35
162
4
143
4
199
437
53
131
125
0
187
72
37
101
169
70
120
0
74
310
25
15
13
296
20
23
23
25
33
191
61
11
2
144
65
122
5
10
1
227
60
129
3
11
140
41
129
149
103
97
33
6
34
122
47
2
79
45
84
18
10
7
45
6
42
2
197
34
36
156
10
18
68
249
6
213
205
79
39
38
56
6
101
37
114
97
113
24
285
47
7
12
24
63
42
162
6
50
27
55
66
126
131
6
67
67
28
29
27
264
15
46
49
9
19
19
126
90
8
7
9
192
37
18
29
2
236
37
56
157
195
9
182
29
0
65
249
6
6
3
58
102
51
315
119
37
40
0
59
1
64
22
21
30
139
213
234
11
110
166
73
287
8
131
8
238
193
216
8
39
60
72
250
43
5
56
40
0
35
33
61
297
150
5
5
9
11
38
86
5
3
8
2
130
386
7
43
13
120
140
225
202
61
9
1
103
11
57
1
24
3
214
218
99
3
37
19
275
35
37
146
24
1
214
3
38
201
29
80
2
16
233
70
1
35
20
179
136
219
270
210
68
96
28
119
331
45
58
18
3
25
58
4
10
229
132
60
11
106
146
151
15
36
10
126
42
74
20
0
104
61
41
157
97
23
134
9
224
23
26
13
47
91
82
31
34
54
186
1
450
12
64
244
1
58
94
68
198
71
70
25
32
47
12
118
227
17
71
9
279
61
96
7
30
9
16
2
62
208
271
93
43
221
61
197
17
9
80
63
93
5
71
1
6
56
114
18
2
218
133
43
220
104
3
54
175
48
9
106
56
87
73
318
62
165
3
2
152
98
1
13
4
30
37
0
377
51
156
22
19
21
68
41
1
98
52
22
5
129
121
165
3
225
277
7
47
3
291
215
283
134
285
57
13
132
59
31
265
16
120
156
206
10
92
482
2
9
15
9
129
6
21
312
8
22
201
115
415
2
168
2
204
267
92
5
28
24
129
48
70
18
51
146
174
53
104
18
42
225
66
80
45
140
2
241
94
156
138
155
69
28
8
39
127
312
1
84
112
69
101
15
0
43
66
90
141
2
1
112
22
52
16
8
16
131
45
80
75
36
2
20
20
316
29
73
7
16
270
153
17
8
19
143
203
20
50
52
65
8
5
86
134
14
4
26
13
103
60
81
21
48
1
40
360
81
287
7
47
83
34
312
41
15
42
1
116
281
8
34
382
108
314
75
223
272
12
264
300
1
106
180
21
20
2
155
11
6
150
0
197
26
18
23
263
13
242
8
21
52
248
205
6
78
0
47
14
50
17
1
132
262
84
67
18
85
55
294
91
67
36
23
2
34
121
15
149
15
116
315
8
26
373
144
43
100
46
145
97
130
89
3
46
129
23
19
12
43
19
224
7
171
12
97
149
61
312
24
194
77
20
301
15
281
76
24
1
12
64
19
32
3
3
94
11
214
112
128
138
5
28
78
63
8
3
214
56
20
7
26
102
66
20
49
64
144
195
156
101
105
94
64
114
103
321
11
32
19
1
23
23
11
21
45
22
323
130
27
66
42
254
287
3
39
112
58
10
83
61
70
18
18
16
189
0
7
23
249
40
70
174
8
6
12
1
364
20
143
124
136
103
140
223
45
2
34
89
9
271
2
4
160
58
124
6
9
17
136
1
380
97
105
205
100
6
46
3
30
103
142
297
222
265
208
36
85
41
162
1
384
47
76
115
2
24
304
325
112
351
114
1
23
59
4
125
210
30
9
129
152
19
149
129
1
10
13
190
86
72
62
14
18
40
214
3
3
4
9
305
8
87
24
41
74
327
9
93
64
25
35
16
95
3
64
34
81
76
1
18
278
39
62
179
2
15
22
79
52
48
51
25
17
37
347
17
99
17
5
82
48
45
1
137
27
230
5
23
10
180
206
22
147
9
29
194
53
37
196
298
124
115
8
61
392
153
26
118
386
40
36
155
4
222
12
3
9
66
50
6
253
78
47
68
16
12
122
14
16
286
54
65
4
26
162
33
4
115
4
244
66
71
23
290
191
11
399
52
19
21
73
208
1
107
4
156
2
1
60
17
53
35
95
97
63
0
39
6
241
63
32
142
0
17
60
7
30
36
8
17
8
344
42
21
52
7
39
75
8
12
170
235
39
7
41
22
35
63
3
160
41
157
214
65
13
10
68
24
6
211
1
4
3
59
126
107
198
6
92
194
220
32
331
4
39
75
6
353
156
9
38
74
75
190
34
44
15
85
74
69
360
1
444
179
82
363
4
50
103
27
6
83
25
43
53
25
100
111
139
13
29
26
100
31
75
79
206
236
50
249
8
20
49
41
63
0
65
18
23
193
59
4
24
127
256
162
331
178
1
15
75
54
47
91
1
11
130
23
23
8
62
87
39
24
80
125
3
39
90
10
35
48
2
195
18
312
4
315
4
14
164
55
24
7
3
99
76
83
41
226
3
10
1
260
40
37
174
10
1
18
77
33
20
50
126
149
24
38
262
140
16
190
65
4
63
1
46
37
25
246
52
1
6
20
100
3
15
167
10
32
52
3
40
2
3
14
3
16
214
15
103
139
223
401
10
35
7
39
28
409
91
151
130
11
8
36
41
158
343
147
157
203
61
17
5
34
25
17
264
13
91
2
5
19
1
8
2
5
149
120
17
39
8
14
115
1
49
32
50
130
264
9
44
107
181
68
139
26
26
398
27
110
5
52
67
2
91
4
66
86
268
358
82
84
4
215
47
4
56
113
44
112
222
5
19
44
42
66
8
106
97
96
73
105
17
180
5
55
44
421
50
39
32
2
243
1
56
1
19
102
78
21
138
7
31
76
66
44
16
116
58
257
116
191
133
17
84
1
46
15
90
18
100
124
11
13
141
37
37
85
134
57
30
314
122
33
358
18
21
58
43
215
119
2
12
96
68
261
302
118
22
164
0
13
50
4
2
4
25
48
39
19
3
32
204
2
4
12
16
57
4
110
166
185
16
125
17
5
103
265
48
44
170
20
44
5
76
60
34
36
28
18
39
81
26
146
143
42
82
250
41
151
78
30
2
140
54
26
14
6
20
42
234
4
1
196
0
10
86
5
108
32
2
138
118
81
23
2
43
169
40
43
56
114
3
2
109
33
39
89
70
46
25
376
250
21
0
6
4
58
53
98
281
11
49
40
87
293
6
379
230
107
43
107
28
9
62
20
340
277
3
210
332
176
5
0
351
192
3
5
176
139
5
23
227
88
52
43
17
2
29
89
16
0
27
39
188
337
11
244
26
108
65
103
114
97
93
33
1
144
81
66
64
19
5
359
20
5
51
145
162
60
43
203
25
51
32
38
147
126
6
277
171
54
13
0
229
171
56
59
114
38
106
187
12
61
71
23
112
281
16
79
65
149
7
