27
119
141
3
67
23
45
91
12
32
91
56
17
21
145
118
396
10
18
177
261
62
34
29
159
75
160
250
41
48
14
3
173
75
4
158
221
75
34
32
10
40
13
278
400
95
130
138
40
12
343
12
6
71
101
201
99
0
11
62
100
158
39
16
33
8
28
9
9
4
166
116
29
1
7
66
56
21
78
271
3
6
35
29
16
32
2
6
31
70
16
92
74
130
75
7
38
43
48
4
66
77
2
148
108
164
24
2
38
73
83
117
5
73
56
18
67
226
37
16
226
98
246
74
114
35
28
20
33
95
5
90
107
34
46
116
27
2
143
151
37
16
5
105
53
375
14
91
149
212
98
174
31
172
104
3
23
1
53
7
119
55
49
12
70
7
67
28
198
17
7
108
31
115
23
58
107
1
270
5
41
121
47
67
47
135
110
6
2
68
95
15
29
16
21
40
6
77
270
97
97
4
304
303
8
62
31
5
4
314
82
61
112
2
32
21
310
187
98
34
319
19
46
226
8
117
1
16
53
34
168
177
94
94
108
210
144
261
29
68
4
3
17
95
49
72
54
17
17
43
67
42
125
5
104
104
63
2
110
2
11
0
70
1
4
12
139
165
40
151
357
44
44
151
217
115
50
280
172
229
45
175
33
318
40
5
19
2
256
102
311
174
95
18
14
91
107
117
22
128
24
73
5
12
165
101
5
220
74
66
9
40
3
37
48
20
11
118
172
23
373
3
16
51
117
196
24
231
71
6
32
138
159
70
4
95
63
199
267
168
14
0
2
12
23
6
0
4
340
12
4
16
1
248
9
27
247
2
20
32
71
59
169
34
243
397
128
12
119
0
82
101
10
151
39
33
0
251
27
29
0
182
27
149
22
83
135
63
37
185
11
52
6
41
57
15
20
30
16
21
174
8
173
57
108
12
130
1
54
79
87
7
30
113
109
269
42
48
109
119
16
48
10
37
84
13
362
54
82
153
87
246
2
245
105
120
174
26
10
114
24
14
345
24
47
51
72
35
5
166
5
201
93
59
129
0
229
199
30
39
3
2
45
5
57
193
129
112
6
87
8
34
242
84
228
84
5
119
1
211
114
162
1
19
11
15
147
153
254
36
1
19
69
155
282
0
15
51
67
5
4
156
143
2
92
85
147
15
97
105
269
32
19
182
62
97
286
1
0
43
118
69
2
42
21
3
3
45
8
62
12
48
52
112
114
73
6
271
72
57
272
239
1
57
1
245
16
19
14
2
15
235
37
3
74
6
123
157
46
30
5
33
215
83
1
19
45
25
104
74
43
1
83
80
6
68
39
28
66
7
3
0
2
90
6
25
1
132
68
34
326
107
16
7
24
178
13
71
49
23
16
24
185
10
28
1
206
259
55
32
41
69
2
29
16
49
69
31
32
26
18
6
0
58
111
13
5
31
107
13
168
75
134
6
6
23
340
60
18
56
24
46
21
38
97
57
0
142
23
290
91
19
0
52
34
27
78
32
24
124
74
49
2
17
163
200
37
0
164
66
30
34
139
50
20
27
91
16
38
23
153
20
71
37
96
25
147
22
0
67
54
408
256
12
9
52
35
6
1
45
77
3
244
90
7
31
6
146
141
113
100
11
26
8
0
2
66
119
17
25
32
136
167
321
443
61
1
40
186
1
44
78
77
17
206
7
15
49
134
23
77
281
13
197
2
117
184
21
1
38
15
1
17
256
38
45
36
232
5
79
187
129
1
4
37
1
38
81
16
197
430
47
18
131
17
148
15
8
47
158
1
0
144
54
12
7
5
316
33
30
26
226
107
59
3
18
83
158
88
164
6
62
21
160
290
73
52
312
230
3
6
126
172
347
32
54
97
278
315
0
23
100
22
298
0
62
4
122
14
12
73
2
199
216
58
23
37
1
74
40
13
88
91
107
60
198
55
26
73
58
119
339
202
8
3
46
23
356
161
46
81
20
24
30
71
51
17
42
164
4
57
12
19
5
88
4
3
175
104
74
2
75
37
108
11
107
14
25
22
182
120
12
372
12
33
184
53
10
34
51
187
19
43
45
7
447
94
233
10
176
3
50
90
29
58
26
225
16
160
140
73
46
100
1
139
1
88
90
287
26
9
17
273
44
146
19
28
43
195
104
17
64
62
70
1
2
45
120
81
6
198
25
52
130
330
41
286
15
181
73
38
264
5
38
4
1
52
7
14
111
193
22
45
121
150
4
33
14
11
178
105
109
2
290
23
271
120
7
99
34
3
1
8
104
81
60
168
19
100
11
149
43
53
38
25
57
183
6
4
101
2
119
11
6
31
0
122
1
16
18
123
90
1
217
6
78
145
60
5
319
6
245
46
1
187
104
85
170
28
232
17
92
40
109
45
18
91
47
14
101
175
51
85
103
160
35
21
102
8
32
11
163
4
3
35
80
10
46
144
7
213
2
10
49
18
0
60
203
122
97
144
30
5
295
112
85
90
132
171
8
23
59
2
24
112
40
21
38
18
89
20
9
56
89
163
1
2
88
161
74
0
51
15
6
11
1
42
11
135
60
12
60
44
58
229
31
85
368
12
154
1
13
39
72
59
286
69
57
41
3
19
29
103
0
93
7
352
185
72
413
16
93
2
140
27
59
38
63
1
260
34
45
16
140
13
103
168
35
92
29
250
127
47
7
95
18
101
13
175
29
43
66
142
1
0
30
60
47
41
358
1
38
1
134
23
131
147
12
2
18
100
206
28
35
27
14
180
3
196
16
219
186
49
6
91
54
26
147
129
71
5
20
58
10
130
7
42
13
13
17
33
1
27
150
124
132
79
31
4
21
69
11
39
126
191
46
135
6
16
8
229
212
13
21
232
16
3
99
142
4
3
19
141
13
48
132
26
131
100
6
105
24
29
13
218
60
193
66
326
98
86
91
205
177
3
138
55
14
2
175
182
92
19
157
229
44
7
41
111
45
270
95
144
54
153
103
102
25
48
38
41
28
20
91
7
85
4
233
20
86
23
337
100
5
47
296
363
26
361
177
86
30
15
36
73
38
50
32
18
62
105
112
3
39
29
8
194
77
37
188
246
217
88
120
78
140
188
250
120
19
160
188
26
69
27
361
6
36
283
31
29
0
10
0
195
11
61
92
24
48
38
78
88
52
39
58
23
77
184
117
94
66
62
55
1
2
16
18
69
75
123
1
25
24
206
12
36
59
0
3
22
155
2
346
8
155
100
89
166
10
209
86
29
252
350
343
19
175
1
150
36
210
13
56
154
72
35
2
277
98
5
31
61
196
53
52
109
135
77
91
169
70
24
32
306
36
114
31
364
64
2
83
49
75
12
12
274
117
22
224
52
280
38
31
22
170
121
271
27
2
120
9
476
94
219
126
56
51
37
35
24
21
9
1
62
9
168
30
80
1
256
151
64
124
43
152
25
255
153
6
74
80
170
72
3
27
2
60
133
6
68
7
106
229
345
71
5
83
1
175
250
197
76
1
89
17
0
180
24
17
12
162
60
22
10
28
92
148
21
43
17
48
10
97
141
42
126
47
35
38
172
95
55
10
101
21
3
36
48
139
38
199
20
6
4
7
291
135
40
1
60
12
2
54
110
35
25
200
48
90
86
192
376
24
34
75
22
219
139
183
22
53
411
149
282
6
3
73
31
288
36
14
26
12
80
220
24
99
410
48
11
14
95
15
124
131
42
18
148
261
4
25
9
176
122
52
73
87
26
3
2
353
264
31
25
0
309
0
106
208
253
0
190
84
89
0
90
112
26
130
386
156
102
42
211
291
7
94
41
116
9
8
200
31
17
67
232
67
18
122
20
226
28
153
145
9
321
92
268
11
19
110
48
340
99
11
68
11
81
0
1
44
12
82
2
30
8
128
5
324
12
93
156
78
158
48
102
3
8
103
158
18
158
40
162
219
41
8
55
107
249
5
33
24
24
2
9
50
0
0
119
150
76
186
14
76
4
73
3
172
118
109
129
34
18
11
41
57
72
79
49
38
27
2
223
101
15
13
4
233
69
184
70
41
37
27
99
58
4
21
115
1
30
151
208
229
85
98
46
49
59
7
109
57
4
65
1
75
16
13
16
83
40
60
259
102
273
213
59
54
11
92
6
36
225
8
0
42
86
28
165
42
61
113
2
34
11
256
76
95
35
2
42
150
70
17
50
57
210
64
16
58
180
0
8
19
49
147
69
51
222
173
21
7
14
107
39
15
51
10
45
107
2
92
242
43
16
9
1
0
204
87
30
206
35
51
0
3
4
2
26
110
161
35
299
99
17
2
22
5
7
4
8
98
238
329
144
21
71
20
80
7
74
293
58
186
3
31
125
54
129
77
184
440
49
7
18
132
47
9
1
55
320
23
16
11
58
0
4
12
76
35
17
27
168
145
39
206
12
14
104
245
89
208
0
5
196
4
32
1
47
178
4
85
21
73
198
70
78
14
47
95
50
20
89
52
31
0
38
20
54
2
237
33
109
14
134
62
187
3
26
72
137
83
186
96
93
23
17
0
2
26
44
216
0
40
29
0
0
405
