172
337
0
25
17
247
4
177
0
174
33
20
19
319
71
168
123
152
83
29
302
203
56
11
123
80
1
641
58
318
142
438
167
49
2
38
34
37
7
71
14
2
2
288
33
51
38
135
16
32
0
500
7
28
112
13
307
32
546
509
159
3
29
242
19
218
48
16
83
49
125
41
175
38
119
287
5
23
91
560
6
6
108
35
5
26
20
28
56
569
8
152
40
93
74
6
43
147
59
410
77
384
48
25
130
87
316
120
27
134
26
32
26
70
63
29
12
2
15
25
122
24
15
12
190
150
50
2
6
148
213
31
219
22
351
41
13
454
6
96
28
5
284
39
8
180
225
129
2
144
271
192
392
15
39
9
232
64
13
131
106
28
514
11
237
46
297
206
1
373
181
41
23
48
9
8
2
25
1
107
131
141
3
103
383
74
192
30
20
248
171
121
10
51
154
189
33
281
100
639
35
53
278
77
108
63
67
1
281
141
0
3
12
8
32
142
243
539
75
43
4
148
673
175
42
24
58
114
1
48
531
347
136
113
314
16
283
137
278
0
102
16
17
79
310
22
48
53
70
75
10
433
614
1
0
7
10
202
83
625
244
1
710
19
93
62
0
1
134
18
351
92
188
54
9
212
268
26
50
59
10
96
57
246
6
98
27
23
9
11
66
111
264
59
175
28
41
32
59
325
29
1
40
584
57
2
37
350
146
311
165
2
65
277
85
13
94
23
71
123
159
142
6
117
19
288
253
292
4
332
51
20
91
114
192
44
209
163
117
59
197
11
184
25
94
19
210
199
152
17
9
84
240
94
18
6
20
23
0
108
17
314
203
315
56
28
171
8
85
48
105
35
63
25
294
67
62
34
228
106
212
293
94
190
26
23
6
17
35
351
137
6
52
10
6
104
62
132
101
4
21
331
310
7
322
185
247
24
26
179
755
227
170
79
46
419
219
133
42
135
7
142
76
117
152
2
103
17
609
5
57
8
122
76
72
128
93
149
18
2
168
26
171
7
52
331
493
177
167
360
83
26
365
34
5
52
10
19
110
25
8
34
464
70
4
294
136
255
354
37
361
151
33
24
27
350
23
393
2
312
156
160
298
25
17
4
30
189
268
81
217
74
8
63
4
648
203
43
188
210
4
1
74
114
244
4
190
340
75
371
31
69
18
19
729
58
102
297
157
7
29
232
34
7
132
24
13
146
32
63
84
49
246
147
107
300
47
8
120
234
162
133
178
70
294
12
196
29
21
5
39
5
54
161
53
5
55
114
21
293
17
58
26
507
71
23
229
9
380
33
5
450
109
60
1
44
25
39
166
139
197
12
0
18
8
120
118
63
0
229
57
61
3
72
74
306
717
261
154
12
133
45
71
21
631
303
86
388
16
27
169
229
225
32
4
38
536
387
10
170
90
13
22
107
527
296
104
149
19
329
1
36
2
407
526
171
234
73
14
18
79
164
112
0
106
0
55
48
59
42
12
311
63
38
81
9
210
21
162
126
23
41
63
15
29
9
51
107
153
87
11
97
34
0
64
11
81
5
53
1
32
485
189
4
130
98
19
32
7
359
187
23
19
65
108
2
178
70
8
56
146
28
19
12
214
109
163
382
84
512
85
10
456
1
228
14
122
172
171
1
313
6
74
4
313
0
82
8
54
24
6
256
1
61
208
124
233
5
208
60
334
179
93
231
80
30
494
158
3
218
32
32
2
3
25
4
355
167
168
504
87
11
413
16
301
78
49
91
18
464
323
15
113
109
118
101
235
3
37
9
3
207
39
104
337
19
65
6
208
7
140
409
149
258
561
70
738
50
30
21
11
27
632
499
3
13
4
9
13
0
12
309
548
76
261
146
361
21
282
99
2
181
465
262
10
2
479
434
128
53
113
10
442
292
212
41
25
3
93
0
150
111
218
115
22
106
1
83
18
332
282
26
25
201
439
6
115
30
594
232
13
26
125
313
75
103
26
77
153
43
30
35
274
136
9
203
193
71
54
105
133
214
227
18
100
40
648
123
17
124
280
364
121
24
7
39
25
62
86
77
75
459
0
403
5
20
271
84
6
4
40
327
58
151
582
62
44
4
24
41
75
162
223
115
819
1
26
158
34
17
304
17
5
16
135
11
1
164
373
258
748
3
90
306
57
48
158
54
332
13
232
0
6
297
14
92
1
8
296
103
29
115
63
276
37
310
79
14
1
3
2
8
217
215
81
86
4
101
207
29
167
6
0
283
44
55
21
443
13
195
68
38
8
40
17
258
40
44
410
18
43
46
34
154
208
202
110
12
1
217
139
267
518
232
13
1
210
185
126
6
99
145
57
739
63
4
178
332
28
2
67
53
1
256
125
33
589
354
143
0
138
5
182
14
150
163
106
48
224
442
7
610
298
69
95
1
13
167
39
92
305
72
40
0
3
241
26
99
91
6
13
51
545
154
9
13
90
44
214
23
301
14
32
122
28
279
36
190
97
489
196
18
513
65
22
22
27
17
26
13
78
364
63
173
64
116
30
384
58
190
72
10
1
12
3
29
117
7
56
174
2
256
395
74
512
116
317
33
62
21
166
123
197
56
35
2
593
55
150
85
18
47
35
26
24
395
28
92
9
85
81
233
333
36
155
98
34
339
44
45
30
126
17
274
171
7
14
440
7
31
3
2
168
423
41
1
316
470
165
738
77
1
3
16
326
10
37
555
140
161
200
55
453
9
499
5
532
29
8
21
24
16
151
386
18
0
178
403
11
7
154
42
71
90
3
110
326
236
610
236
21
13
334
201
34
189
13
235
122
216
119
1
3
5
14
11
173
367
73
37
3
36
96
223
443
56
19
13
68
3
29
79
59
468
129
123
102
47
560
82
31
36
13
98
180
94
191
3
293
13
12
12
12
60
23
215
157
16
43
7
4
14
53
71
412
727
4
149
54
150
263
38
647
69
112
26
47
1
35
67
2
8
403
47
2
17
112
181
1
160
68
63
7
335
57
91
18
154
229
40
108
11
2
1
29
114
29
70
2
133
269
111
51
401
242
1
158
13
172
333
209
2
93
66
279
23
163
136
412
2
17
206
258
10
123
91
8
176
217
254
215
37
58
3
66
37
29
262
5
108
31
475
172
346
34
22
19
69
106
18
336
138
104
58
93
596
85
111
311
15
251
31
88
63
148
412
469
197
751
425
17
47
33
39
240
7
191
7
12
414
436
96
52
99
484
8
154
115
109
76
524
64
68
25
33
93
155
31
705
408
214
242
88
60
420
54
1
39
0
30
157
301
2
3
4
359
38
14
151
115
30
26
326
204
135
95
14
343
3
0
182
96
46
206
101
20
109
500
677
4
15
73
69
283
137
2
15
172
17
749
33
481
305
2
75
7
153
506
32
130
7
156
3
22
245
75
30
21
57
305
18
38
5
160
159
717
140
19
65
159
72
1
169
89
12
91
309
329
15
6
551
288
14
266
622
12
328
45
7
5
3
105
521
283
26
58
12
0
4
8
28
149
0
109
287
274
54
122
28
17
1
237
25
25
135
7
69
8
80
27
292
0
13
22
200
250
89
15
0
416
630
41
277
444
70
44
79
129
394
12
32
5
519
66
199
23
12
246
164
82
5
123
410
68
74
132
110
84
165
95
472
128
4
31
19
135
18
51
37
142
32
333
36
34
81
25
217
124
527
19
131
361
156
133
212
184
62
363
26
37
70
476
222
22
29
42
78
2
98
7
58
104
369
9
39
14
142
43
28
294
102
110
227
49
202
30
89
34
1
36
33
282
73
420
7
414
658
5
23
106
27
388
49
91
45
22
250
171
26
242
170
187
0
561
116
16
124
139
50
12
22
284
36
112
210
55
42
116
634
65
392
48
72
380
94
336
13
51
32
378
159
137
314
16
6
90
69
14
86
0
200
3
210
70
56
173
30
81
173
19
72
547
4
600
17
323
13
125
1
291
95
0
282
51
86
15
150
175
11
57
147
25
63
368
0
30
6
246
26
10
116
68
488
136
166
149
50
76
127
46
84
171
75
97
22
80
598
106
144
95
178
0
34
140
4
481
52
7
206
51
54
35
3
57
125
7
127
24
22
96
149
84
385
40
425
60
13
15
90
10
256
69
166
108
198
91
54
400
45
239
4
12
91
12
124
14
217
144
9
259
225
136
40
42
1
126
166
568
610
103
122
27
61
1
96
40
38
16
305
72
667
19
575
4
9
126
51
50
56
27
119
104
239
110
14
193
262
4
213
44
29
118
36
45
236
10
12
466
294
117
7
41
11
436
2
204
1
13
517
133
204
6
75
16
142
17
11
41
7
35
0
160
31
0
23
369
27
2
148
5
34
0
642
8
31
150
23
34
39
329
562
160
3
634
10
420
37
42
505
1
140
184
95
25
72
9
27
299
44
11
4
21
83
31
19
314
10
588
254
107
101
217
21
47
76
1
271
56
86
399
50
125
115
1
136
257
63
612
454
61
56
26
1
8
17
39
75
271
358
19
256
72
595
178
100
193
86
306
15
50
189
92
232
3
4
92
55
92
49
92
