636
2374
130
99
1863
129
4882
849
452
1371
187
282
471
727
511
1552
1255
692
17
341
185
130
362
54
365
1256
1344
1491
244
541
1856
306
515
1866
2081
1164
500
2420
2831
132
295
1010
237
1161
1935
3621
5
640
833
731
1985
96
1083
306
588
564
26
37
2737
0
190
101
1188
580
15
3229
2773
23
3658
5
1274
459
35
902
1657
1138
133
882
22
94
204
268
77
9
1916
56
71
319
1107
2582
361
943
57
1761
3119
1210
1502
981
133
1716
972
1514
251
523
714
498
159
213
202
93
14
741
263
873
351
98
1292
620
1023
573
48
1135
2271
785
295
1943
14
155
406
296
240
604
602
531
110
788
774
1731
10
265
0
50
280
117
40
566
713
1714
657
132
5
2797
522
2951
2025
169
621
183
168
459
652
439
165
277
116
2189
463
872
251
30
776
1173
232
2412
124
307
1510
7
328
1244
900
915
276
25
75
384
1787
1444
3
1483
1529
775
1781
810
487
734
178
193
1047
373
249
258
2085
126
1308
412
1205
1081
3673
15
703
656
555
292
1300
446
488
1449
132
1714
8
1440
266
184
394
215
369
217
721
79
2042
278
705
588
1210
276
3320
178
103
681
178
79
1209
2882
509
1609
431
43
1088
707
1241
128
29
1170
197
330
198
261
52
846
221
45
249
1671
1722
1
63
209
889
1490
50
82
225
913
133
940
140
22
26
1066
2602
1
88
1165
4
893
1791
1037
246
1507
415
34
61
156
4180
172
955
1399
417
1183
690
1724
1817
2027
1346
138
800
3281
703
747
272
307
67
207
13
77
51
1370
136
3615
1413
351
1062
147
135
89
731
1692
483
435
4073
710
508
1333
903
9
41
34
1713
2230
1202
143
99
140
1642
183
16
99
531
9
53
63
3127
2091
550
1137
192
445
87
23
86
76
883
575
14
9
230
1481
357
569
2293
1250
9
92
562
162
1728
64
12
2
263
608
82
2571
122
240
390
1466
55
1927
195
292
3127
10
278
882
171
46
806
252
7
174
62
1683
1344
1354
149
911
1741
245
8
313
2352
451
8
1
1324
185
847
19
93
3153
66
2320
717
2961
1717
18
1635
345
1348
54
492
2252
1914
559
3100
686
846
95
1302
68
1576
19
13
764
64
1536
342
179
1033
168
876
1152
480
415
1605
1311
55
1167
2304
810
1003
174
565
910
1572
195
13
363
1086
2116
96
34
1951
77
849
956
4
1192
2234
67
216
2832
1495
222
303
1991
873
413
1536
212
579
160
434
1048
368
365
514
1353
503
57
136
680
954
430
591
151
1586
175
1928
633
11
854
295
614
220
327
643
248
3079
606
1527
475
498
1142
109
4096
481
283
2251
184
34
287
361
565
714
1219
1076
1438
86
492
82
1472
185
121
144
1427
460
627
75
748
3499
53
776
326
409
609
470
2924
328
4439
1557
310
239
345
36
102
463
110
1550
23
2963
1804
839
1532
414
430
12
5
84
743
134
55
1852
219
836
40
992
16
2042
794
361
741
243
726
434
24
273
593
372
375
705
926
2436
1161
3014
339
1036
547
179
64
2862
55
18
1813
4
197
258
2
1605
1369
32
1055
12
1609
485
831
86
1286
1805
261
1257
65
877
643
3
1373
1076
426
66
330
309
142
1019
36
771
660
1713
1658
1228
165
1899
176
1576
295
82
1327
602
2255
154
27
230
288
1629
2866
441
30
1016
1816
1671
36
601
11
724
155
2099
1662
3335
108
909
111
697
248
1281
1
22
13
150
870
63
106
1412
1474
3413
31
875
168
155
1174
1528
2874
1230
30
1033
530
7
3213
443
56
567
705
1792
1282
925
35
159
2
1382
160
1280
22
384
556
72
276
389
343
449
1017
2944
1207
971
671
2234
907
5
1506
2863
30
49
159
3068
54
11
0
607
332
1027
1073
1
1113
2338
189
2697
424
306
1492
1925
1316
4057
36
30
470
19
597
173
888
145
155
1223
1005
798
2612
202
716
305
49
1755
1720
98
1470
41
48
143
131
5
922
1667
374
0
332
638
46
1374
853
52
11
88
558
101
1562
1211
26
1044
739
32
3241
342
298
1504
366
67
1289
363
1188
1060
1218
46
659
807
2281
118
371
1125
429
899
1793
21
3721
38
177
2774
1069
451
1511
30
283
755
40
120
743
948
942
868
1338
2688
763
1639
11
1651
375
569
28
24
1180
1034
60
766
161
675
133
1253
471
1214
26
235
1802
2254
285
201
156
386
259
60
597
437
267
2475
592
142
193
686
619
1032
7
827
180
1915
412
750
1465
55
643
2559
257
496
2418
9
281
557
20
889
3469
159
59
132
2166
4
64
866
558
1111
53
2934
63
1320
1
433
426
580
2910
481
67
181
2130
139
1204
150
412
3231
1519
171
61
703
2259
1799
1521
112
52
3040
36
466
166
30
158
1381
512
2163
68
296
1342
98
3555
1648
2096
1419
173
420
209
1872
1662
286
243
155
1336
716
1823
2048
347
139
39
1629
16
1974
931
164
327
346
2039
81
333
2442
190
361
1629
272
173
2177
213
332
744
526
19
68
975
1311
1039
1321
424
201
13
1068
235
329
3063
632
1118
1016
1894
2122
736
2303
2912
456
524
1567
435
155
124
1718
563
1011
693
1479
1544
11
1635
268
1341
12
595
426
797
28
1015
186
256
214
3398
1302
89
807
388
537
329
1632
2236
1189
94
3081
156
1636
59
1535
65
133
869
962
221
171
53
55
633
207
2765
522
33
342
3238
896
914
42
208
1080
422
48
2083
20
1779
1647
1211
1459
1292
3670
1369
390
186
481
3181
2596
445
1118
1143
0
112
120
507
510
102
1946
496
3120
87
785
1371
3235
174
293
79
57
1336
986
0
104
41
28
497
892
12
1392
160
32
514
3079
1898
991
230
1436
2877
198
353
2894
323
488
3648
3569
448
337
188
1209
37
6
1821
2121
326
17
502
581
216
1994
118
2114
2928
21
392
594
3653
120
97
341
63
463
3567
1959
226
1609
69
941
146
244
6
158
2183
727
734
2497
411
2749
533
283
164
49
66
154
810
408
800
380
4
1136
1108
982
2057
5
276
207
267
382
963
626
421
2268
211
389
75
66
183
597
1542
1940
776
79
148
1263
19
20
1105
1433
1233
1428
816
45
2895
5
850
3762
137
166
21
1344
170
2252
2185
853
25
955
1633
936
771
16
521
1634
12
185
50
1515
75
2103
74
3222
38
320
442
1156
924
677
0
113
2241
21
198
459
1386
1187
219
863
440
1127
655
412
1898
128
83
271
613
109
1168
136
1160
78
68
296
686
865
1501
103
1779
378
1538
107
213
3
318
442
645
315
273
1
1537
71
725
329
180
813
107
171
54
741
966
98
373
664
3263
16
52
671
1750
136
2700
2699
347
268
135
518
3361
283
2499
896
239
355
1978
2376
1850
1069
61
95
649
1520
2592
1180
11
1161
2487
139
1965
13
2862
2315
1704
2083
465
1212
5
803
275
3445
616
1657
660
82
1644
747
328
147
709
1070
730
295
3077
2552
249
1193
66
2298
2600
627
1173
2319
865
282
93
87
68
603
375
2953
870
40
100
548
384
364
35
23
1683
602
346
2750
58
17
2
3189
19
2272
952
1218
783
61
11
800
42
60
42
485
236
508
218
58
3144
19
111
602
1381
1623
1405
49
333
2138
88
540
749
1404
180
302
1915
2936
1834
2294
1666
547
460
335
4523
1092
2084
1891
2211
52
188
64
12
388
1518
20
2978
22
32
3453
2258
1155
223
52
1479
493
1433
978
1822
45
1877
301
28
600
780
542
532
576
840
239
1604
2149
653
27
43
1960
109
143
192
2019
2151
346
3457
94
78
67
225
1732
310
1171
156
500
339
165
1196
776
975
295
1947
176
264
2655
234
536
600
1207
769
704
1108
2235
63
769
23
112
602
593
1006
49
1
574
2515
1100
911
290
2027
1041
417
493
161
17
1258
1582
348
1306
81
2541
325
1355
369
1702
117
120
225
510
65
453
1292
445
1442
33
460
94
1598
582
928
356
208
3325
96
182
72
319
443
276
308
1035
295
3000
489
423
186
116
617
1
1602
706
714
766
9
1033
330
144
1164
852
187
12
509
1159
231
392
1148
434
1272
3161
1489
2922
1
3645
100
174
276
366
177
286
1215
74
886
69
483
283
492
2921
1447
467
2725
848
555
1741
1510
2435
665
448
581
196
395
1676
55
1848
4364
90
142
757
351
144
703
1783
502
347
852
232
645
0
2265
245
2059
480
980
735
413
1482
563
499
200
70
2101
2376
2824
401
631
1005
1550
345
687
90
207
108
347
2048
230
1461
1492
19
306
2734
250
50
153
2356
1105
889
3455
705
1233
1248
1030
1897
3446
903
281
2891
1369
746
1618
437
80
288
2166
1
834
1032
431
216
73
2911
788
1299
466
3988
178
1460
1432
800
966
1587
0
832
197
906
326
930
37
431
1336
2033
4854
508
4
98
1592
2126
191
3425
45
68
1055
962
1148
6
163
150
864
216
142
82
1153
529
4029
1511
380
550
21
22
790
1155
684
1647
406
349
521
1
203
213
317
2446
87
2798
222
137
2554
2338
1273
651
3477
929
40
296
2220
25
46
32
223
549
777
81
862
90
341
221
834
420
218
416
915
29
1389
0
1245
282
35
808
468
1870
226
39
1511
1775
301
281
228
1974
1513
233
1
66
283
323
2050
873
1168
749
246
496
934
2209
691
2970
2633
391
986
1408
4
4
2426
194
752
1210
2847
99
133
484
426
365
1631
2527
83
37
152
4
1893
434
59
1963
339
485
306
999
3990
612
46
616
2011
1482
998
316
938
83
132
237
1549
850
2589
3785
119
210
83
434
35
64
201
2803
1417
675
2386
402
7
139
1378
526
973
987
2147
472
10
328
0
329
262
1461
687
35
58
717
395
3
434
866
2852
42
1864
741
825
2340
385
397
69
1722
524
113
375
116
259
770
435
1434
1123
1761
2517
3773
605
37
3
42
1170
393
575
224
443
1073
10
284
2807
73
1687
351
1907
114
166
1349
1449
43
2091
914
2428
621
491
541
455
139
1174
317
580
133
400
2482
1974
2046
20
172
1137
42
0
3080
665
22
597
5
1890
4028
2156
41
2197
69
245
138
477
1367
1661
762
782
3321
502
1504
47
39
340
131
1395
1218
2738
629
861
1365
2473
3149
87
585
582
547
230
55
11
1594
630
171
1376
38
1376
130
3061
340
32
238
775
106
1132
3501
944
1181
1429
1479
281
145
132
616
615
31
14
14
780
899
19
341
845
488
40
141
871
2451
421
87
2
714
270
79
1514
1578
941
25
2122
1121
14
654
2
212
321
8
349
1784
36
8
633
672
4484
1356
1659
3198
586
412
272
557
2998
2489
1086
601
141
407
928
135
115
105
1057
382
331
37
17
231
201
528
369
99
1608
483
483
527
2244
1890
1817
2706
182
3057
2211
119
2
46
1409
1597
45
462
780
2095
981
122
2990
582
224
101
116
413
129
23
519
217
502
2208
158
95
42
214
1047
556
51
381
105
1683
553
1881
1033
627
114
1463
468
116
232
40
1018
523
3089
156
3
445
1692
509
101
143
1393
783
646
1507
3
24
672
2554
561
833
148
482
1226
22
96
2753
3033
125
5
433
777
3108
481
3332
71
29
348
1001
1189
80
1413
498
1327
2443
1305
171
1887
2325
237
920
2
1208
600
823
186
37
287
716
175
2126
3636
2895
387
170
203
953
532
149
74
611
58
25
578
2297
1118
77
400
48
3180
1866
1330
3719
1389
953
3630
384
376
1832
1794
143
372
235
1274
577
1227
26
269
107
922
2015
297
352
127
1766
816
80
1219
1650
242
104
1001
113
1261
1588
423
406
9
2871
77
3
193
1613
643
2861
121
377
983
1177
238
26
130
5
520
280
1353
3075
166
387
1405
148
408
544
41
39
31
696
3041
86
1254
187
1899
327
276
22
553
334
60
189
472
796
2123
934
469
139
1058
263
1677
3125
211
826
1104
319
149
1720
1696
1099
2025
1852
507
221
286
53
1333
2106
663
28
1056
2443
118
36
1814
895
1940
386
403
147
571
782
65
1030
114
47
1565
950
69
705
2137
1145
1339
536
641
3512
1117
476
2434
993
149
420
8
628
351
564
1729
123
10
165
1206
285
492
1430
1848
1318
1320
999
214
1755
29
2487
2552
2166
754
140
687
557
2029
93
1
41
155
437
473
3686
504
816
4373
1107
2872
2881
1822
21
722
3052
17
116
5
175
248
1184
456
59
248
598
46
1361
105
32
1867
835
625
1583
1464
400
966
1141
35
1219
2467
574
384
325
214
148
2393
298
116
11
46
650
1914
1447
153
13
1563
1123
367
42
0
557
46
178
494
345
1186
365
933
208
809
2706
877
253
789
158
227
1526
580
276
287
688
679
763
39
1625
128
3404
687
90
135
873
1606
100
2433
880
411
999
406
86
1555
238
1499
1481
778
1950
166
315
503
1238
202
127
53
897
6
13
973
432
886
268
976
336
88
251
860
58
665
532
111
2468
395
2
1700
1414
15
759
343
51
547
276
5
210
191
190
1148
92
1886
33
159
2534
1078
1998
783
1979
27
1367
1540
882
1519
560
3215
710
1498
1094
101
274
267
556
1
1413
27
1128
1965
1354
2129
25
219
766
1649
2164
247
1045
1425
859
158
317
634
604
556
173
2227
3298
366
419
2042
246
116
125
2146
202
324
345
3395
6
434
848
390
313
652
160
4
505
1466
2470
140
3019
1644
112
99
444
874
195
26
528
1487
344
238
56
2831
511
1560
2873
145
1
1168
1187
2007
300
643
2019
1
613
35
797
406
32
127
385
760
562
722
251
2281
16
550
2653
2447
29
384
1644
331
1332
185
46
1644
335
518
1227
614
155
2003
144
61
235
3162
1548
431
526
1814
3
368
3561
80
26
1362
1544
1949
155
32
3618
14
1750
484
1870
307
1866
461
61
2260
783
364
629
836
999
308
1068
2070
2029
208
1355
773
59
474
776
1677
83
271
597
458
148
2
615
2255
124
294
123
818
36
2021
3580
124
27
227
153
1802
207
21
1035
298
983
2431
1409
2016
287
2309
1251
1794
257
3467
914
307
3555
438
573
181
170
1622
1632
17
9
31
1415
1507
632
334
1333
537
275
724
1690
56
1304
1396
156
1134
2778
44
354
290
47
1476
728
634
567
499
76
720
337
1548
1
630
1926
694
0
437
112
27
19
1344
1964
922
2280
1184
859
1703
39
350
544
142
891
696
1262
675
1276
2208
182
311
2073
680
1411
473
172
98
392
130
2020
172
2023
344
10
735
1174
2428
174
110
155
576
3
69
124
692
40
230
1128
231
169
982
228
36
179
228
923
1182
97
338
2248
155
1802
1290
2300
425
68
1570
139
56
718
224
17
1428
23
207
14
1130
587
103
4
2
2359
15
2093
205
68
71
49
1085
844
64
202
2547
394
400
1629
1020
81
1105
98
2415
379
610
50
1406
2426
27
825
58
16
80
34
2700
1534
1257
725
1275
2037
2474
470
327
2027
348
119
1045
981
504
1377
21
217
2487
2123
605
2
74
761
102
4
385
148
1
5
436
984
826
1217
559
460
3224
18
779
346
3063
12
104
0
2476
1095
12
2468
381
699
1762
2801
573
372
102
77
4
1828
47
666
7
425
362
1764
568
102
756
372
306
2401
42
68
204
1047
1024
1448
2759
3102
462
1882
0
2164
687
511
217
507
35
674
3111
455
17
2352
604
1115
6
2535
1669
326
1573
1520
472
82
959
73
1738
350
100
2496
1498
2469
769
366
1130
1194
588
740
573
557
529
897
57
14
2150
1105
514
139
0
803
197
61
942
2270
3797
276
67
222
214
513
2131
62
1145
64
208
253
1149
326
950
2180
1022
651
239
872
350
101
213
92
1781
1431
201
20
1989
51
3787
1844
212
10
60
547
523
321
1019
263
1039
1302
3104
872
1741
1953
472
470
2424
92
148
122
2001
1872
10
1027
546
206
338
437
40
225
235
1995
960
100
374
29
51
1488
532
634
994
121
204
151
254
268
2226
950
336
200
3
691
80
736
1272
1762
409
472
283
819
513
215
341
1457
576
178
73
1807
737
936
1003
158
272
116
476
908
1556
487
83
152
88
57
425
497
1862
2730
295
1272
1304
564
199
2648
3959
2029
26
74
1928
0
191
2688
2572
261
1167
270
29
486
3262
2580
1668
416
267
401
16
121
214
149
400
768
13
734
2197
355
7
2012
151
3194
336
1320
1409
704
2440
776
827
55
274
1429
345
907
927
268
549
72
80
743
1435
158
2293
962
215
1058
696
561
742
386
1120
1044
894
3532
346
2343
3141
318
1067
1498
169
2330
850
3
698
1558
341
814
254
830
41
409
33
664
88
19
68
55
46
347
4193
171
802
543
191
1982
105
4006
1694
230
2318
713
33
1580
1381
83
1676
757
2117
2481
36
153
651
2843
2273
2798
2
15
145
536
2041
459
128
148
1358
1334
28
98
811
1350
13
1428
331
369
37
571
703
3195
1187
28
1417
260
1221
577
88
70
686
60
667
823
238
463
3599
163
253
18
23
966
86
4286
386
560
1756
1161
594
57
284
2778
792
961
416
1251
15
500
4
891
1773
670
131
371
32
224
678
274
916
28
241
294
98
459
252
1668
4037
1946
2200
952
242
40
1311
22
73
1146
301
352
412
13
33
37
2129
129
1284
3383
899
1205
14
107
116
1204
135
431
633
59
16
213
392
178
1807
2569
1879
48
1342
1303
1211
1021
67
96
1217
983
276
1503
853
505
339
874
558
22
630
26
61
341
1353
27
4391
345
46
2003
1197
604
1057
488
1500
457
734
311
165
122
3581
1210
250
1417
1257
467
167
516
360
955
1334
1797
1130
801
919
3970
190
130
422
2058
167
56
2307
400
735
20
472
1427
1162
559
578
284
1426
959
207
150
213
3025
1856
167
440
1497
130
345
274
31
137
151
455
16
1406
1212
2519
70
235
1887
387
118
0
691
2166
1248
192
1366
707
758
767
246
534
1060
1409
332
87
646
31
2971
1311
7
1171
187
1394
1410
108
3303
316
412
645
25
115
907
23
3410
323
3116
944
4154
98
1144
135
129
222
2103
4126
4628
652
1361
228
446
1811
94
56
243
352
1439
226
1712
167
1785
129
1
2202
2816
479
1669
3817
33
58
230
1926
2650
1244
552
1173
600
1977
91
1587
165
647
27
98
814
19
580
372
1326
66
290
2768
148
1849
29
2130
17
159
262
793
268
1080
13
708
133
652
296
818
3596
322
20
3142
639
3534
2099
920
2916
207
2567
236
943
568
2804
863
180
175
528
67
82
2237
430
358
1186
2682
76
1207
198
692
2382
1231
627
1060
1529
582
220
1693
3833
66
54
126
190
268
16
393
107
2336
222
230
3835
96
298
37
613
1126
1950
244
183
26
2268
53
1381
150
1662
288
1
829
2551
901
3784
1045
797
754
1928
9
31
136
1979
353
80
594
3646
111
943
6
1044
11
10
664
1014
142
107
786
2829
597
319
224
604
21
179
245
2504
2655
106
15
625
1004
18
224
3203
1644
20
131
1963
29
2245
431
1875
1587
137
16
680
119
81
3474
427
287
1442
465
476
526
887
1324
147
110
291
1452
727
1710
3875
1105
141
97
129
812
957
112
23
1344
2750
295
123
1158
109
1798
3145
847
906
67
17
534
107
257
704
879
966
322
20
2413
462
376
2697
3
117
236
1517
1760
891
918
3824
3455
930
1341
827
3285
285
745
969
52
316
1720
983
307
2582
121
368
414
2779
238
1030
718
484
985
466
314
150
417
2210
285
70
1835
2669
83
14
988
630
3
738
96
29
2134
219
355
529
1969
3228
3386
506
246
1041
38
232
1925
353
357
234
1328
1037
581
143
374
102
845
1154
1134
240
369
2987
9
1013
53
73
288
1319
1033
1474
40
881
51
367
131
1920
1753
2311
294
436
376
1457
1957
86
742
603
2373
198
1774
480
238
540
3235
16
270
1271
440
1908
168
477
1149
15
2266
961
2429
119
28
173
523
148
198
368
193
1973
820
25
272
91
73
49
1141
1720
16
269
66
1284
362
212
423
2688
930
287
205
2440
348
852
1096
889
220
987
223
173
1
2528
69
88
1370
227
693
107
168
181
1151
2636
160
1
3327
1026
465
2439
352
977
505
966
312
2372
132
361
368
49
41
128
318
1338
2159
691
283
214
717
139
202
458
192
1142
367
325
1274
287
620
169
2703
2458
743
216
2460
289
72
163
177
1971
853
298
919
1656
56
402
113
856
556
1906
1655
616
131
1012
138
1713
4
1511
2435
1647
62
2156
106
137
854
1302
244
54
94
4012
355
820
85
534
225
2781
1
369
685
573
315
3415
1664
4061
1221
17
243
737
35
539
757
2953
120
123
237
1084
1724
3444
731
139
1594
1
413
1135
98
4
1201
2005
536
1487
3125
1138
820
1529
1054
522
810
111
3213
401
575
567
420
1381
2065
2909
192
732
94
1104
1188
537
1603
627
177
64
632
935
507
71
23
508
1208
4083
605
59
2047
82
2
1088
28
813
6
3175
1680
1088
397
3133
141
872
1080
30
366
51
1264
275
7
490
1122
354
345
1554
1350
0
959
717
2042
97
408
89
12
1891
301
1857
3
1967
708
248
67
604
2121
310
1020
470
986
4098
2760
34
215
448
136
28
850
38
8
3624
19
27
1234
1736
877
1027
1397
1825
1761
2
1677
75
382
36
147
1543
1038
2231
798
37
37
2962
11
15
894
505
143
2317
100
141
61
197
1395
630
8
2397
77
53
1757
1531
128
399
379
97
5
106
57
214
162
553
16
370
560
1381
1255
18
94
1911
548
903
71
11
2605
268
287
13
386
2704
566
710
159
1549
57
309
973
121
163
2368
96
1707
2938
2055
174
869
2320
123
26
1784
10
1153
8
791
1674
1132
6
75
142
311
187
520
620
990
152
79
199
969
2243
333
6
2471
552
66
1552
39
12
43
1614
1329
134
3502
1239
1021
345
2888
2403
1317
822
15
117
57
746
1009
17
437
2562
491
125
2576
1980
399
1290
5
19
493
832
60
699
464
137
461
697
1781
68
161
699
2392
23
254
289
361
1980
3184
1157
69
1033
6
2
1127
2063
8
51
774
1135
2620
1176
561
38
78
402
80
19
544
1887
1495
1896
144
434
1207
490
2117
935
180
2623
2356
287
2501
615
2
2056
71
1522
821
388
893
52
73
1011
1303
587
1185
543
115
208
3234
1615
1
108
1199
30
2698
3513
417
871
21
32
1989
123
108
952
1290
991
13
623
31
2408
143
54
93
1247
432
1207
456
1027
1436
66
1521
0
910
887
552
35
218
987
2375
452
6
93
366
1065
1518
262
752
2288
69
3646
611
595
1679
11
820
2516
1613
93
4059
1258
82
1928
184
2144
129
365
671
107
450
7
1297
276
371
462
828
1889
1454
1361
456
604
36
1169
347
371
270
630
1519
41
330
3433
152
236
571
402
266
482
1686
75
111
67
382
2
1626
10
498
709
1286
1485
196
1071
3318
124
398
132
9
1215
0
46
3163
1661
2
152
2053
2741
121
108
45
520
2192
1009
1075
3372
479
357
1889
1464
118
152
465
1401
772
1092
26
235
309
15
665
3198
246
744
2000
1292
1425
534
3561
50
83
736
172
95
144
508
3041
2325
708
7
36
1124
87
194
320
1666
2335
55
174
2012
872
431
2089
1863
32
446
1084
209
1328
2527
341
629
71
783
254
623
214
1506
1605
1946
142
160
1751
250
112
79
183
239
266
507
1843
609
361
264
1287
626
417
127
1035
1063
3493
1050
520
116
2356
25
91
417
55
1401
1988
126
1390
1402
335
1517
737
0
990
605
229
44
974
11
38
597
22
1069
1294
1171
68
1740
67
438
1724
48
1442
640
653
1630
1307
618
35
2059
112
1851
220
688
2859
2390
593
2
432
297
2289
2987
1029
1909
2484
1037
408
177
858
1381
3047
364
384
1060
485
782
243
354
173
1570
396
170
49
936
77
147
1543
202
1089
246
512
216
51
3298
835
16
78
1198
17
468
1790
769
1806
366
77
1991
330
328
234
2664
882
710
3992
596
664
2921
2480
307
893
360
367
13
795
3418
36
1219
390
49
393
251
1531
131
1340
957
2602
24
1118
157
541
2304
255
351
1344
49
14
118
1699
275
653
991
330
1294
10
399
655
148
850
877
2786
1052
959
0
820
3136
1741
1750
350
106
663
200
590
1370
1860
46
1085
3384
482
491
225
3292
902
112
51
14
636
910
194
702
1163
302
282
135
52
984
2077
677
494
2540
24
1470
1278
259
3113
935
716
1850
1919
1123
429
2648
9
932
589
935
365
536
527
41
101
908
33
2085
224
1178
3130
3
9
442
1
18
10
138
1352
743
16
1870
140
840
493
967
2568
853
530
962
1701
6
1657
5
385
553
333
2374
292
27
1261
3333
1008
1433
1836
303
48
2346
216
2218
1221
415
2287
951
141
2724
1349
144
2227
1109
3798
237
1294
2484
32
343
655
739
3255
1471
2383
280
8
1648
542
1958
421
167
241
1037
45
787
663
616
297
140
170
413
1866
493
720
145
257
1996
231
118
2427
1156
472
848
745
17
1291
53
1794
69
183
775
133
465
1855
1901
1244
1298
2045
121
135
774
1428
860
2753
161
40
328
455
1715
734
139
85
47
317
751
2221
193
69
87
1736
461
313
40
776
2420
381
15
160
98
68
40
658
207
414
382
154
2082
1289
2836
69
121
731
2347
2
50
2937
2254
699
668
676
1050
69
29
331
117
346
800
270
236
82
414
213
1511
2
22
2164
1825
270
254
253
566
1327
189
1271
33
1306
727
264
138
1138
521
1232
819
2258
3099
2286
248
918
157
697
1135
1853
286
1186
2284
4
3296
2517
1202
119
532
14
115
470
1217
2752
1016
776
7
176
409
788
464
63
1377
281
13
100
813
1339
1535
2100
60
43
38
1383
1626
309
3152
813
506
1735
413
1407
435
351
844
838
65
33
200
530
2051
1164
812
612
846
107
917
1620
2192
356
121
2880
50
2340
553
30
8
393
715
1142
734
295
360
20
814
247
228
3245
111
965
107
290
492
239
837
255
999
2426
1494
652
35
3
36
17
267
27
32
1491
26
1620
1866
2258
46
1705
575
1464
1190
566
789
1387
356
1476
2805
238
1705
288
5
369
33
2257
492
731
40
308
15
120
20
41
185
2092
331
34
11
376
231
514
294
2026
222
121
295
248
19
175
699
350
350
65
42
1160
2863
742
420
144
196
3276
1970
222
224
77
2627
828
1076
7
1680
67
1
18
313
390
1602
303
740
300
126
93
2715
115
1171
812
660
1189
1618
1914
172
1830
416
218
981
69
1293
1232
158
489
530
453
382
164
1244
601
108
265
4
256
1208
325
323
1743
93
565
1606
4103
136
133
1700
1165
1140
2126
80
2938
846
625
2428
586
432
38
560
645
144
479
1605
291
3738
397
2224
3282
1516
278
332
328
2010
665
63
22
2950
14
339
456
965
1157
85
798
1196
495
1094
365
1686
10
683
575
127
873
2833
32
2313
545
1244
48
2155
52
163
711
15
1962
333
9
1050
1301
917
33
3408
90
896
2827
12
1099
479
854
296
1
660
226
32
359
2412
442
386
15
108
2264
1419
119
650
390
143
2063
91
30
197
309
1054
479
613
969
2431
2294
34
36
934
44
584
287
3627
1851
459
2535
24
1
1984
3672
351
1254
2233
2197
777
1085
518
180
56
144
557
269
2679
727
89
145
198
2683
1658
3
1589
274
7
646
237
746
66
639
422
845
610
2883
2738
726
605
48
140
301
1630
1601
2599
18
603
115
449
470
520
46
58
2018
1407
1306
758
350
1005
20
295
1623
586
2748
1998
885
91
63
558
705
22
2751
683
1292
408
934
233
3057
719
182
235
81
1466
2158
614
1573
1194
963
10
2569
111
3429
290
59
535
2269
90
2106
720
58
70
324
185
946
120
35
139
697
2883
768
848
597
217
570
869
301
164
53
107
1459
57
96
2099
1541
563
1423
292
3005
11
704
7
306
179
2464
525
1298
2543
597
222
508
745
213
139
872
3362
336
197
82
28
804
48
560
1526
283
2284
2627
351
41
563
1296
1869
721
956
49
48
167
466
3671
462
68
1528
199
51
1506
724
240
804
1
690
91
22
1140
315
2561
586
1525
1080
839
3649
267
23
26
368
1294
28
1204
104
71
1826
1
37
24
2063
97
1082
3131
63
226
756
135
821
507
442
334
227
85
435
76
976
988
276
707
51
1698
198
151
33
1909
944
1670
1527
833
1729
60
551
8
1369
16
1049
2162
132
2723
9
31
1872
704
294
2342
1398
355
1375
1057
1335
162
163
2245
42
522
12
990
122
1623
337
601
192
757
100
116
370
5
128
14
2319
37
1694
306
681
2382
382
1286
4
240
150
125
249
2030
943
694
181
44
366
356
219
410
13
232
1147
110
3077
123
221
1590
1522
198
1888
1905
329
2322
1345
899
287
524
266
482
4
3202
89
1471
2514
55
1606
447
1118
654
295
1000
244
139
1493
399
446
761
62
662
974
1073
3662
2225
1999
32
357
3294
521
250
1520
765
699
357
841
3302
214
645
1795
340
604
819
380
278
1000
381
223
1259
2081
1994
182
3429
448
1256
338
355
121
19
216
305
357
53
551
1624
651
242
4158
885
228
462
410
124
2472
324
943
775
3193
365
2022
4059
1302
1528
1378
978
57
310
398
241
1888
199
1532
1318
1308
1228
7
1013
1494
583
1791
1
107
1189
609
1411
2159
214
530
1367
1420
382
233
66
1405
125
1800
57
115
155
145
607
1
7
132
1584
899
68
1826
302
852
217
1220
1511
333
1907
748
503
296
959
2898
319
14
530
8
69
811
365
1113
1104
343
12
172
717
3377
30
899
47
1997
887
1430
61
184
1
544
188
205
405
254
346
1018
275
946
738
862
177
48
290
309
2461
544
989
1959
7
380
1569
114
15
1235
4
1364
117
466
1505
1977
436
19
316
1280
2373
378
207
120
3884
3093
2585
589
1368
166
910
344
359
136
1476
259
1120
1673
472
682
240
261
830
634
189
631
1326
2039
810
2707
828
372
2442
3393
611
3471
2005
618
1063
51
8
836
1374
49
143
450
13
1815
2107
2333
436
1132
2167
389
128
336
200
41
819
67
108
91
33
95
751
707
351
120
9
21
900
3901
186
62
1134
1290
1266
2615
2
1505
52
355
455
1354
17
760
337
301
137
693
593
183
2410
1054
938
52
59
695
934
34
181
1159
814
96
1140
1347
850
571
241
1288
1705
2906
831
78
956
1870
26
533
1924
227
914
851
32
20
627
345
24
1010
255
37
1522
2000
328
78
476
1190
171
19
4590
198
2275
1374
22
583
1401
944
1467
1948
362
178
455
841
593
4
2652
415
261
952
579
5
162
352
2694
75
96
92
507
30
173
80
883
2240
70
664
526
90
2376
1398
1060
872
1417
21
345
4288
1385
600
3287
26
569
1214
233
487
303
45
711
489
1037
1066
191
1215
554
116
685
351
318
2281
19
429
1037
20
126
297
84
1149
68
26
59
29
12
822
854
1737
516
1
223
1250
1312
397
2839
1708
387
147
484
836
44
110
938
239
2548
875
123
1777
130
110
3024
535
306
864
31
44
1033
2007
432
935
2761
167
1443
336
595
1058
416
61
1122
619
606
814
31
1705
1202
1451
25
1600
163
467
64
88
125
131
7
82
1518
137
97
100
185
2161
75
1136
42
417
735
15
127
1142
3799
63
1699
543
1602
199
3
193
474
1214
841
1097
675
157
578
283
2235
2112
765
691
135
242
141
501
28
25
101
510
364
14
2090
1051
0
217
3773
290
613
265
971
483
1931
845
207
1706
46
1969
1260
335
85
599
976
1589
1410
24
14
212
201
13
868
315
1078
59
936
383
169
822
974
942
2574
1061
734
2676
1002
475
528
822
34
536
1283
294
2315
3142
659
48
2048
619
312
2196
1400
2052
2228
267
39
60
589
1784
1123
30
35
2419
1
515
4297
1212
82
3109
74
3332
167
1000
760
3395
2055
177
36
1240
2182
733
1738
1526
987
454
2382
1176
2550
590
120
542
694
364
2922
1031
760
41
512
1296
947
230
992
72
0
14
1097
418
56
1140
303
176
383
1280
68
137
84
371
80
1735
940
2668
238
745
48
171
52
1589
2525
721
146
3941
19
1094
262
42
1228
659
1830
33
293
505
354
1694
170
167
2353
1775
585
683
1147
1000
299
219
24
72
3708
14
242
779
1196
410
216
1580
43
1309
4572
1
506
78
55
1700
241
597
856
123
2789
2
264
130
19
1054
481
974
2
758
2
1953
146
210
438
2425
80
2105
994
3579
1108
98
110
720
571
243
218
1740
3628
1
1186
58
1804
1651
734
421
22
548
249
110
15
684
73
3098
2
74
290
903
1220
2717
435
1387
532
651
144
1424
69
1624
1134
125
1237
404
36
463
373
449
1414
69
1725
961
866
3303
710
690
975
948
263
849
567
693
312
1463
996
175
481
385
439
144
463
484
2095
1573
547
184
57
2427
1127
663
79
1873
1367
835
999
1007
483
1260
2337
7
88
793
3353
575
981
230
79
42
30
549
3084
726
502
188
1075
250
501
273
1926
2066
218
62
710
109
800
1601
968
6
1198
30
4364
889
289
355
170
418
2490
216
171
2467
770
1107
1378
270
527
139
135
3448
402
397
132
437
916
1099
3273
215
2379
187
1987
681
195
307
788
155
1108
1856
111
77
267
395
1029
942
529
77
472
887
207
110
62
85
3625
986
638
1953
103
1900
121
1174
511
99
329
1921
854
302
335
613
719
1996
438
1417
802
1206
241
138
208
2
129
218
173
673
427
245
617
1023
72
1487
869
194
594
5
1863
394
367
506
2082
165
1886
456
336
326
330
128
437
1039
758
1641
625
1058
1450
431
778
3177
2270
1262
392
136
954
258
1649
556
886
914
19
1194
1208
1074
108
631
42
1437
26
1821
270
566
756
332
298
447
1289
145
1025
874
83
2355
1273
393
304
99
195
2529
1650
866
399
17
541
256
1051
106
4306
165
122
3167
482
1630
172
916
625
246
1151
151
1794
1004
811
2163
1902
1859
344
2561
95
684
336
1216
46
298
30
268
2831
1013
559
66
355
1068
224
257
292
201
1162
61
207
764
201
350
28
1247
1260
29
606
801
40
80
586
2612
247
102
316
710
58
636
317
9
26
39
278
2456
69
564
1502
590
741
616
377
107
157
36
955
75
420
2825
1651
1511
1783
712
605
635
360
77
869
7
520
1729
240
1078
2482
230
38
2254
460
407
234
1706
222
99
801
1609
64
1631
3463
1616
1831
425
361
25
751
1968
108
419
1853
241
396
10
62
604
278
51
674
297
915
57
904
319
65
878
53
13
1713
273
1496
986
703
7
165
834
6
101
225
278
202
142
299
2644
190
94
436
1
1126
1839
739
240
21
228
2034
297
104
2000
197
1974
343
178
753
830
53
462
1028
263
390
16
210
1253
122
1748
725
1417
1277
209
1854
731
687
4
800
396
901
143
224
42
61
15
733
882
389
10
270
4133
409
82
494
760
16
1358
3890
12
131
505
2531
692
98
309
3
1337
276
1584
963
1550
691
367
1
412
9
414
1639
29
748
921
3004
739
242
18
443
233
664
247
1413
874
630
18
84
1804
1226
290
719
412
1229
630
301
299
530
22
460
4000
22
94
467
1173
19
31
798
578
797
704
2155
774
2566
1127
194
141
183
1331
512
1341
526
1036
3772
1651
283
1619
515
12
1615
1589
307
257
680
1415
1516
581
134
77
930
28
35
1415
243
572
935
292
179
140
28
3362
171
100
197
142
455
54
58
151
49
170
376
1033
50
67
400
376
1456
48
496
1532
25
36
358
96
3331
19
762
851
58
864
1125
1062
365
2604
38
951
1772
102
156
201
3270
342
2289
12
817
2064
2216
1948
1290
486
76
78
51
1621
728
3545
1226
967
2396
2497
3
82
384
586
481
129
1849
1135
100
1705
15
0
713
1
103
647
969
770
91
1267
642
859
29
2836
163
608
829
199
576
279
944
26
105
1216
990
489
22
45
448
1170
734
1700
1316
1936
1646
169
46
107
256
3963
1388
207
1833
1452
79
309
268
856
1353
318
484
1351
199
2361
268
22
100
22
571
1748
234
157
1
1529
225
2068
1879
140
809
2452
861
2
1131
413
80
100
1
710
295
174
584
1408
13
582
64
146
185
137
252
307
1136
1568
291
27
78
526
728
1035
167
15
47
229
504
892
239
115
1613
593
2491
59
2446
182
310
867
352
1792
1290
1240
130
215
1231
7
241
3368
154
633
392
1295
2565
9
49
722
105
654
3649
1828
1121
59
647
687
127
2374
693
2285
159
422
2941
469
306
526
960
2091
47
7
1
1125
216
1084
617
43
1002
2846
534
687
220
167
206
909
1456
0
930
7
33
207
448
1118
2816
34
21
1
77
1798
1008
467
1100
606
3515
1303
362
1653
2379
85
776
2038
210
164
16
35
336
2816
171
101
1679
161
168
10
608
267
697
886
1581
2058
17
3
119
1307
135
1378
375
704
1808
1836
1462
404
157
116
1814
907
843
1593
1
61
871
3
300
557
487
6
478
95
290
18
772
759
934
259
711
74
132
28
255
665
219
414
773
1117
945
1049
182
4030
230
1189
215
945
20
2179
1657
477
117
431
997
3546
310
617
67
297
975
6
30
1620
24
32
503
1817
37
901
618
2346
3
1030
35
437
2360
212
3785
898
343
432
1052
1089
483
800
445
21
824
287
30
179
1422
62
461
512
214
2075
2656
39
1340
986
145
427
680
710
1592
998
4
27
176
1512
300
118
8
53
821
1056
640
123
83
12
1492
58
2072
96
1055
1080
380
328
840
158
540
9
124
2671
14
555
1143
3171
324
1861
571
2044
276
1903
88
1384
3366
58
2001
864
1136
2844
678
336
1452
734
859
14
371
726
4
1990
1126
680
794
91
1
1620
107
2284
260
83
528
2105
2581
1120
128
1126
49
303
1134
378
1775
279
217
1505
40
15
607
150
1300
8
54
1061
775
79
1001
423
385
1113
1332
23
22
1813
416
390
309
333
35
480
831
2230
67
337
538
2281
585
1538
4
505
92
272
1184
68
917
1241
461
2840
275
478
1476
994
910
5
780
23
651
279
3358
1738
2221
348
775
234
1981
1694
210
757
492
104
17
1793
96
1041
1084
104
6
145
1193
10
354
186
269
118
5
28
144
184
4024
1357
2
1058
2232
668
223
62
14
2035
58
25
9
40
416
152
327
150
915
461
723
398
139
988
187
2204
3438
1724
647
266
816
227
462
1235
480
2866
74
559
2101
406
1478
1712
2376
37
221
109
2074
1737
1758
348
681
107
1079
590
272
3472
311
520
2079
3000
189
7
750
2810
328
406
2486
1069
8
30
639
148
38
1749
416
740
214
1150
34
342
1661
72
1
702
104
1169
140
807
680
29
3
3367
152
0
120
24
770
1812
25
1877
126
123
3608
25
611
279
2417
445
734
841
127
118
1827
2808
21
100
1600
1830
2896
181
2944
864
1513
529
1017
139
384
4
657
1225
35
284
172
868
285
1229
997
76
506
567
765
679
844
4615
311
35
2603
1031
10
244
1878
1000
601
539
3313
538
973
1453
33
705
1808
14
214
3270
31
960
1350
832
3588
497
848
1110
577
923
906
657
1135
52
418
468
642
1475
3569
697
116
1315
819
168
533
84
1066
2802
218
2505
999
455
1043
69
361
1350
77
1109
214
201
378
744
1482
1303
1320
1190
351
661
577
994
263
60
1747
285
608
2420
817
105
356
262
288
444
675
42
149
916
227
765
655
168
710
1103
551
431
3575
344
1186
538
777
900
515
618
318
75
272
6
1157
2389
101
50
34
1249
2541
2898
2
26
224
91
486
1999
1065
358
10
113
1421
1384
1076
690
3254
195
139
211
93
1304
1109
3038
3297
427
3694
156
3188
162
420
4319
1469
1679
362
277
1045
2277
1166
87
35
470
63
289
609
502
1
2075
620
2
727
318
320
1143
798
574
1075
607
984
4
176
50
1352
416
244
579
3353
189
1093
252
58
352
219
848
82
2083
1502
292
110
60
477
1867
830
79
2500
1138
579
332
342
617
974
633
351
169
112
1122
1071
2862
3726
213
26
3199
1002
212
191
413
299
738
3
164
928
48
1517
11
278
3993
1745
582
21
308
2
984
39
673
163
146
822
1079
1614
1840
761
482
916
49
1207
2151
6
449
746
337
1109
42
27
718
483
847
338
1046
1888
3063
137
1518
1011
11
394
1843
49
2134
8
934
861
2
177
1744
641
1269
72
118
146
536
812
656
2817
2842
960
847
175
1419
426
1
657
131
169
56
797
397
1651
310
529
126
1350
64
587
874
864
21
12
529
34
483
334
14
15
27
705
1374
402
323
1802
60
148
502
1187
2990
1663
2
251
2009
549
850
579
389
643
2361
221
2003
2171
2877
3655
1508
1665
5
424
726
277
650
116
88
123
50
1530
213
3406
62
2090
321
122
4142
997
567
1623
76
831
3215
3893
90
506
3488
821
67
2624
341
1662
99
820
847
2046
2820
179
3573
3394
98
732
46
101
2698
578
151
282
271
2242
2163
50
307
1620
1306
837
89
249
1226
268
265
773
1388
325
1547
637
1655
1757
123
1800
194
79
496
817
2388
166
184
2353
1488
164
223
482
117
40
163
87
2296
1943
2707
3636
608
625
586
1912
452
58
635
2794
905
777
226
62
1132
190
201
829
3245
1334
183
199
793
618
198
522
445
1796
1080
363
2287
43
840
183
858
3492
352
151
132
2026
165
794
9
1687
611
2170
101
644
1378
1749
580
1897
957
278
2808
450
24
1197
192
1011
549
94
1274
155
312
464
11
427
1249
541
4716
238
3449
27
2091
452
61
42
236
64
776
2240
493
187
726
2384
17
166
1566
737
2599
144
1630
31
261
581
147
430
761
8
1662
134
1160
56
542
1734
839
1650
1102
349
1678
184
197
369
763
2134
345
1694
218
2916
361
2111
360
3026
43
1544
1490
200
566
4
646
1820
90
2242
23
115
319
436
294
7
1132
531
22
104
427
316
3151
1878
3448
442
18
228
2484
1300
420
741
132
3701
227
855
1475
790
15
2503
908
40
250
328
240
30
2395
1655
482
2501
409
696
1015
137
756
355
62
1016
163
1215
1227
483
679
20
258
1035
40
719
1043
116
728
2029
1153
241
276
177
1040
879
2355
832
88
156
8
605
1229
798
1054
1
135
18
801
2730
599
1067
64
637
76
2171
1
2150
414
1040
1604
1473
494
1083
2228
1804
1534
775
585
2096
1
2269
1517
2381
1321
264
298
242
182
262
919
2075
1088
2461
445
48
1946
1638
44
772
48
1621
1869
612
932
902
663
2755
5
140
3003
1320
126
1135
77
504
1910
403
2308
1776
1440
1334
1520
216
1050
638
1143
1119
92
122
849
1127
869
247
94
2687
651
0
363
2358
1875
365
1016
264
524
295
2946
1044
420
192
1995
211
1032
256
1350
966
820
60
84
99
318
1125
124
2136
852
677
2717
1371
81
2410
243
133
253
307
3
1206
235
1796
4646
2104
1381
17
3083
482
34
34
1097
2860
1645
228
379
3706
802
204
173
19
1597
152
1034
243
2
352
1345
774
363
841
317
709
1294
1117
1814
67
209
1347
1051
546
1900
2371
44
1253
678
505
232
633
183
487
1089
702
109
380
970
1577
529
143
119
61
421
1327
253
851
41
2368
217
32
460
482
18
218
2080
415
1107
299
1190
47
642
146
1249
3488
485
247
169
907
982
1712
288
1151
370
1575
228
317
847
694
248
1049
153
298
4
2097
259
795
471
0
1317
235
117
170
305
13
1557
1561
22
2045
85
438
29
92
1039
84
461
2
1267
3666
190
3
207
17
732
189
234
208
942
752
1694
1235
2141
1217
76
947
1117
12
2731
477
539
3649
414
341
744
164
3011
262
561
1588
86
288
269
493
46
74
91
838
1593
1126
475
2511
977
2183
886
356
2864
314
1641
1459
46
538
1371
443
27
1565
2442
276
2030
319
6
2549
705
1312
2067
1578
463
106
138
2019
691
136
1730
734
1588
778
44
356
3010
170
163
639
915
1480
2451
3012
318
195
2236
1122
714
27
1569
187
641
425
2740
2781
97
1096
653
433
224
44
466
485
784
4
1422
1043
275
614
2838
375
794
47
918
904
3315
799
2332
155
750
1193
3444
364
1032
979
1240
1342
658
652
243
1235
191
2333
2079
21
3664
206
1459
138
1
3
51
1028
85
37
1098
240
211
2352
1462
1925
145
47
0
1751
2029
502
158
544
3
817
423
112
651
977
278
1790
1460
130
1670
947
881
331
1125
1165
167
1853
3
210
484
1068
36
2974
799
74
2
1460
504
0
1408
751
1406
197
537
357
585
519
979
579
414
88
1244
590
849
303
190
712
269
30
51
308
49
32
1534
10
46
93
77
105
884
1019
1358
115
164
1135
3
989
95
15
248
196
52
1203
3047
773
707
1000
1580
140
1977
21
151
119
492
59
2085
949
1449
1009
381
62
394
533
819
3111
102
759
138
117
272
120
300
236
1140
695
16
29
2464
2555
520
80
1709
1642
12
158
358
171
191
760
105
8
261
131
66
337
375
205
1896
10
317
235
2592
349
2892
285
1408
764
282
681
886
673
990
2076
1172
1630
931
547
493
1538
2340
1476
2073
54
53
346
27
433
86
391
70
304
298
338
227
8
976
1400
419
2265
939
68
425
726
3170
101
834
2186
193
237
19
20
487
1060
2119
1617
38
220
1562
325
405
160
738
336
2244
1
28
203
24
1043
261
88
2036
287
108
153
2
176
673
296
289
3224
573
265
545
137
757
636
1016
915
31
409
1
1456
669
234
9
340
251
170
238
864
598
274
21
3051
296
122
64
253
1606
678
597
338
71
2381
951
1046
50
59
22
463
1106
400
32
22
156
395
157
239
119
1
26
365
2846
379
96
1049
434
15
517
201
8
360
2066
1408
3497
1496
2393
2460
272
642
577
2759
268
355
1161
160
350
60
2169
328
472
132
239
162
340
91
1871
802
183
163
1035
670
419
7
1063
1072
1189
861
148
530
1484
579
78
77
2
100
202
61
297
14
621
939
1883
899
1215
569
35
523
878
849
1514
386
1597
3996
40
4368
696
628
1642
889
703
533
152
11
2728
1355
3423
172
95
312
60
1467
1612
1056
14
2728
900
1775
3170
1251
1791
509
1219
33
218
2923
163
1982
10
59
469
760
5
860
50
791
87
273
94
263
514
1423
318
78
1610
234
2065
1559
318
72
209
176
8
1277
269
812
1562
73
1658
306
166
2374
2433
21
145
3357
380
248
117
2262
1295
412
671
72
1382
736
8
1981
273
1463
56
961
832
831
119
140
1056
116
665
1898
1136
910
495
706
375
5
454
176
81
1803
48
1064
19
92
425
578
2762
1041
80
704
587
72
733
610
465
635
1041
2093
106
2192
1577
288
860
921
1311
805
131
217
50
420
75
3246
480
733
1905
416
466
358
650
419
919
649
237
3324
477
246
1580
519
1093
576
800
968
1183
78
2711
1247
2389
710
1393
1351
211
1150
466
194
2578
1221
727
3517
791
123
275
1034
1645
1729
577
409
27
101
9
1157
32
2341
11
221
2511
581
384
1454
43
1342
778
247
44
157
1041
363
1173
473
165
3059
466
139
2442
1214
150
948
123
1100
1785
160
2357
272
7
384
60
2865
2175
638
801
348
11
45
333
132
911
551
221
2522
793
619
1508
3382
142
281
665
122
644
2622
108
193
1599
165
59
388
331
1025
875
179
109
326
342
831
2789
1484
4220
157
195
825
863
154
179
486
340
517
525
124
790
74
328
2005
561
330
564
68
232
2649
105
1523
819
250
822
661
368
131
193
72
432
344
562
1305
1038
529
341
134
54
629
32
166
193
1944
41
1585
734
489
305
789
2058
494
7
1267
700
908
966
42
240
726
63
16
418
1675
418
508
3426
563
1143
1210
671
366
2168
2598
41
187
1230
593
377
32
78
1
988
37
493
671
721
156
13
673
300
197
601
1538
3869
49
1278
87
2194
483
824
176
1171
649
57
17
205
144
260
47
50
4
1632
2043
1333
1070
846
1760
445
16
1375
268
56
99
517
937
1157
347
58
416
935
1101
469
218
1230
2
814
28
828
778
2
44
156
45
1116
695
744
789
1682
12
26
983
11
1975
167
394
160
369
391
191
312
50
40
2327
1329
244
295
3515
696
2
1189
16
1214
1875
90
316
1592
673
33
1911
476
767
2860
65
205
610
1865
362
16
1818
1939
984
96
609
590
1704
836
1080
34
1730
1142
187
2653
2298
2249
4351
814
118
293
424
466
1932
640
1060
2493
346
508
2629
1753
65
617
443
69
6
594
186
286
678
27
2127
201
666
1361
906
1129
55
2035
1781
944
109
553
817
30
3379
2817
1811
39
716
534
1879
2
14
62
172
89
483
31
1555
200
454
1242
126
98
216
908
4290
52
424
4511
311
177
57
1097
4040
3
381
66
80
462
162
67
1010
3634
1896
435
37
88
10
4
617
1870
5
1793
3039
382
6
944
1094
566
1749
149
176
679
1361
3107
2173
329
72
221
221
206
4
792
143
69
407
507
702
1400
1600
58
691
78
13
701
2397
8
2266
260
204
2322
985
786
328
2580
159
1544
380
604
23
127
148
696
674
185
1129
3
98
1569
867
2361
539
306
1709
1199
503
2474
57
850
1230
1864
413
195
8
1760
615
113
1052
33
382
1521
697
1919
495
220
356
23
3348
226
1423
39
364
753
9
1429
4209
101
439
1289
193
1279
60
1233
63
17
213
34
898
541
277
851
1104
369
3036
1197
2462
378
204
592
1180
1432
1019
70
94
33
14
148
531
231
10
15
894
892
556
1159
1179
98
136
126
683
1236
953
106
1734
282
2847
5
5
285
2028
2144
1852
248
1027
428
377
2347
3283
357
54
460
48
1588
846
679
1479
23
184
151
2495
2403
505
855
732
186
1742
175
373
2547
1385
2880
2511
95
7
341
1172
1398
1614
166
3048
95
30
3231
702
92
20
377
52
1035
2138
494
630
2191
669
186
284
99
473
230
633
15
279
1760
131
152
16
685
326
84
9
50
5
90
1790
356
2738
73
41
141
10
1643
1175
310
975
4388
466
109
1249
296
3222
312
3252
2009
429
1541
2160
102
362
106
2236
1710
133
772
654
132
972
4
149
94
211
661
2172
132
1300
908
73
937
2148
868
1385
980
268
57
2049
78
837
502
1625
174
123
254
1128
15
784
2740
171
515
622
205
41
697
37
1162
849
905
3
1543
210
259
127
438
1086
1328
118
558
366
28
1265
962
965
1728
15
2381
313
561
53
507
2125
657
2475
1053
562
205
18
194
110
45
573
259
2093
107
753
532
1624
1156
10
778
668
50
676
815
195
276
1721
2600
882
17
2357
714
1098
24
252
110
361
1174
725
894
63
1006
1219
290
182
75
2212
1246
627
456
2744
934
1533
704
1119
160
139
2324
60
660
1930
1506
176
573
414
1953
119
263
784
3643
10
1326
1769
1161
261
1535
370
47
316
68
1705
229
74
3983
68
297
1973
2801
1404
1299
26
1919
277
317
1703
248
347
192
1670
1
181
182
2688
1932
2121
580
1660
735
769
917
642
365
28
1008
348
64
448
297
1777
2005
66
1585
12
233
225
280
146
425
2527
75
393
908
2042
36
1443
2442
155
1089
1412
475
729
414
979
355
301
22
1046
616
133
533
1702
2274
385
387
1080
120
462
1175
112
540
662
566
2273
170
464
229
453
1661
74
239
21
593
470
1430
1503
91
982
1817
760
15
1629
383
1392
9
1103
2
60
647
107
7
160
171
1028
241
66
119
56
1212
443
3854
380
2471
1094
1655
330
948
453
478
1249
204
1536
18
342
439
1771
180
554
458
343
1066
186
39
156
1419
1449
558
849
1209
648
1
41
555
508
19
256
3161
89
2369
910
66
719
5
4282
175
1047
1669
1681
178
1173
278
383
1191
1889
141
7
350
45
73
1220
222
108
44
2301
2425
3607
1325
0
1078
931
15
584
1775
690
801
14
378
768
159
2012
87
2082
12
877
257
359
3
948
306
155
4144
141
1
0
3872
5
434
45
3
1227
244
191
227
294
1667
1442
106
7
1690
75
885
375
584
1057
3
493
10
177
1277
1
3472
1903
556
1803
100
1609
307
2022
473
28
192
3604
1967
2238
1057
712
81
141
406
103
1
552
306
199
8
3359
1111
232
609
92
74
908
1283
29
386
2576
2701
808
726
124
348
146
1854
420
1079
598
1897
358
537
875
1150
921
392
1047
259
943
74
4235
878
865
948
4
543
1038
668
30
732
165
139
78
1284
336
219
192
1088
628
3068
931
152
715
1
347
87
1279
63
57
229
2905
283
211
46
5
1109
1434
497
67
376
997
1288
1449
1089
156
788
1202
858
54
27
1
22
710
999
19
260
54
4516
912
599
607
1297
1513
54
958
1156
5
180
147
3234
324
528
484
214
59
1517
587
2081
10
167
2668
1826
16
2968
2344
1874
1536
187
723
782
59
2200
65
361
7
4184
1063
1026
3815
231
1080
1425
677
449
529
1451
328
1668
1154
579
37
229
106
241
1068
550
1403
81
791
89
7
93
1551
820
881
8
5
228
248
650
1108
331
12
9
150
169
1020
687
1959
27
267
1377
2996
227
215
833
908
58
450
1008
587
678
468
293
1403
82
285
596
3172
3585
666
3199
191
1685
348
2226
671
41
1023
126
55
2006
643
285
175
10
449
186
100
77
2591
13
311
2060
197
41
1081
355
1006
346
87
1066
528
366
262
650
131
123
43
2548
259
1578
14
1165
2415
228
26
283
366
107
20
3651
424
1205
64
778
709
1209
22
873
1250
21
336
355
1388
21
447
303
2000
1161
1766
37
530
221
958
61
2469
152
503
19
1545
38
2542
1341
3532
38
95
381
68
88
198
67
434
1942
41
1565
713
162
3170
231
717
263
443
33
304
3377
2029
2421
1415
1169
696
816
661
54
2144
53
1562
863
1420
244
117
2041
784
560
306
1207
556
561
122
1419
46
1815
24
515
282
299
744
1387
525
599
1758
294
877
1657
8
3115
2664
231
1336
2134
32
958
256
480
440
2737
641
167
1210
176
3231
589
1205
32
8
571
103
1006
632
144
356
383
537
1597
1132
1522
142
666
1386
1079
3565
1512
12
1554
8
723
865
1572
379
3781
51
40
1522
608
97
478
474
177
4
108
3634
1258
109
648
499
898
1365
1619
88
299
37
867
1
763
2760
1530
272
1789
2731
103
312
209
3656
191
3200
564
616
437
72
25
4
1017
2540
364
443
348
432
2570
2390
347
1026
3
1814
783
36
147
443
2834
212
104
1861
34
108
192
537
1148
4
194
2877
63
1634
225
806
475
1343
873
488
451
596
547
33
214
2251
473
525
631
512
47
1109
1304
1072
423
949
27
244
3
292
1356
36
470
2167
143
21
242
207
2939
1665
557
557
100
220
1742
478
950
239
787
3758
1384
11
734
130
351
2249
59
1036
29
269
795
76
171
463
539
372
15
5
395
143
1149
111
1362
389
146
15
2093
1960
1114
1237
1328
153
1361
3023
433
1177
847
480
388
69
2495
49
271
535
3301
772
2207
182
1042
2555
734
686
762
27
303
977
2045
822
21
114
258
532
717
1291
15
108
426
1104
991
535
857
192
1777
1524
637
1179
741
873
1614
23
62
808
3296
2603
296
2518
20
1058
1462
51
160
100
1959
411
602
55
121
1990
251
904
419
1182
87
89
190
1124
1901
3791
1222
2420
3540
929
1718
17
66
261
445
1554
2099
409
42
1087
489
810
558
854
183
878
3075
41
3
201
65
431
605
1290
368
223
111
67
478
183
3521
220
388
346
3579
805
2039
138
52
788
1159
2754
364
9
1652
524
20
415
2138
2199
2305
507
842
3232
683
271
2007
334
180
294
1540
418
717
3311
246
716
61
1103
113
43
3166
567
466
890
1058
476
519
446
3862
278
2222
2312
548
1146
2849
1281
1699
37
928
404
101
1944
598
1085
2494
377
184
396
1725
352
81
1625
372
1486
1074
1638
590
4
2945
237
34
905
394
37
54
1741
895
351
2539
120
270
266
5
1317
2639
2
32
1137
221
8
544
257
984
615
3281
1065
298
1012
226
3896
1276
11
578
504
684
220
4
1944
994
2036
31
1541
233
2772
59
909
671
1377
23
3534
798
1369
115
1522
965
93
1312
1474
860
3543
2744
383
106
501
3668
409
336
540
268
547
501
318
773
1207
210
562
2923
3113
1067
4734
3116
446
47
126
1046
16
372
92
44
627
1133
265
464
91
1774
42
605
243
51
3
1227
1
172
1720
914
1022
1418
1122
1995
194
285
742
13
90
462
598
129
18
540
1186
2
1289
371
507
661
1782
129
209
213
3591
3
214
2043
211
402
1777
726
1201
463
1757
2617
1336
1093
292
297
31
666
857
375
191
199
2466
2055
15
332
358
231
3098
726
1592
788
408
205
162
2076
1558
562
205
197
705
2144
1220
180
1467
230
2559
753
1349
485
482
290
193
83
390
2078
2071
2870
1968
408
328
364
772
1838
2124
3119
144
172
690
603
19
3756
215
1335
1201
927
1086
111
1228
850
2401
10
34
234
716
669
134
1120
18
1702
50
80
798
351
958
98
62
6
126
2342
1538
57
58
796
516
468
2830
529
253
1195
1261
1481
470
914
645
560
20
24
41
2787
31
1319
2029
169
2046
113
11
1488
3840
112
667
8
1462
7
718
2717
1863
375
79
1138
2213
2914
1521
77
557
20
495
94
453
839
1342
641
73
392
1285
50
1501
1380
841
1743
1422
101
90
1776
1574
20
495
556
1197
1837
202
6
359
231
618
1877
2157
881
1707
146
1234
3714
66
404
2838
131
11
980
532
1315
22
196
385
54
851
1429
3974
460
529
3722
3
20
1127
86
2185
1024
204
2345
199
540
2488
195
191
688
228
3206
201
12
3191
2395
65
893
138
906
39
463
527
1265
3974
1983
353
484
2619
358
489
197
239
1789
1068
3364
19
332
1133
1012
13
1461
1038
3354
94
1758
53
143
1570
764
283
114
1952
2235
18
73
771
239
3667
110
213
101
9
1706
1168
4512
1146
498
410
273
1320
760
2499
171
658
2279
1598
333
143
189
57
1301
2521
320
175
521
44
1544
4427
87
561
66
795
981
44
39
600
6
109
481
25
115
5
502
219
96
1805
818
41
1088
251
280
289
875
4340
2298
442
1801
32
365
2681
38
1040
99
327
690
1725
22
580
14
247
475
20
3413
104
1698
560
263
1194
2503
1462
22
1092
243
915
363
1534
1877
4201
48
21
736
153
46
982
22
892
545
10
132
62
842
999
209
669
729
1904
250
868
987
1482
109
781
1188
971
2403
66
157
4159
384
635
206
65
21
1076
436
1442
1502
107
1578
351
347
326
71
425
1987
1163
85
132
1018
279
2397
1646
199
306
19
795
486
1075
917
53
283
313
740
88
49
1854
185
192
73
84
10
261
1223
167
364
274
88
823
254
592
1345
274
246
1899
1662
3695
49
2
1470
269
613
199
444
54
415
545
1224
321
149
868
1261
709
852
1534
174
150
2909
880
10
1509
362
10
1186
170
1802
781
251
340
141
642
2083
579
842
172
399
1948
2591
106
195
358
2215
960
1013
758
48
1028
213
1777
818
526
1670
189
1
293
739
2443
3141
1980
251
1664
1140
166
535
3480
260
259
1219
923
42
512
3456
1664
166
1558
94
1162
402
1018
681
1163
3
1499
285
257
379
160
1741
477
2
98
1035
3594
117
620
276
67
79
517
144
251
980
85
1568
1316
473
149
414
686
1975
3266
1198
856
3
793
19
11
1545
1691
1189
1615
553
717
413
46
1979
373
2476
750
2793
669
239
236
167
3374
84
192
25
484
3106
118
146
1744
177
167
47
349
1023
32
350
350
12
2462
29
582
1972
1069
389
2115
865
126
544
649
216
1142
623
666
1520
56
2965
876
2142
597
1881
3842
328
253
2
78
1289
2022
1335
223
917
51
213
396
1026
132
113
23
471
1599
85
23
1755
95
909
461
886
744
371
120
399
696
2178
399
2678
1128
938
671
2085
45
827
206
353
2161
391
1284
851
252
442
140
3657
602
132
1060
0
53
1019
433
1574
445
2400
1173
35
857
3340
582
3
467
551
1517
1066
92
76
567
4062
818
118
104
18
637
341
366
1149
490
1867
1912
283
1169
164
38
333
122
1108
2089
85
311
20
2
721
1157
986
628
180
1144
256
394
61
277
35
213
880
1820
1134
891
198
157
72
1297
46
21
1010
326
1861
176
12
223
1
691
274
603
433
31
562
15
396
29
4
362
422
531
1723
926
424
2717
472
14
2036
1
1471
3361
3040
18
42
3088
400
231
1131
184
2411
34
42
131
2765
397
1330
646
60
114
0
2010
903
304
323
425
3275
488
88
293
209
1524
65
1106
81
542
427
1440
1370
313
36
1212
613
56
4026
2254
6
2858
96
349
476
203
32
143
722
305
242
648
516
1108
1101
129
109
981
960
55
1157
394
620
148
1972
444
625
763
501
1414
96
402
59
108
188
3432
1666
2966
849
59
900
1752
1591
676
2786
496
48
11
1172
591
2162
970
206
60
728
48
269
1588
93
472
1586
1260
336
2654
304
1956
2884
260
628
1836
97
463
947
1356
3
665
535
348
29
3115
80
247
262
1670
1213
546
503
988
173
3052
488
2556
1071
2148
2265
449
4
715
484
566
50
224
25
980
110
2470
698
666
1878
397
826
847
2445
60
438
29
272
168
2268
468
521
90
1065
1069
89
428
1362
2977
192
356
249
629
25
722
873
2
287
632
403
366
64
30
94
417
2905
189
1157
700
766
1227
2280
1363
902
30
1784
359
556
1060
179
415
1320
707
3524
113
887
487
880
87
145
1559
622
1657
19
2
880
3473
92
190
31
1190
43
815
163
70
197
986
223
361
1169
956
179
745
130
147
1
50
400
824
273
255
1100
1352
749
1822
2555
1265
324
2529
572
1030
1969
2343
213
1846
5
35
565
1193
619
419
607
1614
2326
438
1364
1987
32
3179
3163
634
50
382
1252
2628
37
2310
334
523
151
323
1221
1197
3
3
166
367
148
316
616
1861
1034
1072
255
335
1
332
22
107
724
390
3770
1662
275
513
615
734
87
1459
1684
2231
603
141
54
692
3088
301
578
44
42
1004
397
351
1899
197
434
197
156
382
1819
2429
1577
28
390
305
1011
713
473
1669
2273
315
570
657
271
971
1442
2932
1477
939
202
408
419
154
62
524
1027
1814
204
185
486
1181
1627
305
401
16
167
33
11
1380
71
1381
2863
1845
991
33
1
665
2358
4
2072
417
41
1823
61
1168
667
1588
42
1857
1793
72
529
1182
538
19
1671
98
967
467
262
238
287
279
1013
398
111
125
936
2049
990
463
594
13
704
536
1137
267
609
85
211
3689
7
989
139
242
479
308
2204
126
1652
492
899
2648
1376
233
817
664
994
6
1050
1511
378
396
94
50
75
244
1007
270
1118
165
366
20
136
232
397
132
827
2060
144
466
5
850
3694
140
175
64
574
1322
199
25
1773
420
193
2563
1521
179
1169
297
218
1003
450
169
405
48
240
231
96
476
2
137
225
725
270
229
1760
1729
440
203
668
399
503
1904
798
558
39
671
40
43
493
120
2056
456
2509
181
1120
25
966
141
15
636
799
871
536
593
345
662
988
3304
161
31
467
134
3918
120
82
237
1081
474
47
1006
68
132
808
35
33
69
1099
1990
2345
279
30
824
267
30
65
60
1834
476
97
116
53
7
2807
803
2653
636
407
1248
438
125
41
2624
1131
1556
186
1698
69
1511
113
1944
867
1136
1112
878
857
104
1529
83
251
405
232
48
114
29
584
37
319
71
47
858
82
894
125
110
1982
109
1837
5
189
877
271
271
237
133
207
123
203
38
319
272
2314
709
2797
152
312
1314
796
20
121
439
5
590
1548
423
133
669
702
1324
423
1821
176
1139
269
817
129
1103
363
884
1112
1113
3706
1244
1378
37
2303
659
748
300
1205
169
4089
1236
1170
1345
191
191
444
247
1145
219
1093
666
1116
536
350
508
2
13
1203
1287
278
511
721
24
803
361
716
390
792
325
140
878
56
3867
821
2346
825
959
195
395
425
3126
164
1680
30
2063
101
67
2447
3017
2
1936
143
102
113
1751
318
813
3594
80
248
407
127
618
662
47
87
1271
2245
1477
617
239
1039
36
294
90
2922
251
322
831
1764
392
757
719
193
165
315
505
4
165
78
56
2168
627
1529
174
165
658
427
601
1844
1935
684
2009
908
587
250
9
2748
687
1
1307
61
80
2579
527
3407
1647
5
391
83
1651
842
834
752
2048
1053
327
1817
951
1101
3746
129
14
59
2525
2523
2194
4
1262
316
816
22
2
4
411
1362
971
1175
241
1454
212
84
990
339
1056
24
1307
726
1023
3156
1274
216
825
38
13
491
186
1035
625
676
379
506
434
407
985
68
761
620
80
1724
418
66
125
1
94
215
306
191
609
377
159
207
47
1622
60
2988
114
193
1968
885
101
244
27
220
174
1066
2151
557
127
906
238
55
646
3284
198
1330
195
961
7
18
1719
1483
1551
300
1152
0
2383
356
2456
576
999
1171
10
1435
1054
126
274
1
110
200
506
468
3
262
937
55
1232
683
876
16
568
2343
4
73
117
182
208
1193
487
1731
2661
1530
496
1670
312
935
67
34
62
2670
88
41
35
16
44
1333
93
2827
1576
17
474
4319
83
1172
14
2370
408
846
136
838
330
1229
270
1477
474
82
1290
177
43
50
279
938
319
649
120
1120
458
43
806
825
2132
253
1912
1490
763
113
3228
3255
2526
4472
1609
98
121
543
141
558
79
1586
299
3342
953
802
10
549
420
3158
701
357
1835
424
515
13
262
1878
50
987
125
502
39
140
722
73
9
143
2194
290
421
142
722
996
22
3027
47
2242
242
891
1492
288
525
223
2093
112
2157
2011
86
843
483
165
596
292
124
396
1397
663
475
325
23
12
964
587
928
2395
234
2667
249
5
1195
11
231
152
54
235
58
2938
1855
173
855
1143
47
7
446
1560
1034
34
62
879
721
250
188
945
381
306
1061
205
165
113
107
258
523
1678
21
666
107
260
2535
2453
14
4
237
2237
1180
645
407
563
2437
935
95
2378
6
231
459
1060
707
123
807
51
125
8
1049
767
366
249
1114
1126
1379
58
267
1109
85
448
1026
64
171
288
989
2520
687
181
1410
455
1352
21
46
869
1306
2261
1563
471
1318
3723
193
97
140
254
194
54
305
738
1228
2310
2
77
363
1853
1522
835
1524
575
1781
743
183
3630
531
1634
550
15
240
83
59
2240
1084
1549
596
1593
1374
859
256
957
109
943
631
2324
452
813
662
78
2017
142
1278
288
1034
47
431
1307
135
158
838
952
283
155
210
49
1358
692
1403
1558
6
1064
242
449
711
221
82
284
455
102
289
368
0
998
2554
1542
3955
1
2583
119
979
229
542
3
162
774
516
458
69
1329
237
3420
271
558
658
582
568
1292
1761
255
1149
147
1142
25
1966
142
70
2858
133
1207
3452
1235
419
1
581
890
757
582
120
130
1653
641
1849
402
1560
174
34
1445
540
529
67
384
1008
3244
333
2290
1936
1345
52
502
353
245
502
170
1172
13
21
2679
685
1908
229
790
1869
42
660
188
538
240
836
620
1145
535
268
381
336
401
23
104
98
1204
557
1093
1135
1087
1956
350
477
486
1615
218
1227
179
1119
814
985
420
310
1695
863
724
2115
26
588
1259
256
528
884
250
1661
482
516
29
2355
411
71
497
802
1835
398
133
2106
320
50
154
1351
781
248
18
374
11
923
28
340
620
398
676
1868
1571
993
208
1439
1566
2123
1166
26
218
770
1917
857
321
388
377
3
4190
201
79
39
225
1009
46
552
14
998
539
2230
203
1385
7
300
1680
1924
577
1175
2826
575
56
578
905
120
2531
1489
2326
4141
316
834
2059
118
69
895
1302
1296
96
654
520
1728
1233
1975
417
283
493
598
146
760
418
1487
3623
93
1187
1366
1596
27
641
350
2276
1635
3259
116
309
2038
668
348
457
2017
811
745
621
557
3
18
236
9
801
0
192
114
61
214
150
1253
55
420
531
782
1398
2967
212
112
1327
784
886
86
445
17
284
301
371
350
458
8
401
12
2176
220
1757
378
38
559
81
85
3
3499
2271
455
305
1698
402
1952
1706
1039
296
577
176
153
357
889
1769
128
28
1524
33
207
489
802
72
536
95
1308
428
116
2275
1094
335
95
205
2494
195
474
43
662
5
614
2257
611
3447
2442
1810
1255
456
1705
123
12
407
692
87
335
263
128
1071
185
1879
2115
1221
21
34
3456
791
589
1066
2796
49
544
106
294
335
31
61
37
1024
218
1496
24
2679
57
1834
185
2039
2503
1262
11
200
2865
405
487
15
63
65
676
2073
2800
3747
3192
304
5
608
347
1328
3108
2963
153
115
3362
1050
35
32
124
1373
857
845
463
3491
708
721
1534
1396
161
35
638
290
58
1175
1948
3055
2147
18
2641
47
46
989
26
394
1898
13
103
531
8
1746
0
495
121
44
1149
780
2310
459
1793
2035
647
144
1043
2243
456
68
417
378
52
635
655
377
1497
53
2292
19
237
354
2276
1438
734
619
193
227
2434
535
311
395
777
630
1021
143
869
982
393
119
652
2
632
58
3078
546
1241
1592
57
2
1822
249
2177
76
700
2162
451
149
47
1107
199
80
2872
212
1772
404
132
140
2866
3339
590
1219
0
179
2876
237
962
424
2635
1
44
91
12
25
377
2328
6
988
1703
80
1861
142
328
15
1205
102
3007
489
702
134
69
856
189
690
224
445
2
286
0
130
277
75
1162
1866
1595
160
500
937
349
1649
189
444
159
130
35
1754
644
1463
199
174
116
3010
30
0
1492
14
430
215
24
310
36
529
203
384
81
182
191
2699
313
3602
513
197
9
26
1547
2472
2851
221
111
441
339
684
244
2195
1062
18
3940
2079
74
573
336
43
243
2262
271
542
109
794
409
2366
591
1
193
384
1759
435
249
1178
145
1345
268
432
837
529
827
888
256
1072
939
610
120
19
277
78
1714
73
353
293
1063
933
1018
828
81
784
1482
309
616
232
2227
1992
854
2735
1127
151
368
1820
226
828
601
426
2299
427
1144
501
1358
328
511
937
1649
57
1033
35
635
237
855
230
612
112
838
1563
560
1505
1890
12
1229
128
652
1660
355
164
1311
126
115
3244
128
2205
135
71
415
250
598
249
1
810
618
825
3734
18
1174
219
951
72
880
1007
113
1
25
312
509
365
288
126
2053
2216
1877
444
1648
1131
1307
99
524
1274
101
2446
2300
665
108
152
363
70
222
154
228
148
166
1236
546
23
275
647
2130
861
64
104
743
120
2135
1972
1262
164
374
623
792
71
928
178
136
313
1143
132
163
1786
101
23
2364
866
14
22
2107
83
63
164
406
142
410
157
1769
590
908
148
52
107
2393
2545
441
270
2101
182
800
129
1667
462
128
519
236
3407
441
368
269
1435
2131
33
0
1410
6
10
185
852
1201
438
1828
182
320
1827
6
2409
20
1154
65
40
1157
3954
13
52
1019
1849
2871
452
1459
1232
1393
1225
675
463
990
475
982
668
854
15
450
222
2944
38
3162
421
153
66
1773
249
153
757
178
199
769
3
7
2500
788
531
440
385
361
338
680
56
19
329
305
199
8
11
930
2803
1199
167
527
83
2867
514
887
246
144
163
1722
321
2105
872
159
1271
1716
41
276
1694
749
481
1907
949
134
2513
177
2
58
700
1672
26
824
1112
69
34
322
239
549
1239
1319
473
601
1290
445
1459
222
25
850
138
187
333
124
257
3533
703
1502
1238
802
167
2995
2436
283
10
167
762
6
190
804
1337
1350
23
2537
381
1375
1039
29
2246
65
97
1613
637
1526
195
3169
2285
1073
302
1200
1051
466
605
375
127
646
1380
620
0
169
8
609
43
1623
916
244
268
94
316
168
4
150
806
178
512
1698
362
1095
192
201
3104
12
851
711
2
44
485
473
571
1210
122
107
52
308
164
327
756
155
347
355
3652
462
903
3
1222
424
2195
30
543
1012
943
87
3667
39
110
638
3532
495
236
1798
246
1447
120
1308
2603
109
1363
125
286
1471
859
1008
1885
17
718
421
3032
1200
716
1457
1635
1173
1067
981
63
1415
233
869
15
156
114
225
66
1828
2617
789
126
495
1485
1
33
2040
37
1683
516
20
374
19
3
965
1513
16
1597
973
461
151
609
114
319
168
57
78
187
1115
770
3
300
344
225
1073
1161
37
697
2551
3482
229
441
3278
1037
2212
1
1387
785
659
42
1653
3040
1005
821
1754
815
809
1
474
1864
177
520
736
1419
975
516
317
486
41
1479
408
3
1030
258
247
10
1663
131
591
523
1160
989
17
463
479
1198
1150
297
1835
190
3120
791
732
3627
77
698
1011
1177
509
3103
71
426
1256
568
33
236
893
42
1273
552
13
2945
368
4171
54
62
1264
53
3760
30
189
237
1550
151
260
272
2087
130
915
485
710
2168
1039
805
1376
45
1878
2655
880
460
349
1076
573
32
620
359
314
2105
2395
249
915
98
50
271
1493
795
282
1080
0
298
429
2894
548
1676
1091
418
964
111
121
62
358
75
1057
497
16
1393
734
2520
20
249
854
164
549
2399
171
68
261
1161
1
13
120
254
288
1047
1070
1273
56
648
788
3702
1347
831
514
981
822
403
3656
161
75
774
112
101
137
1196
1192
610
1585
528
1395
1459
1780
4426
109
2695
1222
6
1684
272
379
80
9
133
43
216
391
251
196
415
844
3433
657
306
297
855
182
202
3539
995
68
497
297
142
190
262
1040
2478
1205
249
536
503
1430
30
42
29
85
3
874
458
1611
1809
66
667
667
774
87
1687
24
231
838
59
3654
821
582
3454
115
1110
1912
267
1124
1060
1029
759
586
434
292
321
2624
1614
482
1036
897
1958
755
75
1413
1950
925
665
374
2798
1388
1646
1303
266
102
1300
227
25
3280
1988
1900
257
136
192
695
93
301
652
658
2689
369
4489
1768
180
987
259
191
932
146
365
422
915
77
692
31
446
9
59
658
108
1866
235
120
308
2615
1378
515
246
4240
838
1198
729
2180
194
541
158
27
154
430
484
762
1732
596
993
230
1363
1549
403
364
140
166
110
462
2848
953
2
209
1301
1514
1586
178
302
17
881
428
1465
224
203
2316
1943
1487
15
652
3369
1935
582
2950
770
1836
1182
3464
722
143
412
2669
496
901
1329
390
523
185
947
2837
1257
346
145
2729
67
77
205
1039
82
32
830
69
121
568
57
97
237
371
295
434
217
34
222
355
374
917
687
618
132
72
2303
918
473
622
759
2657
3773
896
248
178
2738
13
79
2580
1473
493
9
420
247
1976
27
47
1696
341
1
394
1313
962
638
105
979
1401
4232
36
2069
1150
215
45
816
1828
2862
134
405
2624
2537
49
51
92
1082
56
161
1156
610
419
3108
1432
1146
2916
128
762
1718
1862
282
80
640
1938
2497
932
222
1368
1708
54
381
42
257
1153
3121
676
3108
51
339
1006
209
701
3
38
763
132
1922
1347
53
923
547
2292
1180
140
637
584
1103
4593
26
288
145
1513
638
1026
252
212
431
1678
83
1285
303
494
81
19
359
2500
1308
3738
1165
233
0
953
9
67
1111
359
1139
194
957
23
882
1592
4123
29
1247
622
639
362
1385
16
1964
1582
2899
528
5
1089
1003
412
888
1559
984
889
1592
35
648
234
111
197
934
604
489
1735
2795
1770
61
959
2308
5
14
1182
525
338
2987
81
592
56
0
156
26
108
13
10
1811
358
89
3
439
2479
877
3795
904
125
875
2200
4055
878
1864
728
1881
927
676
1903
502
411
597
1992
848
667
3249
10
1462
43
236
210
890
591
762
340
10
1146
713
2249
283
674
658
436
272
1124
75
3194
2787
200
251
483
569
54
1002
480
2724
74
111
805
73
743
104
175
1136
2782
8
299
648
954
2022
1884
685
2920
53
768
269
518
266
3
538
77
501
159
947
2013
337
927
414
697
2144
301
312
17
1326
2529
285
523
8
199
943
232
2962
101
519
545
1199
35
147
1321
1352
1010
2086
1678
1444
319
72
554
83
2120
708
1568
1006
2344
1
512
4
797
1568
2112
1931
1618
1492
495
35
1
113
611
1533
932
1366
316
1077
561
326
410
836
780
2633
747
508
677
709
390
1924
2997
427
907
118
21
2426
425
239
1550
37
2346
2065
16
7
427
1254
769
1774
37
2246
501
363
773
399
12
2639
552
183
660
3489
88
1339
192
509
1800
2561
590
469
1796
390
100
51
132
618
1003
1729
584
253
371
33
2794
1342
2604
1
467
2680
337
20
3655
38
316
247
754
598
419
1342
1884
48
170
1687
1636
213
2321
23
1090
1604
3571
741
131
485
48
564
363
2947
75
2129
842
251
2212
1299
12
1446
124
1677
2915
741
147
2210
63
66
547
41
768
879
1045
675
81
280
2
622
1304
125
164
859
676
95
888
765
663
660
20
351
194
879
667
48
3954
1080
208
29
151
2292
61
399
2438
260
478
226
2806
710
890
2067
549
607
68
2335
249
3469
610
237
445
2636
258
119
683
283
101
174
295
922
11
35
336
116
456
97
148
1259
3865
817
3164
704
71
3124
836
8
31
53
1840
179
2333
932
513
984
390
479
1
640
72
204
944
238
345
931
348
1090
1169
1
270
119
526
252
120
1837
173
493
234
796
23
602
2658
550
160
444
166
1847
32
169
294
1447
1977
1172
236
946
2338
3182
2388
1460
2421
2174
162
211
1148
2689
44
1
1
941
131
89
953
7
44
300
160
7
74
69
1426
119
3072
1622
712
2089
226
1532
1988
263
3024
21
936
3074
766
101
79
295
34
324
1644
683
3268
2989
2795
131
573
39
2705
334
189
222
320
1300
32
161
232
1648
77
189
128
11
2966
898
205
389
2081
1303
2022
597
2668
31
30
3681
1
1356
235
4009
99
1147
29
439
694
59
895
338
368
391
1908
346
440
691
2977
42
108
866
207
1888
1908
3203
73
101
775
1291
2051
571
1069
27
1288
519
2131
150
122
95
657
347
1019
1137
1775
2
1061
23
187
28
17
62
1113
826
300
37
81
1144
3289
443
985
134
1132
36
1661
4054
1672
271
158
1360
48
883
260
644
206
1786
134
1283
308
1929
2391
562
234
74
333
2603
9
92
699
395
1825
2255
1074
119
712
117
563
104
668
315
117
36
1201
362
119
562
2143
1234
471
689
499
881
195
66
31
2850
1023
863
2056
15
886
831
1534
3452
102
231
1437
1181
1198
269
4
395
321
2706
917
820
8
733
24
1994
669
1128
2664
938
88
50
1329
1052
1007
224
978
3864
2742
1394
2248
240
639
993
214
1964
12
1707
1744
2268
3221
56
2650
3157
259
17
1242
1954
2528
83
123
174
605
752
361
4216
424
170
62
854
0
76
683
989
148
56
1903
907
2785
828
459
80
309
358
12
573
2722
1182
402
590
743
81
724
108
260
3156
2364
67
57
450
255
502
1070
3657
90
38
4449
92
1042
181
4492
703
267
227
2732
3314
349
117
1937
628
518
784
16
30
2582
574
122
78
2596
757
246
59
16
485
71
641
2363
1336
54
45
448
155
591
62
2371
673
1868
14
990
500
55
1083
281
4085
1818
1978
64
113
18
1365
36
414
271
2
2982
161
243
102
700
2116
0
1132
530
1436
35
2162
1369
3137
1650
240
761
2073
868
765
894
25
155
414
17
19
466
177
52
288
814
12
306
92
1831
130
246
1422
383
553
211
549
1350
577
24
712
286
832
805
440
172
807
899
1539
217
1
7
571
2347
2213
349
64
235
61
1812
100
16
2405
15
786
1446
2545
2237
9
3549
1452
543
532
1536
1534
319
258
99
578
728
525
3
186
55
990
33
2859
844
485
1834
1481
634
16
284
136
21
2169
268
683
337
1574
2812
558
3019
29
250
95
26
317
139
26
2791
31
609
399
2037
2296
1272
1124
374
68
9
643
1395
469
832
215
2314
21
328
1421
34
54
534
3201
10
893
130
1608
797
959
591
185
558
94
2448
46
134
321
1078
205
624
1714
858
1923
873
257
817
459
552
1659
270
237
1323
818
1307
401
1541
2039
84
1097
1099
2866
31
1038
1268
11
798
1201
979
1552
770
1325
749
914
188
125
3209
3066
1769
2231
70
68
860
141
1723
1015
653
1103
27
1129
302
188
338
239
282
177
956
2535
3265
909
97
164
1178
207
2591
1002
1872
742
1293
595
3026
1094
1573
929
574
2874
25
587
267
2423
858
260
683
43
1274
168
81
43
477
989
1238
58
1003
505
1235
305
3426
9
452
273
1339
662
146
561
19
2110
100
201
396
1410
785
2007
544
1669
383
377
502
108
2956
1600
112
635
963
1790
1439
17
1044
377
160
699
799
30
1404
689
23
55
1049
3040
357
607
238
261
79
2113
127
169
285
82
2825
238
61
223
897
2350
367
1132
622
288
612
941
291
1204
1222
124
2252
1264
100
603
99
250
1267
694
1990
1205
488
163
572
12
730
961
181
241
1439
282
128
324
413
168
422
2011
129
254
2190
26
255
543
105
568
325
93
89
211
2427
231
612
123
1776
1993
479
475
1051
282
1791
2009
369
381
373
202
763
1209
115
2419
614
1057
258
168
170
8
1496
261
418
161
228
7
669
1004
3534
9
1062
237
248
487
2278
335
156
744
359
2619
1021
1528
3
513
1602
1258
1120
1031
577
180
309
2
1502
602
189
1113
1073
254
1278
1616
42
3207
22
12
358
1790
1175
2133
11
860
483
461
2464
259
131
758
44
25
62
70
1055
2052
213
99
1812
587
1174
65
1394
1067
4044
121
1577
2570
1128
1259
1066
39
2433
150
178
115
763
338
617
224
185
2721
2054
3827
888
153
1166
500
573
37
183
2620
541
158
926
111
936
777
382
349
88
1581
769
114
193
3808
1169
817
10
1619
1228
295
1274
174
316
810
1197
1430
16
1244
874
997
540
1047
2138
689
206
39
555
1338
3231
782
1102
923
140
1572
47
392
2
94
27
10
1852
436
2813
853
3
69
1195
583
1327
563
252
2155
934
1929
422
1093
757
339
6
2700
462
636
1307
525
3097
1191
1077
3791
2563
1062
487
692
469
433
68
1267
826
499
57
2887
1399
352
1361
565
395
1843
22
1725
908
33
112
1738
1326
1073
21
512
52
1421
446
413
344
1779
1720
1168
593
70
18
1008
79
1819
4
553
836
845
507
1669
772
75
2104
2138
414
827
36
27
148
1747
1853
1274
517
1962
1929
1229
3271
2
595
928
836
62
236
79
740
195
52
1411
636
397
81
233
76
2086
700
38
87
1048
14
2569
87
1359
71
1257
3794
140
5
154
279
58
147
364
1417
930
493
34
5
171
455
26
914
3901
631
1230
2516
424
1592
1302
2128
798
451
813
194
14
705
297
1261
28
1609
1807
644
30
20
132
257
532
1019
13
404
585
855
811
497
664
112
372
595
616
41
9
2197
1413
472
807
13
399
202
29
1490
2719
2953
2589
769
652
189
612
3287
36
335
218
863
858
256
881
156
1892
449
863
1451
2507
127
42
10
51
1380
1373
120
855
102
1096
19
2897
97
58
99
430
435
1102
458
913
544
24
2096
833
121
673
507
893
1405
722
145
893
73
1674
195
33
21
920
94
501
4166
1698
4212
1375
812
1250
1018
470
304
200
1122
3252
74
380
1568
445
3399
1437
865
106
90
2189
976
1509
632
399
759
2439
2412
1100
154
1149
1163
87
1137
349
1
187
93
833
361
624
57
215
1
65
814
337
532
255
103
1311
454
354
1706
121
164
436
442
2917
1693
1192
152
2871
180
172
433
528
607
267
1119
1666
159
94
1309
1001
35
1156
8
431
235
1363
1908
1256
113
145
56
51
1731
1727
191
2201
973
517
942
1841
3289
622
506
2054
306
2314
136
237
103
860
328
1076
364
96
504
1327
1377
379
98
1224
41
13
43
3215
502
1541
2409
474
1291
394
29
26
1506
1692
1090
972
771
709
80
199
1243
635
2458
431
619
2063
31
993
2629
1253
1079
673
64
67
40
2062
439
1818
1084
310
35
1031
994
582
298
838
865
27
112
38
1454
1962
1134
59
50
440
3067
1431
1619
1000
1040
199
2301
122
235
1177
1611
1728
37
2024
2238
1200
85
1222
158
14
275
1831
88
355
140
7
222
207
115
1037
683
34
2389
612
877
76
2423
4033
631
2865
284
659
189
625
1670
1179
1094
2440
273
56
1000
303
1455
36
558
22
912
426
1246
1
754
303
1464
1629
44
941
1680
754
1357
1918
3850
124
211
106
269
84
829
1416
1757
885
304
254
242
62
277
75
222
8
2235
198
51
2774
15
2285
2406
273
47
594
35
2
29
120
4145
1531
746
374
977
206
309
4104
7
546
1333
98
508
32
573
779
4
108
1887
8
246
815
174
5
2492
191
51
2249
298
844
714
1452
101
109
1681
437
2028
51
91
400
20
1469
1171
443
449
43
501
2186
2348
412
59
71
2043
216
1253
130
1161
61
169
63
151
341
24
391
230
944
101
426
280
232
4400
534
224
1635
1379
198
1077
637
35
63
3
254
58
58
208
270
28
47
575
516
0
1132
526
467
543
351
23
192
28
207
562
635
54
858
3056
139
717
60
333
305
418
14
76
376
992
2457
1209
26
248
210
373
2500
1258
3311
3427
876
597
108
770
526
43
11
407
0
1482
59
822
971
656
768
517
894
1947
1479
779
1495
266
1010
940
155
375
3570
2863
266
2789
2063
1583
870
439
2690
760
532
441
667
559
759
59
1978
118
3594
388
62
193
935
58
52
260
140
1320
732
222
1743
301
924
928
2413
2452
1158
879
1321
125
852
60
225
354
16
321
112
18
628
300
1692
1787
2787
35
161
148
64
407
1917
2370
925
561
84
25
2190
470
68
1779
1782
124
346
2880
699
469
1398
301
690
1
142
17
2065
1320
1972
217
4092
142
1100
1304
378
796
69
500
198
238
653
313
304
129
826
328
1218
2194
375
21
4
21
41
2381
837
1966
1094
537
65
1309
1045
617
134
25
498
475
1271
9
1836
526
105
18
78
409
1223
895
1347
20
12
978
646
722
38
132
541
70
1337
1005
73
1606
2240
1120
116
835
412
351
53
2193
33
1156
647
19
587
425
338
426
37
1362
3951
247
562
185
50
305
66
791
12
100
1114
295
1085
178
601
73
2289
237
279
140
1299
72
782
242
2099
390
60
416
564
370
425
80
1264
100
25
119
919
1368
2915
2135
40
139
80
172
498
539
725
460
2058
785
1174
429
413
53
2599
3523
1242
449
1097
1169
3085
48
13
221
47
227
316
134
464
394
319
981
1899
25
486
1759
777
285
1461
78
233
1248
102
976
131
855
306
437
20
1506
3
979
1382
182
445
552
54
722
17
3024
7
3367
0
2993
201
1065
557
3112
681
2481
782
164
341
1891
3332
140
169
311
9
2464
37
1119
605
870
74
229
68
1093
243
557
2600
175
187
145
288
2159
341
938
2150
2414
3277
152
1508
945
140
342
52
37
143
1425
1727
108
335
63
1724
93
245
566
242
544
1772
121
902
2223
900
1992
1252
826
2468
182
585
420
1420
56
161
514
272
25
707
378
514
45
110
1149
4449
224
53
1753
1579
183
664
66
493
2411
631
990
2376
2589
1103
1133
596
1
792
185
1984
2257
1770
311
528
235
190
468
19
1697
578
283
301
501
1737
64
815
38
1628
86
2490
340
742
283
240
59
24
973
480
1693
602
690
492
17
16
187
721
2237
88
2095
2032
14
805
78
27
1927
62
2793
120
113
3518
691
95
553
984
223
78
348
960
2305
1477
979
1260
240
876
17
1437
2708
0
772
2519
363
856
1845
3279
500
158
9
180
779
1182
58
3547
13
2176
15
648
1981
720
2053
809
982
343
3697
210
45
3
667
1071
1244
16
406
873
11
45
271
600
241
896
215
1708
798
2289
157
2791
2
141
157
131
904
1001
391
394
2432
2816
866
983
358
624
1163
15
1704
5
1295
637
24
1721
85
1637
574
233
1246
803
723
1544
648
370
436
267
2915
1091
207
2881
1270
2347
2324
1003
543
80
180
372
214
288
176
96
2
217
807
1521
202
568
2259
34
527
821
2585
701
113
642
470
702
58
105
712
162
657
734
921
64
834
2286
668
2186
1088
590
2738
698
601
1048
87
81
218
3156
1905
28
2483
428
608
614
360
1319
1236
509
2321
1458
968
564
106
2045
3788
33
1185
2736
895
1125
2546
139
558
3643
209
979
11
159
686
310
581
97
1496
293
3130
1143
21
91
223
1708
318
411
274
887
1066
270
341
485
317
635
101
40
2001
368
485
3458
94
1706
2966
300
647
280
196
915
125
859
1926
1447
75
1043
4
253
1625
81
1002
1095
806
1012
485
146
82
3726
774
1368
910
1248
2405
1689
957
97
2
498
1370
474
229
767
826
872
527
363
347
828
1524
355
536
1
126
82
1852
123
440
665
733
2791
890
61
1266
1532
716
66
1047
99
114
262
1800
280
212
373
387
83
2513
601
215
248
354
731
575
1514
64
292
437
762
508
77
488
146
64
556
121
617
680
59
244
256
155
818
54
1366
392
190
682
192
633
377
90
440
113
1383
57
549
720
619
5
379
204
2514
505
2498
877
254
85
526
1365
1291
9
1078
1879
2547
62
1191
1072
22
780
146
667
28
342
2562
1439
542
235
567
196
83
156
355
404
291
325
20
631
59
11
330
56
141
879
113
208
104
1356
205
1794
148
701
21
222
1414
3208
1181
3797
2597
293
112
523
1755
568
3095
2628
1330
194
317
855
11
2260
1548
140
452
1257
48
1360
444
1556
3126
1261
87
347
327
3
3674
121
618
693
477
1533
3457
761
158
514
1026
342
123
1724
2355
0
494
264
597
29
443
1271
2868
1148
920
1103
623
536
2397
302
171
2286
788
364
877
217
601
727
232
298
1267
741
743
929
103
1270
644
2211
205
476
47
1902
109
1325
1769
1479
1412
1546
905
175
5
311
103
2157
965
2181
792
1289
1121
589
3152
565
394
1441
668
2869
496
3858
3845
178
260
52
197
111
349
409
2438
1865
3078
943
967
328
99
73
284
71
208
897
94
1204
1457
268
445
275
1679
3561
1102
2358
723
1192
2659
396
84
1883
944
1211
751
2066
3
456
2740
18
1157
318
766
764
2325
325
468
493
98
68
857
6
1657
2363
1704
1322
237
3091
3598
2869
549
4
282
600
152
29
389
21
7
2092
2250
1882
453
231
246
21
411
2022
1255
2731
26
2179
1939
274
439
1103
299
2
686
151
1949
305
1479
1790
379
162
1625
2
19
999
497
134
446
521
89
11
3014
683
1
131
309
2455
809
2571
3078
37
208
171
32
966
108
3403
1796
448
3012
3473
457
1513
2075
1182
1033
1343
604
849
9
1504
704
3218
188
551
532
345
108
2672
0
72
577
687
253
5
874
1563
296
1433
3
612
926
1572
2310
9
2731
469
500
1025
101
485
1423
763
56
910
791
379
793
351
641
1342
76
1596
186
215
148
1
929
24
162
122
928
71
82
1510
157
1052
435
232
1168
19
424
2045
185
42
1536
1106
164
232
744
973
142
1691
1933
1002
568
237
2893
134
2062
473
1767
200
294
244
182
193
814
696
206
193
1733
653
909
1377
45
298
9
1132
416
217
1159
486
1242
375
1432
3181
177
351
730
840
682
103
376
683
935
1668
1370
101
6
1823
277
401
36
173
2148
1302
2374
11
130
500
1299
640
12
1358
349
420
2401
2183
138
28
617
1451
50
2812
106
313
38
1332
1035
992
3
46
12
804
23
51
2872
207
825
27
459
163
993
90
33
2151
2026
2
808
3
940
1038
142
29
413
958
450
1877
1154
1307
111
374
321
351
43
1376
481
331
1089
4
20
2394
3
331
28
914
549
6
511
3
20
625
248
411
1680
2
1053
451
1086
383
147
1271
8
100
3067
1464
193
2816
123
72
939
240
247
1604
684
2178
1361
63
35
79
97
2809
25
9
270
2688
256
1560
370
702
1465
47
124
2641
3243
3187
73
131
997
239
300
517
142
305
1880
15
964
168
1072
290
1379
787
329
94
219
1666
300
571
1269
604
83
2466
809
144
1173
374
750
256
57
7
2039
368
1614
109
474
1018
1197
572
323
444
2051
2388
101
359
466
203
1985
2061
643
1576
432
524
15
25
4
46
1552
1035
29
2057
1556
571
1391
1084
61
1203
611
159
272
1624
9
400
742
39
229
60
38
1
638
8
635
2356
211
1451
262
103
1046
2821
212
39
2488
561
56
2
212
861
408
1801
2423
227
829
141
65
35
399
920
740
856
1277
0
219
1762
1081
87
2885
8
1216
572
631
402
1277
34
556
56
336
279
475
48
16
738
12
299
754
366
680
203
196
400
47
39
589
186
41
124
2777
995
1817
3673
1055
4
478
364
138
756
2419
2282
36
875
3329
728
724
637
925
488
3292
114
740
580
125
2210
1507
1834
393
1318
23
2026
347
395
86
258
647
224
369
392
736
687
5
212
733
183
201
331
133
1194
584
380
319
1128
755
5
1109
304
2456
499
1310
1232
156
42
678
233
652
12
374
228
2249
64
157
1740
2401
566
1333
232
781
1164
27
510
125
3430
516
821
1203
281
318
257
998
107
17
798
57
119
3911
127
1400
2
462
1919
50
1134
2374
251
34
741
93
132
99
382
240
2
220
232
799
1276
3232
1473
3575
481
21
1465
367
593
3051
16
74
470
1895
1682
2
155
2425
25
311
252
427
1993
439
2700
34
1910
777
567
2167
927
38
21
1588
290
584
2162
102
70
64
957
833
285
1600
619
27
139
876
305
1047
1772
2034
484
534
1942
2496
1558
1920
519
1712
25
266
830
1336
2291
0
191
3884
1242
1593
2847
907
918
81
1082
14
676
2464
364
448
631
984
104
301
119
1305
1156
279
20
272
939
22
229
588
1261
846
1105
1446
66
338
235
172
1086
424
562
3087
117
4199
814
1977
16
733
2968
705
157
893
830
2986
265
1815
0
1695
156
129
368
1822
1552
715
1123
907
383
838
555
820
667
563
2702
898
242
1191
299
684
1408
319
442
87
224
631
716
851
42
389
1015
120
1826
1056
363
2326
1049
2451
40
1605
4042
86
83
1401
830
142
1369
1225
96
2461
1379
734
3088
781
136
138
1448
1974
851
119
1005
98
29
196
577
85
1051
234
1105
102
412
342
1155
1804
160
815
494
34
287
778
3282
19
1023
357
403
101
19
69
3313
30
568
2377
2141
839
1157
1615
297
1057
1115
2363
1792
861
2
480
8
729
40
873
61
234
376
66
495
1567
34
3125
215
192
1382
2255
40
635
612
37
3097
624
119
344
271
36
218
5
15
135
1911
1345
491
23
13
1183
507
79
790
1102
1014
1192
608
374
73
536
5
1445
193
810
740
1269
51
177
596
2685
189
2394
465
2601
2369
184
1136
2534
358
537
1
248
1661
86
23
230
454
57
166
13
108
241
461
963
128
902
1542
4
9
484
561
207
31
2763
204
2055
387
2446
3
711
41
661
619
397
685
729
715
1013
1719
2712
1796
1837
2329
211
3122
1321
349
763
217
1
868
295
1933
266
229
5
143
190
59
689
111
1
1692
603
173
984
2240
3877
4382
211
21
458
655
786
466
886
2340
1733
63
444
592
26
405
2119
31
413
1119
18
263
1679
305
137
2576
641
1444
422
165
269
1802
206
1860
1359
589
1759
91
9
2419
361
1345
51
805
632
1565
1506
574
10
927
1745
1673
1971
369
1745
291
332
740
83
2844
2082
21
14
351
443
2093
664
1236
36
2624
231
218
466
79
164
32
8
46
972
439
652
442
2492
928
3342
429
1486
81
2496
25
367
1755
351
56
494
557
101
909
131
8
1207
2801
271
1
176
1180
387
1538
49
28
1055
249
106
14
2771
930
304
881
431
423
1659
1416
203
3008
69
1623
132
1453
482
324
2082
487
350
2556
3
985
1533
8
1525
292
1194
2
114
300
108
507
146
28
193
774
1014
130
205
1047
3170
2175
139
1879
147
583
3
532
414
2101
100
1064
2692
1917
206
346
1771
1326
54
531
135
105
607
50
527
192
716
95
1542
226
3036
1240
841
56
440
1435
211
53
1420
1744
308
97
887
679
2468
2218
275
1570
24
62
125
1473
828
68
126
2317
272
2913
593
192
97
617
179
1341
1343
183
139
629
980
38
214
510
1531
3528
719
1836
775
226
534
39
649
1077
31
2301
2042
61
841
210
413
761
59
20
1271
367
783
1797
1127
999
687
123
329
1062
149
1783
847
1518
435
840
1010
386
445
274
127
421
1701
863
537
1099
2475
455
48
2019
2254
669
161
189
719
112
3695
810
938
2086
1120
2828
940
87
757
429
852
459
1251
1578
189
371
188
420
111
1095
49
3308
2304
1961
305
329
794
325
345
1928
106
884
1785
134
62
510
44
220
53
589
1185
7
2805
3728
16
1360
3499
2105
3608
1039
603
1322
947
251
30
439
70
2433
303
236
1383
899
2449
400
488
1162
49
510
702
433
125
1155
540
1019
18
250
689
468
2
207
1333
982
12
308
24
1826
36
2754
2095
365
547
11
35
1034
2520
880
1549
875
302
1568
1404
835
15
38
702
730
2367
1532
1335
1832
578
365
2385
29
394
303
14
56
573
142
192
1024
1066
200
934
77
178
292
450
22
1945
210
827
164
329
274
122
1405
2071
253
115
149
73
1833
12
1222
187
394
632
2646
119
42
792
1860
4
14
131
540
16
3127
3845
690
920
606
330
499
9
2574
17
504
15
26
1080
53
2803
460
522
307
2041
3974
717
636
3044
15
3298
28
783
188
2264
754
113
1522
2013
134
334
103
48
367
20
2380
2635
1412
3076
2352
196
22
820
669
242
163
73
227
267
763
127
81
63
46
71
724
308
1239
875
3626
403
2079
845
66
40
1306
9
1603
346
112
540
902
25
46
800
2090
117
272
1658
1887
239
37
1670
462
810
176
671
585
1649
1737
157
15
406
841
174
245
306
1
668
1029
204
136
1329
118
1495
191
200
1818
1684
1727
281
7
535
304
4
1087
112
67
879
881
1017
754
160
51
253
255
394
982
69
1532
571
181
391
447
2273
39
1201
1510
855
523
68
114
2999
667
626
216
636
836
24
206
34
71
267
1822
153
2397
1054
344
421
706
210
188
1270
139
2492
264
981
149
591
183
800
257
19
2437
35
68
2254
557
5
727
136
1166
74
190
21
591
570
42
579
222
118
6
1498
90
3217
80
1704
879
73
145
26
26
602
2006
261
427
129
441
376
2031
184
93
1359
1012
152
2182
98
963
281
290
592
75
186
300
2480
108
83
96
1507
760
3347
155
1835
53
2133
972
466
337
207
423
79
2957
130
1226
1887
322
194
877
1386
297
165
26
90
483
1123
1103
983
304
137
19
269
389
526
100
1049
2
26
116
334
347
758
1
524
1933
391
523
4272
1152
414
1536
762
1555
71
129
343
481
813
256
2378
2392
969
344
1042
194
70
235
1042
1227
590
366
2600
104
24
430
213
193
3649
352
207
265
225
2159
121
15
1227
909
547
2659
1139
483
835
478
63
3
498
148
1705
525
1828
3229
1194
31
2144
1738
951
1036
593
2652
394
625
1161
772
889
837
2440
514
159
1429
543
972
1
992
977
769
3
333
1161
2486
128
79
738
28
238
110
2525
815
1389
648
1324
253
1595
75
2805
63
94
739
2911
1623
1447
268
1018
800
203
215
1845
70
67
81
520
489
1495
200
236
748
647
470
1164
240
515
1215
825
489
194
2074
499
950
17
2350
796
652
96
293
20
400
2660
275
21
2552
1663
252
985
2328
1766
3770
4
31
1783
1324
477
2088
656
564
1926
729
2654
199
6
1167
1348
2017
85
2661
1625
543
586
1000
123
142
956
1906
512
661
67
687
3663
164
38
221
536
227
1508
2073
287
438
4088
670
395
2827
383
393
1253
1427
168
612
147
1880
147
303
314
1091
947
3574
753
2
36
75
1274
2196
1298
585
343
2325
1030
272
416
161
73
166
423
1253
624
740
2179
50
243
86
1939
129
1042
674
185
15
174
591
117
1220
321
43
2755
1009
2222
111
3389
1677
1417
91
127
266
628
136
590
778
141
486
916
3582
1524
797
204
258
16
703
47
479
303
819
69
590
324
73
132
659
67
673
992
67
137
220
548
174
527
833
1516
318
1200
3469
48
289
1278
511
758
204
322
20
427
281
48
839
87
210
380
411
3419
1103
1364
724
533
2680
221
139
1552
591
154
74
95
79
44
1599
950
946
357
1484
2163
199
56
218
172
1846
8
921
959
18
2239
3025
35
1179
1137
1494
1866
1168
214
703
44
278
2010
1137
162
237
241
253
77
2524
350
129
391
1
56
5
888
1588
189
604
22
2202
123
207
311
41
508
556
1052
76
2431
433
47
1029
3025
223
1781
264
56
447
185
472
1319
62
1091
657
2
786
1610
16
999
311
781
149
422
191
2229
589
1040
23
763
3153
530
965
1639
194
1078
126
1615
567
82
699
222
627
3412
2114
176
241
1346
194
43
928
17
21
2028
766
2981
1100
578
12
3023
1110
1730
195
3063
800
259
955
519
2297
492
172
5
2
1024
86
133
195
3021
256
1
1267
1922
525
1504
93
266
1006
2854
924
162
1622
42
665
18
36
980
590
1336
153
323
1
124
1873
340
193
3214
1483
1637
435
2593
899
1484
78
1367
236
3288
39
2619
648
220
7
2457
2687
564
844
587
7
603
296
567
2151
1327
60
11
237
1678
379
1200
2258
135
1062
944
32
18
1783
995
536
469
130
1013
225
169
518
1858
1502
1670
1308
1062
184
818
127
335
1076
133
1400
310
327
445
769
2422
29
808
1085
115
1772
879
698
714
410
2990
2511
742
22
187
1202
153
12
634
2800
833
484
182
83
347
524
384
121
56
52
4193
346
359
1076
83
2182
735
579
12
120
206
298
2552
1418
262
