178
7
22
5
20
320
70
17
96
349
38
8
38
6
247
309
12
28
234
79
8
65
246
20
16
129
70
6
195
2
41
11
86
50
30
138
23
269
301
37
109
221
131
181
5
50
37
99
16
182
2
199
1
2
74
173
41
12
425
81
0
3
162
185
7
339
4
343
11
7
14
1
3
105
92
238
153
152
10
242
50
2
4
128
0
91
62
54
59
48
13
175
191
317
167
227
93
125
170
6
49
27
103
40
95
215
54
7
37
75
145
147
217
170
30
50
162
109
126
76
357
157
25
33
166
1
8
65
21
4
20
11
24
1
122
149
3
39
128
4
215
11
102
127
13
263
30
49
7
212
30
31
18
16
157
157
87
21
414
75
67
32
37
1
239
2
108
52
179
141
20
31
67
162
62
83
4
189
58
2
105
47
96
46
11
273
75
8
276
1
30
64
61
6
2
93
157
32
6
248
28
119
2
1
21
92
34
60
123
55
52
11
252
249
26
137
80
16
247
92
17
64
245
7
19
23
110
86
24
0
117
39
216
12
66
380
12
152
184
111
16
9
199
44
14
70
83
8
7
15
90
28
183
1
34
8
166
6
28
95
6
1
10
3
242
3
8
156
58
206
75
11
204
12
7
56
33
57
33
83
1
51
32
37
115
201
333
154
278
60
52
14
37
0
23
117
177
45
65
208
125
1
13
6
0
12
80
83
29
279
125
73
2
34
17
110
116
85
176
158
182
15
222
0
29
25
23
61
7
8
218
120
2
10
69
17
31
80
89
146
13
15
99
70
248
15
9
127
19
102
70
60
113
177
195
175
210
126
77
86
422
81
78
32
0
20
13
8
181
80
139
102
16
174
160
83
159
337
11
26
18
288
8
21
13
268
35
105
13
285
121
1
96
37
11
19
183
35
38
103
67
402
64
7
25
41
454
168
103
25
38
1
1
31
228
308
302
0
5
116
16
10
43
110
129
21
201
7
10
28
103
57
204
84
340
312
14
115
21
14
187
349
59
51
15
3
10
117
184
195
44
149
7
126
10
1
7
142
3
4
156
307
237
10
133
108
20
17
255
136
127
428
79
18
5
5
1
181
13
65
392
44
10
101
215
13
277
274
0
9
314
196
61
63
22
31
22
47
70
0
48
4
110
19
10
145
3
37
4
38
20
39
112
4
109
28
144
86
103
2
68
120
49
71
82
142
164
5
106
179
8
259
47
63
64
11
27
14
15
56
58
56
3
57
180
129
28
6
42
288
126
7
158
217
52
53
99
15
87
142
8
3
106
29
31
17
51
33
37
7
185
12
3
5
233
19
40
32
23
49
22
8
11
64
58
86
10
146
94
17
6
110
48
178
334
14
4
161
81
61
6
57
35
15
178
3
0
311
27
113
172
83
4
131
45
164
171
46
338
29
6
117
21
9
12
11
10
28
16
2
6
35
9
0
10
77
17
64
80
25
63
63
232
124
33
1
75
317
71
178
10
88
29
59
15
158
61
146
254
130
25
0
65
72
102
14
12
22
231
212
16
31
44
38
66
239
113
125
42
8
263
130
282
277
1
4
101
28
91
255
175
8
25
30
32
102
83
39
144
4
68
210
103
125
20
1
16
259
36
18
49
17
214
58
8
11
2
24
308
187
1
11
108
128
73
40
93
3
7
9
22
5
80
37
6
118
58
128
3
140
47
0
81
0
26
34
3
34
38
86
36
193
131
87
261
15
10
29
218
140
26
163
238
136
31
25
167
35
43
13
228
4
17
23
47
91
72
35
11
2
49
22
22
176
77
109
46
33
292
85
54
12
62
114
8
7
2
107
6
15
51
16
13
7
7
7
103
51
23
0
243
15
28
1
85
31
6
190
24
14
129
296
139
22
90
24
12
103
215
235
101
192
3
413
18
45
32
156
4
54
31
258
144
39
151
37
3
11
13
444
7
30
314
21
60
351
25
61
10
32
16
28
112
57
188
4
202
160
103
1
32
126
30
43
85
129
16
117
244
127
55
52
196
33
131
10
8
257
30
119
122
103
330
9
230
1
171
49
67
112
0
82
177
93
12
92
34
294
7
347
12
14
11
31
199
6
1
17
46
35
21
170
29
11
47
11
163
15
159
54
347
6
54
18
4
111
1
231
14
32
53
23
26
97
30
148
18
102
170
240
41
4
80
54
14
98
21
14
32
166
141
12
40
43
24
37
8
13
188
129
95
55
132
93
5
12
3
113
18
126
119
299
44
55
72
70
77
104
169
186
6
21
102
48
207
19
118
79
279
76
119
68
12
68
94
20
1
3
2
217
213
166
130
86
48
9
241
46
279
22
8
27
51
4
77
221
265
47
36
69
100
60
5
36
69
57
26
0
0
19
40
2
3
151
27
1
10
75
32
82
23
453
49
34
58
106
161
10
68
14
31
44
297
10
124
87
30
44
18
35
15
7
22
23
141
80
44
7
25
56
26
395
263
15
335
16
148
94
159
226
38
214
48
68
30
25
0
122
130
4
75
8
61
115
26
5
7
0
19
84
185
99
54
103
140
10
3
68
111
10
228
70
3
2
45
93
245
171
44
18
80
6
63
2
83
301
57
2
113
101
49
224
167
11
58
282
180
11
308
8
386
79
217
32
254
2
0
311
57
6
20
91
4
177
10
205
1
107
63
2
123
7
41
94
58
33
205
14
25
30
193
160
141
285
30
37
24
40
10
21
381
11
15
1
146
96
46
139
1
57
87
186
36
57
13
80
48
81
181
45
16
6
8
216
268
14
171
74
54
0
35
62
29
119
168
29
105
54
218
125
35
17
57
98
154
44
101
41
9
21
357
29
88
6
0
15
42
2
31
34
13
103
17
246
13
133
163
29
67
103
16
49
19
6
33
18
5
129
35
13
137
79
43
286
54
9
39
1
117
36
72
354
112
42
21
69
20
9
186
4
9
35
8
186
79
39
45
110
88
162
110
62
137
2
73
298
57
193
0
5
0
33
76
0
224
12
237
37
4
31
9
55
18
87
44
21
17
1
5
52
265
45
78
151
324
68
190
1
112
250
127
20
30
62
4
306
63
135
48
22
240
194
13
17
8
11
35
40
4
394
90
1
69
143
125
136
21
53
6
14
133
1
95
39
2
56
51
190
52
324
321
227
93
3
37
79
13
5
8
57
271
157
6
6
7
23
98
115
64
163
6
15
116
49
256
312
4
275
111
1
60
90
19
41
24
168
73
18
151
48
100
160
3
10
176
178
18
50
6
8
52
72
16
45
4
66
57
6
6
217
78
0
213
96
140
328
161
109
74
28
65
49
142
21
31
95
38
27
14
95
437
6
11
254
2
44
36
52
12
71
29
101
263
65
55
12
239
19
34
300
350
318
360
142
42
30
10
7
8
55
5
83
148
7
160
11
188
317
50
0
194
20
112
23
1
11
13
41
0
55
2
104
7
1
117
13
175
210
11
193
158
115
2
31
80
1
5
116
88
232
34
37
267
45
141
80
35
94
8
118
49
25
161
98
17
6
41
12
19
114
91
117
7
2
1
57
51
127
8
158
1
25
58
47
4
213
41
29
76
22
329
35
1
9
19
309
31
77
8
62
1
121
60
105
26
105
89
87
131
19
2
7
82
152
127
64
8
18
27
380
220
127
167
185
66
118
4
274
30
184
192
15
58
350
182
30
83
49
7
25
61
45
135
46
40
2
103
26
94
18
50
96
142
45
8
331
3
37
75
72
315
9
11
6
14
141
55
45
3
3
161
57
56
16
2
228
18
153
102
196
65
41
88
103
131
1
5
110
67
4
108
0
45
35
77
29
147
40
23
334
62
26
6
2
187
57
28
2
97
237
51
382
245
418
25
96
244
1
39
60
2
129
3
415
60
22
328
103
45
40
0
14
93
25
143
73
19
88
51
42
31
4
203
349
79
254
5
96
63
30
125
168
6
26
4
168
125
43
10
206
0
160
64
115
219
44
276
95
7
133
24
42
104
225
14
195
21
33
40
4
151
298
119
138
135
51
4
151
171
3
83
36
0
69
70
204
216
45
11
82
31
65
129
131
2
24
211
245
36
101
16
294
7
54
55
46
1
16
11
48
20
6
110
14
298
42
47
1
128
3
336
39
7
4
239
1
0
3
66
128
6
19
201
24
23
131
45
7
70
5
61
76
47
15
2
10
12
111
57
34
78
121
209
37
53
12
121
35
7
125
59
232
51
143
104
164
17
35
69
41
49
30
36
80
122
69
47
36
26
81
45
84
3
8
190
312
22
53
8
89
33
180
112
7
8
19
57
33
138
237
3
2
10
30
102
15
56
97
166
149
16
75
10
196
171
0
74
9
194
123
336
8
44
176
7
302
121
3
1
9
130
94
24
95
79
92
27
176
39
41
207
66
268
221
73
5
11
23
140
9
206
14
24
20
10
299
197
275
10
86
73
149
67
262
15
109
92
79
9
39
22
8
10
6
50
301
50
29
49
49
25
7
10
99
333
46
21
266
19
13
44
79
86
88
21
30
68
34
75
294
51
187
17
0
66
121
14
48
156
33
