27
282
9
83
230
49
31
27
18
146
89
67
164
146
25
5
57
23
9
22
282
126
169
58
100
30
6
84
58
97
135
33
6
67
102
54
32
5
74
1
64
38
318
14
97
118
97
1
155
78
20
119
42
146
52
18
28
81
16
21
83
342
36
23
5
5
66
70
17
49
301
172
225
59
30
130
111
1
4
6
254
172
75
118
189
100
0
18
47
146
68
192
31
147
152
124
10
17
3
11
83
5
154
86
1
71
278
96
9
37
4
10
48
110
63
47
347
16
205
43
8
174
54
40
27
17
337
40
217
57
3
217
43
117
179
236
13
267
184
124
32
3
36
133
35
24
4
61
12
145
32
22
115
30
110
12
220
72
16
12
44
102
5
28
111
136
89
57
154
41
131
172
5
37
126
27
18
112
8
35
134
81
10
63
195
21
46
0
104
493
13
107
13
124
17
1
195
25
99
134
122
53
210
93
253
127
13
78
34
136
9
6
3
28
45
1
115
224
121
2
197
65
160
44
171
256
17
226
201
229
206
143
85
138
5
43
33
13
189
33
53
20
73
35
268
53
64
101
65
175
26
7
9
33
15
140
62
1
91
25
40
0
45
88
296
54
70
99
278
121
54
483
25
72
165
237
181
23
31
1
0
16
28
53
45
4
139
4
38
69
49
122
7
60
33
0
16
10
114
43
130
66
8
23
13
6
6
32
3
63
64
96
17
53
6
206
88
12
31
132
263
338
24
18
16
19
186
20
11
181
34
126
150
20
139
377
137
48
314
38
151
7
1
12
179
174
205
13
322
166
12
205
102
185
38
31
173
5
173
130
21
137
51
192
34
31
210
3
69
343
76
63
50
221
9
17
29
3
74
21
34
22
3
37
82
134
1
4
27
5
210
87
147
386
73
3
10
364
81
12
74
4
97
147
243
43
121
183
48
38
6
191
102
135
4
48
141
56
59
35
38
4
4
6
6
105
117
174
154
80
35
192
193
64
28
56
6
178
181
18
5
0
221
48
11
6
19
11
52
47
57
5
82
199
43
70
12
139
134
239
53
111
16
122
2
33
14
0
69
8
211
6
55
365
174
82
1
150
42
41
169
10
37
59
65
103
46
7
25
40
7
197
316
39
77
306
36
27
227
33
99
23
76
8
10
7
30
6
37
56
35
2
38
196
72
229
1
26
69
27
201
25
14
286
134
28
0
63
95
89
10
60
38
69
40
108
20
5
79
24
21
85
25
11
102
0
70
5
206
18
388
21
50
34
67
13
2
281
28
284
100
54
60
9
42
15
3
2
3
212
261
91
228
1
374
7
109
13
128
79
48
2
150
18
147
7
27
105
19
94
67
237
45
8
32
198
48
165
237
110
155
422
122
269
38
29
33
118
42
14
2
20
63
249
94
61
128
38
17
102
23
140
5
85
184
119
324
0
6
357
68
70
40
77
168
22
2
86
50
25
99
113
119
28
204
61
156
138
1
183
1
100
19
66
12
6
69
10
210
53
63
3
1
108
5
36
203
30
118
2
256
86
235
97
107
106
119
50
161
2
34
1
199
39
12
0
4
101
195
5
303
153
217
30
13
112
260
167
10
61
27
18
14
41
51
116
335
98
7
47
40
64
14
24
41
67
40
233
8
8
30
85
8
9
86
213
7
161
19
17
6
59
193
45
53
132
3
315
110
29
18
182
3
57
185
106
23
103
42
30
21
105
2
105
265
12
22
104
1
9
13
21
37
7
142
38
132
8
109
1
13
32
86
7
1
172
22
14
178
19
220
13
9
128
8
3
75
2
4
65
157
56
54
27
6
89
56
37
44
57
128
59
10
12
5
35
34
5
0
23
1
85
150
97
99
254
126
58
2
148
54
21
351
16
160
108
167
30
7
0
185
205
141
66
2
29
107
28
52
41
133
12
72
2
4
55
39
0
16
32
188
273
74
72
196
21
34
27
1
11
353
55
123
1
0
61
65
20
148
426
48
19
1
80
126
86
148
112
134
180
52
141
5
27
21
17
59
117
35
7
31
23
2
8
4
231
40
161
69
76
252
54
78
39
56
107
30
1
73
111
143
126
9
37
20
28
8
7
104
4
241
25
11
83
52
61
37
4
166
197
5
2
114
228
68
134
241
13
84
24
96
133
244
45
56
191
126
6
14
73
1
34
11
11
2
73
23
91
50
272
17
221
41
87
301
25
85
15
322
120
296
59
118
153
119
75
4
19
115
26
5
364
188
5
52
133
113
80
297
71
248
9
208
44
70
26
389
104
186
4
22
64
38
7
6
262
7
22
100
2
54
220
268
117
160
11
3
4
153
239
300
2
71
48
54
16
75
37
73
139
43
5
89
18
28
61
5
7
41
243
189
205
73
69
101
1
185
106
251
259
62
17
92
27
15
12
224
8
84
18
38
3
328
9
301
196
24
12
54
130
311
41
23
24
249
50
24
1
19
4
71
13
129
27
25
115
58
18
179
138
68
236
28
1
155
128
48
20
50
32
140
282
3
44
54
24
279
23
329
195
5
1
8
212
149
6
132
60
45
70
245
2
48
163
13
13
39
230
38
60
100
35
3
76
31
25
9
72
191
228
24
41
159
17
139
3
66
14
1
179
78
222
87
1
34
42
88
36
17
189
31
13
36
92
33
118
54
33
55
7
6
270
8
135
139
125
25
4
6
74
59
14
52
8
30
11
117
171
13
132
211
0
70
2
140
52
69
83
20
31
173
25
7
99
339
223
75
1
72
14
126
183
12
145
39
27
83
29
151
97
20
112
189
152
53
38
28
0
17
58
115
31
146
8
136
343
30
46
71
76
3
24
152
8
294
48
32
0
132
249
104
87
446
42
4
9
217
14
173
73
178
71
117
24
94
22
95
171
153
1
81
40
116
231
30
11
174
106
88
2
5
33
170
9
8
128
15
201
7
4
27
337
120
147
23
50
57
129
404
43
6
228
22
30
67
147
185
130
26
185
346
56
172
5
333
256
24
97
3
2
42
127
35
129
27
37
64
36
116
34
16
178
111
12
19
117
2
91
2
35
250
44
164
53
105
75
265
36
101
169
6
20
9
7
193
82
19
66
230
197
52
147
91
131
142
97
44
64
8
128
3
47
56
93
8
66
2
110
425
17
171
60
105
248
334
16
15
4
191
126
276
135
119
46
276
415
7
49
22
95
245
14
366
92
82
60
4
193
2
14
3
81
107
459
323
29
36
30
182
47
353
16
47
100
3
2
5
16
92
117
97
56
247
64
156
310
6
115
312
102
13
125
27
6
82
8
199
104
56
92
0
94
21
26
66
318
215
7
13
3
47
46
159
8
225
177
101
9
31
263
16
9
108
43
47
200
2
164
183
128
91
138
49
80
10
23
16
17
266
33
4
2
112
258
253
75
161
95
231
22
31
54
36
365
104
289
238
72
224
24
16
22
20
396
19
37
63
267
21
0
152
93
195
3
13
12
295
26
34
2
12
135
254
2
60
170
64
33
208
72
42
63
10
25
7
47
4
76
1
96
67
9
75
54
6
100
177
87
1
6
2
5
84
90
49
3
103
321
65
37
51
127
24
14
75
9
202
50
18
18
125
224
100
122
96
60
145
2
84
216
121
179
279
41
212
8
304
42
30
2
35
30
25
30
81
66
64
310
33
379
83
391
54
152
122
48
5
102
0
122
122
375
156
65
139
94
53
20
59
36
80
50
25
184
67
155
55
154
76
0
47
14
24
104
2
8
4
86
86
219
93
169
74
0
75
55
90
12
114
409
75
4
72
247
354
10
181
81
4
34
42
93
38
2
111
85
13
265
10
105
102
319
190
44
67
320
49
64
166
367
9
65
25
24
32
65
14
8
44
156
125
0
0
6
29
48
50
435
3
224
67
16
18
14
3
49
47
104
149
2
57
404
33
18
37
12
186
158
2
126
176
181
206
1
14
93
21
51
22
228
27
6
59
193
10
8
14
74
32
20
191
103
6
17
253
1
2
319
157
64
4
1
24
20
13
89
6
170
89
70
27
247
66
116
86
117
309
66
67
2
201
92
11
31
15
213
18
10
4
2
185
43
8
25
174
1
171
0
89
38
127
171
38
64
76
104
11
16
104
82
280
2
42
109
1
2
56
119
192
1
151
3
11
39
238
209
30
2
54
2
151
29
49
238
224
64
5
13
7
25
136
4
63
51
15
68
6
45
15
18
62
30
21
103
9
88
195
68
29
1
115
29
133
74
18
28
24
185
47
153
1
99
29
43
11
458
86
104
4
46
14
133
3
44
48
33
25
2
13
6
9
104
16
150
38
34
31
34
19
36
12
21
2
2
176
62
12
23
260
53
34
151
8
251
141
134
79
60
45
29
166
12
106
3
19
9
40
30
412
50
11
44
1
27
9
13
139
44
50
22
191
8
20
156
63
30
6
100
31
4
54
298
158
426
36
5
113
51
8
95
24
21
1
5
151
0
266
39
1
147
5
5
387
135
52
30
399
69
210
45
146
25
164
22
413
138
37
55
29
0
344
137
120
70
238
18
94
40
129
97
