96
29
10
0
53
9
37
11
34
24
190
8
5
149
61
44
161
98
37
41
101
18
331
1
50
0
168
2
147
4
130
167
4
26
90
135
38
287
130
41
107
7
1
20
14
10
57
15
51
106
74
257
53
93
60
22
28
11
218
17
20
9
139
235
136
181
64
3
106
21
50
62
28
3
53
29
235
24
96
22
40
225
9
197
227
5
46
101
29
13
13
66
4
94
78
45
79
23
8
11
18
23
22
261
12
105
117
338
19
229
217
229
35
67
7
131
25
181
114
82
3
92
23
11
103
345
5
47
11
27
57
94
5
98
118
111
6
150
34
295
4
11
7
82
162
2
20
240
18
5
38
19
124
33
29
3
5
65
9
62
0
16
120
132
55
23
196
156
155
35
49
49
52
167
50
25
23
321
69
287
213
57
4
3
135
11
9
2
31
212
256
31
57
127
6
12
29
51
187
331
82
2
419
28
106
6
92
99
136
9
52
177
177
213
90
224
22
7
2
380
21
337
83
27
6
39
26
71
30
9
40
217
179
163
85
30
14
88
75
122
8
19
68
75
24
89
264
35
37
4
267
78
54
3
120
19
10
61
128
193
1
139
33
165
0
66
216
77
156
28
83
211
116
9
3
51
147
56
88
59
100
46
37
37
37
255
3
40
12
20
50
112
91
10
237
102
31
109
4
47
137
71
162
32
150
120
78
159
150
2
56
426
34
19
7
62
7
12
2
14
68
10
47
0
311
45
29
253
3
132
1
37
37
74
155
108
347
1
95
62
99
256
201
114
122
317
219
58
4
22
28
109
31
16
141
107
53
5
16
33
11
5
20
214
117
8
237
14
56
51
1
338
56
327
45
65
5
60
3
39
258
7
268
122
20
5
22
71
83
291
47
102
303
31
15
77
28
184
25
216
49
4
272
124
14
2
49
19
46
295
36
236
129
3
171
51
79
5
17
54
66
68
104
85
60
41
136
1
101
18
350
1
13
143
313
70
13
92
81
3
78
75
7
1
149
70
8
8
58
11
0
3
20
6
157
96
118
30
136
45
142
28
189
274
7
99
36
4
24
28
57
201
25
5
154
70
51
94
46
50
155
111
6
2
9
35
148
10
226
24
147
75
1
19
41
1
224
105
18
341
184
5
109
16
1
14
6
159
134
7
280
4
158
70
82
15
18
9
2
34
36
0
1
139
36
56
31
16
30
149
78
41
11
13
240
10
207
8
129
130
37
73
32
38
64
21
57
43
6
159
336
91
57
66
294
26
12
6
257
100
12
7
132
74
207
34
2
3
37
132
63
16
0
26
133
180
123
133
2
45
7
13
86
13
109
261
0
23
256
9
163
306
147
204
15
175
2
392
80
126
2
41
42
134
2
24
131
6
41
71
72
285
7
259
375
58
32
121
22
23
45
3
37
74
8
7
239
89
16
47
68
20
122
281
35
1
164
21
95
1
2
68
77
125
20
68
134
48
58
246
4
1
99
280
60
2
26
159
9
23
61
25
143
232
270
3
189
19
169
247
306
221
76
68
6
184
125
55
17
49
113
11
6
87
2
3
152
72
5
10
27
10
53
381
45
268
64
403
22
27
78
9
131
51
24
1
35
26
21
75
50
5
106
203
49
13
164
8
11
21
49
68
106
1
87
5
31
292
240
337
56
46
47
20
43
6
44
117
111
79
5
162
19
227
3
125
266
12
165
82
41
64
57
113
216
13
10
81
84
58
11
222
68
37
6
37
63
59
0
81
61
36
60
43
55
67
44
83
27
54
44
49
3
3
162
12
17
132
20
49
51
1
44
74
40
128
206
11
283
187
2
22
1
85
66
59
11
101
3
9
53
8
39
1
71
83
304
85
3
30
4
20
84
13
30
70
130
36
217
45
38
125
183
12
7
23
248
37
2
265
107
34
348
49
46
256
21
35
77
201
163
10
288
54
52
418
7
24
27
3
22
0
17
1
5
96
14
36
105
9
1
84
28
43
138
39
54
6
1
2
3
221
5
457
76
112
61
51
2
3
142
176
6
55
42
234
255
12
32
124
290
15
30
72
24
42
333
26
201
87
5
27
8
31
42
228
15
25
218
9
23
216
116
30
244
28
1
141
125
13
86
3
16
226
5
16
11
32
2
274
102
56
35
146
12
24
133
222
124
1
4
43
35
19
10
13
92
52
7
164
278
91
16
160
46
45
30
2
104
38
144
114
61
228
21
53
335
48
2
67
60
46
24
4
111
17
48
37
134
15
66
46
38
63
166
53
65
112
318
21
133
60
3
3
254
63
308
101
232
121
66
42
50
79
3
8
27
16
74
74
217
58
12
70
285
40
1
67
80
248
32
160
103
214
103
39
2
67
1
1
400
33
96
23
97
204
10
6
14
2
45
0
12
68
18
153
5
35
25
80
3
10
3
27
70
27
2
66
89
17
119
73
4
42
43
316
35
68
27
238
9
12
23
26
27
168
142
8
16
1
16
2
161
82
13
35
139
126
23
286
130
26
231
36
173
62
118
175
287
4
83
0
59
98
66
271
68
290
230
5
101
95
80
1
21
38
0
20
8
54
357
179
4
308
275
140
69
269
62
408
5
3
353
37
58
199
218
5
7
41
230
18
209
20
110
0
175
153
0
26
7
5
95
20
11
6
13
14
65
401
13
6
32
2
10
3
8
219
119
182
240
109
23
20
296
198
64
143
322
62
16
154
3
14
87
151
246
12
8
19
11
423
50
24
147
179
1
75
4
20
10
121
7
238
209
27
229
192
98
118
15
57
133
14
23
2
203
343
192
287
137
0
14
1
42
24
10
23
43
77
16
154
184
280
2
120
206
66
104
71
38
95
43
4
22
22
87
95
78
56
143
106
59
13
66
202
83
108
48
71
73
34
100
60
69
275
75
36
3
210
85
53
81
208
148
26
448
365
4
50
176
73
39
52
3
39
0
76
300
1
168
2
3
53
278
12
71
15
70
1
250
60
104
11
2
48
6
70
42
128
55
11
156
31
47
1
42
303
42
286
27
65
188
76
154
67
11
56
21
98
233
141
41
3
77
131
178
24
74
3
27
131
24
37
6
33
7
173
12
65
11
15
154
41
67
7
118
89
12
139
108
98
155
253
2
21
348
176
77
116
213
33
359
5
45
179
49
10
178
110
25
48
13
18
9
100
1
151
115
360
215
12
2
22
77
37
20
83
48
66
10
137
10
193
197
1
13
6
37
2
135
62
31
116
33
70
89
121
181
155
77
61
18
124
16
238
2
44
1
5
158
14
57
16
39
18
2
4
55
24
174
101
74
5
227
31
20
2
37
189
16
21
71
13
45
67
95
90
180
21
208
4
91
2
108
27
27
121
54
72
37
64
161
9
40
2
154
91
5
229
145
70
42
208
87
97
53
54
16
157
166
6
4
15
7
31
22
128
24
343
3
82
3
39
64
151
22
52
95
14
5
44
14
40
3
65
5
253
62
24
12
188
359
117
294
7
46
250
56
223
5
29
31
49
17
24
321
74
5
46
26
7
55
16
18
40
47
26
15
112
284
50
83
19
12
180
33
129
287
89
500
241
2
68
98
186
209
46
2
7
133
34
48
155
100
337
12
82
271
142
37
20
58
22
118
236
190
229
74
45
38
12
18
6
104
25
56
29
3
155
81
122
34
111
226
229
24
161
23
31
87
167
31
76
132
25
60
109
240
31
8
121
116
226
101
182
36
4
53
18
37
34
108
186
65
78
36
14
15
218
1
2
88
3
287
22
174
12
28
115
17
95
378
175
10
28
110
4
99
24
3
113
285
3
2
165
20
140
11
109
59
1
52
1
27
114
14
24
89
48
70
237
2
16
62
274
39
157
19
18
12
19
37
8
374
71
261
64
73
35
189
351
35
161
70
162
1
1
0
33
57
115
12
80
134
37
147
19
3
325
6
128
107
9
93
30
169
40
3
7
340
21
243
169
96
92
36
12
261
5
74
59
98
52
127
283
2
222
120
19
57
46
42
14
2
54
73
21
333
139
35
399
22
48
12
23
215
12
3
258
7
5
4
109
43
188
83
15
6
103
3
31
51
127
149
169
47
113
26
102
11
351
29
108
40
17
38
27
9
14
108
102
15
89
8
165
37
46
1
15
16
3
4
37
29
34
7
317
132
22
107
9
60
2
27
1
1
3
62
293
36
111
57
2
91
157
61
2
83
43
43
94
83
71
118
195
7
90
5
107
13
283
13
7
7
25
23
112
164
53
53
10
2
57
354
30
110
198
101
217
24
128
26
56
51
47
21
35
57
154
199
79
252
14
4
9
57
36
152
42
22
87
16
27
129
36
25
50
343
61
94
47
101
89
14
327
101
69
4
100
6
108
39
17
6
94
8
37
119
30
70
79
20
15
268
9
13
35
19
307
4
151
132
127
25
24
99
343
25
5
0
98
4
0
109
33
9
194
25
173
2
71
4
57
52
179
6
19
161
11
23
67
8
107
191
255
18
198
5
86
217
207
176
51
113
6
103
105
142
20
45
184
57
279
20
12
64
28
25
10
