41818
64405
41759
53006
50021
52294
42683
38232
41355
46399
49669
55553
82859
46097
34037
40899
49522
37658
59084
56042
40930
61094
43811
46044
63067
58466
45559
61884
44121
37980
54115
37832
54467
70433
40802
54985
35853
66675
36827
62954
35610
38677
52124
55776
59641
46073
38976
65735
26419
41583
60369
42904
53223
51842
43279
40176
69205
39700
73083
48017
33977
45098
41135
57432
54392
20959
61716
48484
54910
61837
64916
40047
46514
42568
50760
54316
52451
66015
37077
46787
39937
39814
33945
43846
62842
72565
58619
46418
44422
41562
67773
63687
53192
57231
41769
41008
34516
52680
32281
65214
