9221118
13251307
8517428
1245782
3249629
11236532
14324641
7725181
13627541
14325191
306673
7555001
17070767
8046547
13658889
9113086
18574676
2932817
14683138
8804415
4855144
16530151
19076867
3016954
18888015
18418071
11322850
3483702
15748770
9884234
17053405
17945645
7719832
16514695
7481864
15587884
3244464
3915370
13031040
10417483
663623
5286296
14615897
18808046
17836567
7321462
9108197
6287110
3292271
11490161
9490888
83720
16573627
17548948
1203679
14548025
9211039
15557367
8299525
17147149
13185344
12270851
4831364
8963383
12241063
3261006
6331471
19093713
13443552
16241263
426307
1509683
9055388
17002694
1235755
5825817
3606638
4100710
6993279
12746702
9125038
8872491
2897458
10845870
18477764
10202797
11544799
11156281
10144064
13462971
5711483
4673939
8036487
10259928
12707038
10338041
7035925
7566586
10724080
3304183
1680838
18619101
5327799
1761521
13772440
10069901
17475099
13565642
2060578
5306248
5941982
17766833
12812829
17877368
6125808
8051638
3150050
13630044
17494291
15319106
9801427
8462659
16058135
5024983
6078645
1832040
11881682
18649195
5752587
11064160
6278601
7713485
6598649
15748435
4430012
11278129
15596669
16761869
9326779
18550144
9903542
5439467
5925310
4937813
7472711
829599
432772
11932753
19061420
1795145
4678776
4054560
19009898
7271003
3514241
15258240
5154076
13778057
4536118
4810101
16579865
4208538
2962219
2627760
2229659
2300270
10555106
5932375
15398105
18134382
8769263
19037757
18297643
11036773
15441186
10195883
3762899
1733152
14526959
17332990
8613759
11866260
5789683
17192332
2468801
6697092
5399557
18060578
7543908
17386493
851119
14720417
11228145
1453272
14660473
14897851
8228322
10832845
8780713
13642275
2784192
7533662
915172
10784157
11804366
12448250
10177781
7056370
6736130
14655927
4173286
1702985
12731271
8473909
3139977
1641849
3569891
18344918
14513616
2581281
17886493
18049099
18793722
2989351
14552484
15239359
5989681
1220178
14307635
7571694
4632075
5583586
8326300
12069436
7976750
6165639
10997935
4245796
4346099
10625892
7232096
11911654
3045610
3403712
13633179
356996
17230099
12197912
6540558
15786601
9520994
5744977
15311384
1462790
2092698
18500556
19246516
14742258
541442
12747705
16278676
14172604
14160695
13964331
12036012
12563561
6363304
903752
1626339
18295932
16389078
13405755
11368587
10214045
3800492
5219414
8407693
16192683
10412444
10383550
7551719
11725631
17548765
12983191
25601
4611231
9771551
11934688
3774785
15099850
8814796
12184880
18339119
11330723
16238786
15623453
14173973
5967209
12371406
11869382
700758
9592387
17914670
14620616
149676
7585307
10712274
5527796
18593856
5257211
5403954
2322007
10932115
12904900
398565
2643756
17880951
5392924
12927314
14347013
1601041
11600568
9116174
1085447
11859217
5749961
10815564
12342866
15517815
14346046
12868005
16876916
9941835
343164
18803490
8262470
17761320
10120501
13673510
5094311
2264566
18700577
17649511
3976625
15237909
5740332
13680195
7376162
11623327
582407
9347724
3194775
751932
13013828
12862812
12609697
5751150
15972236
16543440
8491420
10979216
11596797
238075
9463286
12820478
3205154
5141453
13063212
16980135
10972767
6871008
18337961
10292600
19220244
9369871
12351956
1384463
18423431
13658014
16297533
8724052
13408521
2612718
5063396
5413748
19012794
407899
13746237
4571766
14760129
17326359
10119928
10911766
13232946
4297647
6862681
9496002
12531283
17590461
2508980
444423
9420635
10875275
2126867
492559
18853469
1874389
2525953
829943
17477381
6821951
7465335
6223036
12996809
13110776
9220913
15837743
8701484
10055468
13897354
824571
14731907
1850593
4043463
17704560
13153056
514373
8282271
15033722
18971372
5906669
182153
7103247
8428170
14543544
5106450
15575524
16427231
9740739
2260175
15257772
8900378
6195138
5813411
4419169
17412734
3587940
582330
1427396
4029136
7911544
13549163
10165168
8714642
9842323
8654174
8987332
11163502
13654152
4821358
13395097
2408325
18994497
2662851
15864504
8251319
16267556
13161654
1769618
18812575
223292
7224522
12441506
5382045
10857317
8222653
19066904
9976968
18912972
18858336
8060349
384823
15919787
11354428
12782986
18239562
14875988
13906635
8839237
6457057
13165383
13275090
3324573
7100207
10337711
9076198
9674921
13886711
16029599
9135514
14940705
1541644
14265025
16969186
16523139
5760376
8494660
10659982
2983259
1399887
10515726
1060169
14518767
13981130
7271260
5019421
846310
1372601
10176020
6481984
12920810
1333745
9200692
12772941
330170
5775909
9199536
4544575
7083401
6896952
5751158
10503973
6098941
10711501
13100730
5419159
17356054
8073087
4856935
14089902
2019434
18100837
13465024
14991347
13466288
12853493
10873817
6769567
6681569
6614873
16472404
16046477
17521932
7096177
616021
4348284
18018257
12321164
13778838
10146116
10217713
18866291
7640998
15729125
3436010
3140866
19101909
9718101
17446480
12002273
2383481
8485945
7568552
686238
14620773
3269288
10474695
8623696
13377519
8950656
15308860
4810642
15798575
14590650
1425258
3068830
15239871
5868514
10593644
17410341
9444665
12492797
16596753
5462091
9294772
6167603
10208596
15695521
887715
5556430
1377418
11336644
882096
7124100
1622991
14515041
10589649
5651839
10556433
751942
17472364
14619237
3124255
16367538
1324113
10680224
4343776
16505509
19114809
16828085
635702
15466591
7045330
1153480
5865592
8772467
9672177
14025811
10919947
10562335
7919030
10137793
15870930
10383145
10580028
8234292
15167303
8893795
225062
4971328
8559948
8728630
7153340
16375004
9302657
2761908
13701441
5511346
865741
10512310
2224959
14804204
14625761
5123623
10214915
5038066
16994010
11438424
3328663
13590658
11149903
2521428
13898446
4590679
6652490
6069143
16107121
14926363
305839
16650280
14213470
13418497
13119492
18544213
16775994
10200695
3926804
6589336
7714947
14705912
16938618
16790582
4044450
8826145
19237965
12348228
4600746
132714
12448352
867768
4193721
10197224
2884632
3935748
18510604
2465719
8947902
13648601
7910562
16774900
4540343
16192527
2726208
12044960
3955003
9072855
420538
15583794
10247223
11895484
7353867
18864550
13394033
591515
14825255
3291010
12660812
8111866
9555365
14051615
5126568
17117905
18264387
1811915
4235964
6606553
16209146
6704503
8596117
18546302
10410127
15325594
2904858
12200344
17714541
18905601
13349512
9859218
17624853
12042953
10600404
17070065
5846536
7539895
2442228
365404
372811
16881584
12381170
15953278
14358793
1191873
16798689
17260604
8025181
9646446
7563515
2890732
7242805
18232793
16536074
7833438
2974433
14610464
18895497
11418340
2977616
8987160
17749040
2095942
6123666
13098760
847688
14282113
4348035
10235391
14894242
19054128
15782852
17892676
3776207
2125888
19111343
16559905
4087081
10331202
17706089
3630739
781457
16165625
1809815
15244442
19098964
3262348
18584941
16681046
5749942
17000498
9797096
5718249
1301776
1685005
7234281
15769036
16989981
4893636
16324702
8668870
13219348
7764900
3103826
13544761
17627257
13301967
17196583
180419
1801206
10562785
12068371
12239483
16927827
7326949
14384692
7601582
13532595
115011
616851
9757864
18450964
2944092
16247364
7970545
17864216
969883
17540143
4392035
16816235
13298322
8069440
12863162
5432415
14813195
7928535
14383296
17521571
2412276
8829856
15618960
3039731
5964002
1797421
13143997
7842236
8424992
13657809
10613617
14658030
8949916
3663860
12842658
1418818
16272106
11353816
18093157
5687221
5455270
4510839
4073174
7414563
17956784
3235290
