17309106
8082122
14722121
12162406
14676315
13831739
16939951
1595856
16654951
16238210
11255457
13363996
13299279
11101123
11936858
8111367
5322224
3803341
11751481
713974
920584
16626088
19124352
10015845
9802887
2806295
11884266
4172385
3247503
6684318
15777019
10396272
9864981
9855463
7631716
7518034
13862791
10391906
8090424
15412602
14245994
16752103
37355
6777777
8785671
15266645
4167084
7338319
14019041
14368245
15360735
9681467
2692693
16827382
4974866
15739511
137668
13097157
9888392
9890892
18723450
9886615
15599790
18014188
7308676
16017167
8920022
1803790
12183924
7872538
17285940
2808305
250383
18591548
16128336
8909115
12119732
5029326
12475515
13542980
10095037
8336598
7823064
11039974
12950863
16389275
13296576
10659294
16358340
10089814
10428952
12957940
17143495
8691651
4893899
12558078
14494970
4207144
5453283
10286069
16622522
13507471
5834956
7028591
13776627
4487114
2772902
17697534
5358034
5652087
17461668
2083596
16722878
7017643
7122994
8843840
16320638
14004311
3305874
12420426
118042
14537275
2085052
11734979
10329767
16105004
11778807
8408580
18486121
18209481
13455925
7200942
12386116
17380005
16211542
11841036
6853355
1601320
11369892
7021214
5333826
17517630
4043946
1999919
6869648
8955624
7408554
17360875
4805616
10739955
4514070
7014680
8663956
12537344
14892382
10808693
18426660
4246419
18355018
8908842
2389246
2152360
2178824
3637007
1756222
13898016
16886441
16470309
170739
1423965
8990005
13169638
9656067
15748648
1689940
7932164
5615827
10964737
13061110
13675337
2303775
15703239
15414905
11362198
125417
16476439
5523029
8505316
14748017
13870338
11087587
15218177
12000890
14890060
8202456
15830535
18790029
11885846
3022906
12091354
16195339
7097578
7163562
1559548
6134736
13667166
1218775
15880605
16844971
14117325
10424781
15148623
2497217
10951835
12996378
12507325
14562868
295104
2097214
15693997
4030061
14872101
4904055
11173492
15193567
1155127
11266971
4552248
12590514
2223854
330387
16559560
1265938
15139398
7476407
8830959
9643869
903147
18827539
12139957
12055866
8618129
14472805
4107486
15847900
2525614
5275026
12563465
17610476
12541664
16108245
13470687
14725332
2486359
1238710
10123544
5167606
9211207
17773742
1573663
14108945
15086944
1642333
9592278
15700533
18257139
18668335
10279486
11653097
39408
1626985
13610967
16066301
13213757
2689793
6353920
3442038
9931303
14027397
18825054
7710131
5031917
17001869
14307728
8366853
8978486
11084601
4175445
11517078
12300384
6066181
1906284
16932203
1784127
7370651
14581710
18678848
6101993
4482163
15722291
4632016
8039422
13019571
10730446
6156298
2185543
12926230
3333732
3380803
980953
5744346
10846150
246719
7490306
809552
11137133
17905705
425560
11580840
10025283
15562779
17808459
1199375
10850859
5232050
4501713
3596974
649658
15010960
3614441
278808
17998219
11496559
8471180
9481592
17053761
14297520
713282
12628500
11244734
10378781
14847570
13896387
9752910
19173957
18800025
8917869
5980469
11285765
6849912
12885897
4421551
17608231
4196777
78595
1509747
2246187
17899517
5452486
13756614
166436
5508886
18357157
15332503
8472834
10068044
6748822
10945632
3230380
11208206
10244592
6898749
17757030
12146268
6438823
18022566
11724454
6354705
4528734
16221529
1579990
10425402
9274007
1225420
10176140
10455557
19125471
13825389
6501028
11987750
6256184
2852421
2404963
13349286
5347147
2564480
8007953
6795951
663939
9573922
10357046
8400926
17498284
12928110
8251496
2937920
13829494
14942399
17218763
2328951
6368420
10089744
8716681
8481441
15304799
3688049
16557488
4305663
16804437
3386065
15990209
10933637
654490
18976222
5312673
2144577
11670522
2599880
19107332
4083904
9239527
5796728
1944809
13678055
17310442
11185649
9933389
9076489
4929460
15779922
15800228
14937371
12409441
6317591
13597199
8596717
10798603
6249286
16595270
7815722
18229168
4480463
4735551
158253
6290760
3874685
7738620
16129898
14344046
15608413
6808644
18179858
15790142
10603564
11556862
18269818
9368595
12363505
155255
9783831
8247199
7841301
6287340
1578441
14328675
7989377
1756929
1764025
10737481
7346992
4519992
9625137
16836910
12508180
11576970
4466561
1895452
622068
17475933
4129853
13950302
11006281
2499751
6025442
12838494
16500754
17123790
15132121
17598941
15109105
991923
7484314
1253371
13443335
15686169
14447604
13817778
1606715
15887684
980233
17151313
17158278
2986317
17464599
1125024
3530802
14150665
6997210
6101445
16274291
8640992
14088729
2799363
16153049
15483702
283070
9769904
15852382
2092286
5344481
15208512
7201190
6974804
5803684
13247484
11029658
4409498
18096212
8116800
17800213
9207640
16586127
8660116
17180647
12718843
16953167
8417061
7282603
7803738
5400358
5048679
6108908
9941682
15913879
3828229
12700139
13270061
18360185
15139462
14351901
15457963
6299199
18055040
12568099
8123452
2165451
15016148
9303658
6027631
10334967
3013475
16727308
14780039
16257368
14099307
2118390
6748969
12848555
12664465
1492242
5001207
17962586
4952660
13275470
3984024
1449646
8122715
8576182
17469613
13773315
10043260
4628350
15329432
10562789
2854475
18280751
10864919
2986547
4138371
13337228
16169611
12774708
12072976
17096416
3530130
17270054
17271303
11085665
10408133
14614054
15395322
5826372
7314647
6361204
5526280
491891
13987690
15153784
14939220
15595875
412114
18557760
4749204
15592072
5994156
17138228
12306837
16405211
19019859
11393199
19033100
16204959
12146114
8843064
13659113
13038249
10928864
1138453
2612140
3500654
16553491
4713970
16087154
571861
106849
15669347
13445375
8912248
827521
12930707
14110513
12749679
13566045
19202025
15251232
9963279
42546
15990670
9259467
6001945
18858209
18931993
13306170
7023801
12283655
4717257
11083655
404649
6169185
4726534
17469205
9112323
1862585
9148006
13929110
8725271
5965360
1784965
2518219
8447393
18134143
9118056
1994796
8833504
11965081
17231282
7435762
3863618
15338534
6656219
10531607
19194549
12733258
6663974
7237029
3801502
14639305
6715347
15479166
4752364
18594139
3291486
4232411
798993
9479409
9738259
14166605
11822854
16785027
14935771
16365525
10122374
12776015
11712703
11111111
14246967
5202260
7655573
11878588
10489
8565914
471227
1922054
7454322
9289947
15802316
17675843
10496960
3079708
16037224
4493614
5182722
12055435
14555890
7417686
6188343
14331128
15076536
16924352
18820444
5907205
5896856
18781235
14978116
14985624
10753154
2707781
7643272
8949354
11330749
16369716
8538086
1482857
309167
16834584
13306811
9478847
9492351
18357889
7777568
3242898
8351501
11901176
11410636
18255047
13027354
8474571
5280950
9851641
16024217
4693530
15696731
717367
3031095
12996757
2061371
7882187
9547181
14842888
17899826
6195484
1987439
3215138
1793366
16591032
18519700
12121874
6667009
17446495
10809161
14927841
16929579
2914691
5498769
15169380
3141757
7630360
13874659
11136963
6941303
9897280
1271659
11972936
5443898
15199446
17585275
82899
5426428
12002657
17261344
4284018
6982250
12640486
14722888
10933915
16693400
8974520
14811346
11634977
6136795
2035106
10815556
5532913
9415839
84279
15653612
5843311
14055247
16023339
804782
6591758
5678699
7942436
18126196
9599691
15780561
2673174
3000357
7360390
3036234
8732415
13304569
5377891
2692235
15663239
6429959
10237235
15995865
15936219
14325239
14093746
17804399
1710592
5757905
16732989
2689907
12845039
2595653
17841150
3734183
17912907
15606476
1783892
11440727
3245491
5368666
1400698
8714335
5787635
14615112
230020
6147332
13247
3646418
8095661
16768491
7955269
15900832
4752033
13807578
790040
4272066
6049459
13098408
680385
14362185
6117753
17043448
17715256
4859850
4945994
9624375
14545140
3454010
18502676
8134736
747673
13554101
3644072
3044611
2163545
10923600
11189132
10400654
473210
18833043
8725155
2349036
17970619
13636078
1841974
14732850
1400834
19187181
3691622
9964655
12373318
17424982
10434441
12196706
12517476
1651071
5394875
988090
13311009
15794585
791512
365238
4363135
15335726
1216957
18509472
17382236
9798832
16094243
17608130
18516375
11371736
8179042
18172616
14711880
93779
16113032
4311181
16172846
14244605
842787
14428149
32037
364351
10884256
3558003
7632547
11537554
7119072
15329657
14368834
5932088
2038066
11556037
8617052
16924667
6673774
3409187
7911722
10782583
15404773
7154354
9561676
5879750
18464331
16533728
6286461
13332165
16030995
15150030
15167232
12421527
15955955
18749279
2863301
1734865
18869602
3597429
15132687
13332652
10335972
9338013
2146632
8866713
1557620
9233822
11891462
11932837
14752782
13316433
3381435
18751350
14773926
10110897
14089340
3566341
16403245
11187704
8859296
3619224
11635460
6580083
5863515
13282358
3130908
4626499
1962284
10969853
17636852
10358030
17209698
3069211
14779120
11965002
16553104
8728357
16563680
17379011
3613410
691242
19142222
15841576
8020084
5288693
14215327
6786353
6533277
13023227
1903545
538275
2877781
4363575
18136962
1061638
2730218
5520450
8487761
1164155
16117491
610833
17600761
10792314
18072635
8076526
3497905
11547900
13609664
7473405
5259176
8529369
12748686
3168262
3524816
5768730
7271240
18884661
12815129
8828302
13458317
1236342
16091987
13156505
9784568
9754187
6453244
18076922
17170363
1508969
16220598
1943028
12995667
12396292
11509166
13319803
5700101
15403206
11017921
2799523
15513306
11537480
2427787
17187773
15852883
19147761
18154357
1404807
15855580
14367102
11236482
10318991
12220023
7726318
16631951
4811365
11273554
1803779
15273961
7537406
13187233
11247942
10311651
9662451
5617336
3441215
8511692
16503445
17619953
13577833
2525064
13696637
10607308
10311352
13174122
8540523
11097995
12401547
17679646
7024985
13964719
18200703
18164342
12861241
16710254
6311466
18691164
17474429
4248618
10773087
15937027
2633598
11947096
12261853
3627413
8870575
8356641
5878432
14575718
14817389
15497354
2881122
9411265
6023961
1553039
3906008
7133633
12214358
11124092
9678535
16006234
6221463
11479227
3618158
17871066
10646070
609357
18957287
13496096
15102952
18135729
16396557
6661218
2338515
9758107
18259872
6202931
4930311
11783180
16187808
16780560
6130149
7365274
1543322
2395784
13932021
10504551
13105689
12497932
4425516
502048
10940257
11611069
13311671
19218665
4145588
3255575
12666158
14608367
2197851
2719682
12200884
9126839
5758382
6926101
11257756
4656762
3488960
3247261
10575854
15015945
748009
11371929
7179472
16260379
7294093
3016454
10673574
5355456
11813103
8584358
