11264536
17856066
12126013
15880747
11873127
14057188
7514961
1089689
12614468
13709969
753452
3858621
10194353
3719035
15552062
5932721
3378012
2814088
1804126
16608439
137697
16554140
170601
16032909
10035692
18501857
13438304
13369470
9990847
3949232
60753
11659141
7693213
10001346
18152529
16332640
11534794
7685220
8415411
6906540
13439326
3401591
19181633
459179
17742664
17393266
8226075
15126839
14946424
16722133
11777977
18502172
6301330
15113372
17137163
10120524
14397497
16827812
6667624
9103732
2409690
6557188
8609123
356074
6710307
10601154
6604343
17971672
4352739
2598110
15868041
19057307
17931347
8766780
3234977
10111986
14487060
2505971
1608172
17638900
12220456
4172013
3878800
11766473
13205446
19050023
210098
10571843
9357929
8530557
12026595
7663501
276940
4714978
9978346
700952
10012223
920174
7611445
15153504
16229167
11496968
474359
9011770
10111735
13624171
3498419
10213282
15727931
12433285
9175846
7846812
2629694
38313
10921499
7452466
17949155
15570715
2259330
1482649
264139
5694573
18433152
10041882
12425624
5349387
12822774
7033148
6838296
1236485
19180915
12412984
4030660
6665852
13967493
8764802
15985625
764260
7979537
10369266
10793975
16424829
5155759
8044029
19239629
5909507
10914478
16486934
13786195
1896856
15601240
11585832
8022784
5904310
16389409
9806940
1199241
15209816
8073658
1769564
5246166
14932428
13902452
12369496
6196901
7307906
2058649
6798104
12313441
38630
8443172
13099301
11348286
8691888
2611779
3447916
15098165
14010989
17658185
17824769
11925782
3094348
13847230
1976820
5367657
304474
10799924
12460771
13541324
2095241
16976730
5507586
17894592
12353048
7224567
15497087
15727703
9662192
3353047
5257922
5852056
15013572
10470354
2006728
13858437
2604547
16415827
17026884
2488414
9382118
4253155
18724398
514871
8639206
18488836
2467774
15757611
970690
7594153
5639169
9324474
9185253
13112363
7729585
8548091
10437275
4189362
1014560
11631357
316871
9667475
2042870
4575578
3673360
12620239
17006572
13997491
3911316
3708655
4920637
3879729
12788569
5349970
3016267
18118129
11520268
5985376
2267717
6773380
3530952
12299869
6232795
18056644
5227003
6933441
12078053
16639512
19145561
8223422
14029473
7302126
13446149
16932436
13978886
12313490
16938231
17864810
3594594
18022283
5641261
8263497
620705
2603057
1883493
15695098
18055509
16801238
18307934
2445458
10573373
4330114
228909
10780522
8149158
18490270
6981679
6696917
17527637
17658395
1567586
20474
1918395
14126207
10006468
6545132
609324
12145622
17307531
16311884
13297701
7245565
4120618
541838
5983261
9061390
19034473
9355671
17045403
13431790
5113357
3631642
3548355
13861725
8609280
6483925
15385818
14247597
12740193
8928954
14774253
15894105
660996
3335110
13608818
17504699
3263641
18061089
12454925
3363751
2060704
5336446
3303338
13211953
7083814
15948317
15380712
15189788
14578737
2785428
8517374
4430600
6252646
7802953
4902644
925219
1616239
17181642
9471323
14077594
13147437
2663055
2513300
9255984
5815335
5812675
18017696
12580886
5304516
8249638
7555460
10307728
5130665
2826222
571146
3723397
9489465
9508579
7579320
19171438
181610
12159611
1302127
8093065
1210167
14222258
17641431
3111792
4380869
6621823
9990101
6792659
9253941
8086815
16673560
977791
3860300
19068241
17699715
13147207
1755759
15206687
13433576
5060602
13351534
12987854
14326914
16372107
9493349
15341081
17475141
1523898
8927018
8769426
14270487
874460
8617434
13482487
4395214
2844065
12616155
12369716
3971196
1869299
5864453
16071439
16249909
10297663
11745345
1715183
11631074
16701465
13153116
1600270
15564661
13624272
8737200
16571226
4764660
3345856
1317014
13109105
18709003
18109545
13944962
14899143
5674387
4195915
17841290
18735265
10689756
9408865
12786670
8856153
7952945
13097179
14617772
14998687
874050
3604934
13275312
13341205
1233388
5987547
18628030
18214115
10026337
17487785
17268510
4968229
16550243
13619517
15459355
11826129
17199808
18392394
4838639
15904747
10709264
869459
5092626
10478506
6285038
5864943
7884299
16787328
10073446
1919031
1284181
17455400
18621124
11611507
16677922
17314886
4925647
11896267
11645829
5798858
17149435
13028226
4694883
11912981
10628743
14477629
9671115
7094798
18682288
8926231
17955226
12688543
6940149
15419385
14162396
5034936
14156516
11690816
10829748
8618859
6951575
18309752
3936951
14092798
7498293
4164458
6536470
7472762
7126380
6590992
5579539
14433194
11108220
18315595
2974091
5235789
3320324
17855288
12214747
7939125
11784180
17466317
9102983
5842266
1844137
18460291
11158876
10202703
10406441
2610614
1034274
4816943
4710350
10559784
252365
9084989
14136322
4082156
1929682
7332021
15042314
18756035
11914460
2674813
11335904
7776117
7479678
10903442
7966360
15364215
14590169
643128
3311761
10004367
10439045
16779811
8904546
1297929
9318879
1779811
13992791
18774524
10834895
12961835
11401902
860939
7628167
1310432
11081732
955945
10781916
16853294
4182805
18747655
14296825
13962252
6637085
10015308
7363851
9117800
10378002
10098586
13731199
6804319
3413993
12756960
1251283
18001066
11267790
8994325
11179069
11115805
11562357
13057603
597569
1602267
1835583
12991450
11616459
9351363
13431132
14398776
4368626
10298626
12644936
15633727
14075017
3711950
17223861
4886087
14320904
15516397
7827015
17881053
18434797
10676634
15341162
7079522
18965782
707476
17792684
14355092
5981639
14141712
11700067
5830634
1232196
7226618
16937339
18639776
57901
507638
3313474
400920
13202092
6510929
14609781
1483389
10574658
8739815
10867217
847907
16411542
3188783
18076091
19167150
16106472
10224056
3446277
19199486
16288547
11158273
7162402
11977064
4222370
15779436
11527558
2725320
2765121
9366203
12393451
3317398
10712319
787058
1151282
17921456
14214597
5334697
10873922
8581586
5375121
17219498
12443509
2280421
2091356
9708777
11813254
11765254
8421722
5427566
6365728
11334611
10130127
14566235
11050163
12211843
5934490
3655352
3238089
4694781
2069553
4912481
8811501
8301765
16138270
15998591
15009475
16623744
17239655
18962382
3275296
16002679
13291935
2502375
10346669
710542
16365039
4928036
5253268
15562630
9935816
218567
3397868
6446083
9110124
18052687
8875871
18165215
4838598
4394060
14476025
1378067
1107392
8651598
2196432
274320
16956450
1925284
7715568
16463470
2680820
14106104
6741058
9838152
7516310
12984973
9414274
6224304
18703621
16969982
7465945
12493717
1762008
11979570
13822576
4674404
4775783
10890738
18321435
18977512
18357818
16686305
1773624
11638149
13287038
5096768
19772
7780585
2188003
6562174
14168183
3638219
616030
2861202
15910659
2299695
4706992
13257635
13932646
12479597
2329200
11564569
17874025
4117898
18015142
5838742
343133
817113
3955987
6256319
18549729
8512104
19181360
8780431
11448270
9269692
1514903
3665087
3554310
6843614
2644736
1123804
2349793
18747402
2138815
14441640
14948000
188067
9773931
10848924
14472492
6965073
11664614
10407675
6236326
4796299
12455424
16436199
10895967
17846432
17172820
13157558
13557759
6763509
520331
3032473
7199205
13323580
8824746
11395297
18898981
4203319
7537892
7863203
6697887
3832805
12555163
1804039
12854953
2507984
2670235
7278773
13654719
17221540
12670817
17403913
11554318
2204476
15832902
9450581
18238035
15966846
3510153
16652889
215530
12099094
15241495
10451018
2240535
13554148
4559162
8566070
18760629
18697940
15838882
11960723
6182343
403000
6514626
9459042
14569475
3552917
4975488
6307236
7876880
6887151
11699720
12361051
6441115
17221096
18487349
15845430
2801979
4453192
1805417
14081855
13916050
6953340
13642639
9188966
14944137
4686322
5434082
2941536
18709145
3854828
19138108
10575983
1573943
3459856
12113667
11043361
6148923
11189074
13738643
13289777
2801143
4731499
2614732
4545938
10202357
18222234
13532253
6358819
13312271
19053152
10348322
10679167
9194851
414938
16753333
19021545
11858734
2670293
15496320
15444557
121089
6066732
4885701
6298929
8596600
7766519
13624848
960454
8171674
7791225
7166554
2065230
3874322
3927418
9434799
4095158
7550405
744058
11292286
8103993
17584561
17131689
11211082
11492160
10889415
17170061
1976606
1745338
15689693
18039600
10525976
6053961
18482714
11019868
8794473
14145656
1888933
16768256
12360148
16209810
15623597
4874346
3294127
12995793
15016202
11145279
16318503
1252584
991047
16458168
15603952
4918222
10557398
11426149
15301556
17199438
7388489
8589658
13213506
3354401
17780462
12046855
9390085
6189794
4494138
17410232
16399933
4436111
14656669
8211643
9137029
19118795
4110861
2895761
16179980
6734738
5681202
5283381
4490476
8328527
13827669
2578191
18083919
12228823
4092429
18659384
2186998
9769822
6721084
10073012
12920185
17492661
12029743
16315763
9872435
1514423
12847152
15497040
5276209
5731123
18795519
17439572
12594101
8503019
8214582
19007989
16596167
18251164
8016292
2889245
11913721
11835202
18968449
6501728
19029765
9931148
6687939
10888899
15418453
6851515
9449404
13620215
11752730
12876412
18645887
17555398
12761919
9150055
16279106
1341551
1294351
17105349
799447
6550483
2348853
17421789
13615971
2684168
6346478
11879880
5078084
8456391
8203680
2465309
17796962
11924524
2487030
10293625
2325928
17540085
8433719
11232656
8776135
7547525
8338581
15255682
2052296
12751489
8179250
3560684
5512881
17318203
