23779
0
0
0
0
0
0
0
0
0
0
0
0
0
0
0
45629
0
0
0
0
0
430466
0
0
0
0
0
0
54453
0
0
0
0
0
0
0
0
0
0
0
613787
0
0
0
0
0
0
0
0
196947
0
0
0
0
0
0
0
0
0
0
0
0
0
0
0
376295
0
0
326389
438735
0
0
0
0
0
978449
771860
0
0
0
0
0
0
0
0
0
955622
0
0
0
0
0
0
0
0
0
0
625505
0
0
613
783484
603385
185080
0
0
0
0
0
272288
0
0
0
286217
0
237403
676736
165222
576495
0
0
665147
0
0
0
261139
186027
0
0
0
0
0
653995
315215
0
0
27461
0
0
0
808171
0
0
0
0
0
0
0
0
226975
0
0
0
0
0
0
0
0
0
0
0
43145
204432
0
0
0
0
0
439981
0
0
899362
611595
0
295060
470511
0
524930
0
455130
0
0
0
0
0
0
122121
0
0
0
0
0
0
532829
408226
0
0
351713
0
0
454333
0
0
0
0
0
0
0
0
31241
0
263727
0
0
0
0
0
0
0
0
0
0
0
0
699125
233483
483114
0
0
0
0
251814
87655
0
0
0
0
0
0
0
0
0
0
0
0
0
0
0
0
0
0
0
0
0
526746
0
0
289351
0
0
0
0
0
0
843689
0
0
626311
0
45658
0
0
0
583998
0
0
0
0
0
0
0
0
0
0
0
0
0
698254
0
591631
0
0
202085
698301
0
0
0
0
0
0
0
0
433350
0
0
0
0
0
855786
0
0
0
119911
0
0
148370
0
0
0
0
0
0
128061
0
460967
0
0
0
0
0
0
889047
0
810698
570889
0
0
0
0
0
0
0
0
0
0
0
0
0
0
0
0
0
0
303494
0
0
0
105999
0
0
0
0
835939
0
0
0
0
0
0
0
0
0
0
0
0
0
0
0
0
0
0
0
0
0
0
0
0
0
0
0
0
0
117845
0
0
0
687502
0
0
0
0
0
0
0
0
965711
0
0
0
0
0
873951
937131
0
0
761601
803581
0
0
0
0
0
355365
0
0
0
0
0
0
0
0
0
0
0
0
0
0
0
0
0
0
0
0
0
0
0
0
0
0
0
0
663523
0
0
0
716321
0
0
0
0
0
0
0
0
0
78044
0
0
0
0
0
0
0
0
0
0
0
0
419667
0
0
577361
0
953301
0
0
0
0
117880
0
0
0
0
93531
0
0
0
0
328905
0
0
125703
327119
0
0
0
0
0
0
658332
405299
0
0
0
0
0
0
0
0
0
0
0
0
0
0
0
0
0
0
0
0
0
0
0
0
722611
0
0
0
0
0
0
0
0
0
0
0
0
0
582970
468161
0
0
0
0
111926
0
808624
0
788696
828234
0
0
0
0
0
0
0
0
328931
0
0
0
0
283403
0
0
0
0
0
0
0
0
0
0
0
0
0
0
242503
0
0
0
0
0
0
0
0
0
0
0
0
0
0
0
0
296385
0
0
0
0
366249
0
0
0
177727
0
0
0
0
557303
0
0
241364
0
0
0
0
0
0
739370
0
43388
0
0
0
0
653392
0
0
0
0
0
0
0
0
419991
161224
0
0
0
0
0
0
485579
0
0
0
0
0
33044
0
0
116762
0
200225
0
470310
0
0
0
0
250591
0
0
0
0
0
0
328761
0
0
0
0
0
0
0
0
0
0
499583
431177
60495
0
0
350148
0
0
0
0
0
0
0
0
0
0
786889
0
14790
0
0
265978
360710
0
0
445491
0
0
243390
0
0
0
0
0
729469
0
784623
0
0
0
0
866909
0
0
0
0
14993
0
0
0
0
590722
0
0
0
0
0
813375
0
0
330721
0
0
0
0
553985
0
0
0
342943
221653
589235
0
0
0
0
0
0
0
867617
0
0
0
149883
0
0
0
0
0
0
0
718612
0
97529
0
0
0
0
389114
0
90094
528208
0
0
0
0
0
0
935404
0
953026
0
0
0
0
506881
0
0
0
180383
0
0
0
0
0
0
0
0
137025
0
0
0
405369
0
0
0
0
0
479645
0
0
0
0
0
0
67628
0
0
0
0
0
304275
0
0
0
0
0
0
101850
0
0
0
0
0
0
0
568533
852185
0
0
566555
0
0
0
0
0
0
0
0
0
77905
0
0
0
679213
0
0
0
39765
40335
0
0
0
0
907871
379964
0
0
0
0
0
0
0
0
0
0
0
0
948205
0
0
0
0
0
0
325023
0
29318
20237
0
0
308249
14138
112779
0
0
0
0
0
0
0
0
0
0
440228
52120
0
0
0
0
0
128547
0
133594
0
362602
665631
0
0
282523
0
0
0
0
0
0
0
0
0
239788
0
0
0
0
0
0
245186
0
170587
0
0
0
0
0
0
0
0
772112
0
0
0
61021
0
844973
181857
0
494903
0
0
0
0
0
0
0
0
78294
0
0
0
0
0
0
0
0
0
0
0
259441
0
